2012.10.02 11:46 B D:\webservice-albrecht\altmuehlsee-portal\public_html\images\unterkuenfte\big\.htaccess <-- brombachsee.de /public_html/images/unterkuenfte/big .htaccess
2012.10.02 11:46 B D:\webservice-albrecht\altmuehlsee-portal\public_html\images\unterkuenfte\big\100_1189493448_1.jpg <-- brombachsee.de /public_html/images/unterkuenfte/big 100_1189493448_1.jpg
2012.10.02 11:46 B D:\webservice-albrecht\altmuehlsee-portal\public_html\images\unterkuenfte\big\101_1190790454_1.jpg <-- brombachsee.de /public_html/images/unterkuenfte/big 101_1190790454_1.jpg
2012.10.02 11:46 B D:\webservice-albrecht\altmuehlsee-portal\public_html\images\unterkuenfte\big\102_1192000959_1.jpg <-- brombachsee.de /public_html/images/unterkuenfte/big 102_1192000959_1.jpg
2012.10.02 11:46 B D:\webservice-albrecht\altmuehlsee-portal\public_html\images\unterkuenfte\big\104_1200411009_0.jpg <-- brombachsee.de /public_html/images/unterkuenfte/big 104_1200411009_0.jpg
2012.10.02 11:46 B D:\webservice-albrecht\altmuehlsee-portal\public_html\images\unterkuenfte\big\105_1200475131_0.jpg <-- brombachsee.de /public_html/images/unterkuenfte/big 105_1200475131_0.jpg
2012.10.02 11:46 B D:\webservice-albrecht\altmuehlsee-portal\public_html\images\unterkuenfte\big\113_1212475816_1.jpg <-- brombachsee.de /public_html/images/unterkuenfte/big 113_1212475816_1.jpg
2012.10.02 11:46 B D:\webservice-albrecht\altmuehlsee-portal\public_html\images\unterkuenfte\big\113_1212484857_3.jpg <-- brombachsee.de /public_html/images/unterkuenfte/big 113_1212484857_3.jpg
2012.10.02 11:46 B D:\webservice-albrecht\altmuehlsee-portal\public_html\images\unterkuenfte\big\113_1247206538_6.jpg <-- brombachsee.de /public_html/images/unterkuenfte/big 113_1247206538_6.jpg
2012.10.02 11:46 B D:\webservice-albrecht\altmuehlsee-portal\public_html\images\unterkuenfte\big\113_1328685734_7.jpg <-- brombachsee.de /public_html/images/unterkuenfte/big 113_1328685734_7.jpg
2012.10.02 11:46 B D:\webservice-albrecht\altmuehlsee-portal\public_html\images\unterkuenfte\big\116_1217320714_0.jpg <-- brombachsee.de /public_html/images/unterkuenfte/big 116_1217320714_0.jpg
2012.10.02 11:46 B D:\webservice-albrecht\altmuehlsee-portal\public_html\images\unterkuenfte\big\117_1217425449_0.jpg <-- brombachsee.de /public_html/images/unterkuenfte/big 117_1217425449_0.jpg
2012.10.02 11:46 B D:\webservice-albrecht\altmuehlsee-portal\public_html\images\unterkuenfte\big\11_1180086961_1.jpg <-- brombachsee.de /public_html/images/unterkuenfte/big 11_1180086961_1.jpg
2012.10.02 11:46 B D:\webservice-albrecht\altmuehlsee-portal\public_html\images\unterkuenfte\big\128_1264784957_11.jpg <-- brombachsee.de /public_html/images/unterkuenfte/big 128_1264784957_11.jpg
2012.10.02 11:46 B D:\webservice-albrecht\altmuehlsee-portal\public_html\images\unterkuenfte\big\128_1264785012_12.jpg <-- brombachsee.de /public_html/images/unterkuenfte/big 128_1264785012_12.jpg
2012.10.02 11:46 B D:\webservice-albrecht\altmuehlsee-portal\public_html\images\unterkuenfte\big\128_1264785059_15.jpg <-- brombachsee.de /public_html/images/unterkuenfte/big 128_1264785059_15.jpg
2012.10.02 11:46 B D:\webservice-albrecht\altmuehlsee-portal\public_html\images\unterkuenfte\big\128_1266322403_16.jpg <-- brombachsee.de /public_html/images/unterkuenfte/big 128_1266322403_16.jpg
2012.10.02 11:46 B D:\webservice-albrecht\altmuehlsee-portal\public_html\images\unterkuenfte\big\128_1304359799_17.jpg <-- brombachsee.de /public_html/images/unterkuenfte/big 128_1304359799_17.jpg
2012.10.02 11:46 B D:\webservice-albrecht\altmuehlsee-portal\public_html\images\unterkuenfte\big\130_1244455871_1.jpg <-- brombachsee.de /public_html/images/unterkuenfte/big 130_1244455871_1.jpg
2012.10.02 11:46 B D:\webservice-albrecht\altmuehlsee-portal\public_html\images\unterkuenfte\big\130_1245828880_12.jpg <-- brombachsee.de /public_html/images/unterkuenfte/big 130_1245828880_12.jpg
2012.10.02 11:46 B D:\webservice-albrecht\altmuehlsee-portal\public_html\images\unterkuenfte\big\130_1245828904_13.jpg <-- brombachsee.de /public_html/images/unterkuenfte/big 130_1245828904_13.jpg
2012.10.02 11:46 B D:\webservice-albrecht\altmuehlsee-portal\public_html\images\unterkuenfte\big\130_1245828964_14.jpg <-- brombachsee.de /public_html/images/unterkuenfte/big 130_1245828964_14.jpg
2012.10.02 11:46 B D:\webservice-albrecht\altmuehlsee-portal\public_html\images\unterkuenfte\big\130_1245828998_15.jpg <-- brombachsee.de /public_html/images/unterkuenfte/big 130_1245828998_15.jpg
2012.10.02 11:46 B D:\webservice-albrecht\altmuehlsee-portal\public_html\images\unterkuenfte\big\131_1245149026_1.jpg <-- brombachsee.de /public_html/images/unterkuenfte/big 131_1245149026_1.jpg
2012.10.02 11:46 B D:\webservice-albrecht\altmuehlsee-portal\public_html\images\unterkuenfte\big\133_1246608474_1.jpg <-- brombachsee.de /public_html/images/unterkuenfte/big 133_1246608474_1.jpg
2012.10.02 11:46 B D:\webservice-albrecht\altmuehlsee-portal\public_html\images\unterkuenfte\big\135_1248163606_1.jpg <-- brombachsee.de /public_html/images/unterkuenfte/big 135_1248163606_1.jpg
2012.10.02 11:46 B D:\webservice-albrecht\altmuehlsee-portal\public_html\images\unterkuenfte\big\135_1248164995_2.jpg <-- brombachsee.de /public_html/images/unterkuenfte/big 135_1248164995_2.jpg
2012.10.02 11:46 B D:\webservice-albrecht\altmuehlsee-portal\public_html\images\unterkuenfte\big\135_1248165220_3.jpg <-- brombachsee.de /public_html/images/unterkuenfte/big 135_1248165220_3.jpg
2012.10.02 11:46 B D:\webservice-albrecht\altmuehlsee-portal\public_html\images\unterkuenfte\big\135_1248165220_4.jpg <-- brombachsee.de /public_html/images/unterkuenfte/big 135_1248165220_4.jpg
2012.10.02 11:46 B D:\webservice-albrecht\altmuehlsee-portal\public_html\images\unterkuenfte\big\135_1248165220_5.jpg <-- brombachsee.de /public_html/images/unterkuenfte/big 135_1248165220_5.jpg
2012.10.02 11:46 B D:\webservice-albrecht\altmuehlsee-portal\public_html\images\unterkuenfte\big\145_1305879683_1.jpg <-- brombachsee.de /public_html/images/unterkuenfte/big 145_1305879683_1.jpg
2012.10.02 11:46 B D:\webservice-albrecht\altmuehlsee-portal\public_html\images\unterkuenfte\big\147_1330515102_1.jpg <-- brombachsee.de /public_html/images/unterkuenfte/big 147_1330515102_1.jpg
2012.10.02 11:46 B D:\webservice-albrecht\altmuehlsee-portal\public_html\images\unterkuenfte\big\14_1180086961_1.jpg <-- brombachsee.de /public_html/images/unterkuenfte/big 14_1180086961_1.jpg
2012.10.02 11:46 B D:\webservice-albrecht\altmuehlsee-portal\public_html\images\unterkuenfte\big\150_1324372225_1.jpg <-- brombachsee.de /public_html/images/unterkuenfte/big 150_1324372225_1.jpg
2012.10.02 11:46 B D:\webservice-albrecht\altmuehlsee-portal\public_html\images\unterkuenfte\big\151_1330069786_1.jpg <-- brombachsee.de /public_html/images/unterkuenfte/big 151_1330069786_1.jpg
2012.10.02 11:46 B D:\webservice-albrecht\altmuehlsee-portal\public_html\images\unterkuenfte\big\153_1333640171_0.jpg <-- brombachsee.de /public_html/images/unterkuenfte/big 153_1333640171_0.jpg
2012.10.02 11:46 B D:\webservice-albrecht\altmuehlsee-portal\public_html\images\unterkuenfte\big\155_1335343733_1.jpg <-- brombachsee.de /public_html/images/unterkuenfte/big 155_1335343733_1.jpg
2012.10.02 11:46 B D:\webservice-albrecht\altmuehlsee-portal\public_html\images\unterkuenfte\big\16_1182159228_1.jpg <-- brombachsee.de /public_html/images/unterkuenfte/big 16_1182159228_1.jpg
2012.10.02 11:46 B D:\webservice-albrecht\altmuehlsee-portal\public_html\images\unterkuenfte\big\17_1180086961_1.jpg <-- brombachsee.de /public_html/images/unterkuenfte/big 17_1180086961_1.jpg
2012.10.02 11:46 B D:\webservice-albrecht\altmuehlsee-portal\public_html\images\unterkuenfte\big\18_1278923489_1.jpg <-- brombachsee.de /public_html/images/unterkuenfte/big 18_1278923489_1.jpg
2012.10.02 11:46 B D:\webservice-albrecht\altmuehlsee-portal\public_html\images\unterkuenfte\big\19_1180086961_1.jpg <-- brombachsee.de /public_html/images/unterkuenfte/big 19_1180086961_1.jpg
2012.10.02 11:46 B D:\webservice-albrecht\altmuehlsee-portal\public_html\images\unterkuenfte\big\20_1180086961_1.jpg <-- brombachsee.de /public_html/images/unterkuenfte/big 20_1180086961_1.jpg
2012.10.02 11:46 B D:\webservice-albrecht\altmuehlsee-portal\public_html\images\unterkuenfte\big\21_1180086961_1.jpg <-- brombachsee.de /public_html/images/unterkuenfte/big 21_1180086961_1.jpg
2012.10.02 11:46 B D:\webservice-albrecht\altmuehlsee-portal\public_html\images\unterkuenfte\big\22_1310122589_1.jpg <-- brombachsee.de /public_html/images/unterkuenfte/big 22_1310122589_1.jpg
2012.10.02 11:46 B D:\webservice-albrecht\altmuehlsee-portal\public_html\images\unterkuenfte\big\22_1310122589_2.jpg <-- brombachsee.de /public_html/images/unterkuenfte/big 22_1310122589_2.jpg
2012.10.02 11:46 B D:\webservice-albrecht\altmuehlsee-portal\public_html\images\unterkuenfte\big\22_1310122589_4.jpg <-- brombachsee.de /public_html/images/unterkuenfte/big 22_1310122589_4.jpg
2012.10.02 11:46 B D:\webservice-albrecht\altmuehlsee-portal\public_html\images\unterkuenfte\big\22_1310122589_5.jpg <-- brombachsee.de /public_html/images/unterkuenfte/big 22_1310122589_5.jpg
2012.10.02 11:46 B D:\webservice-albrecht\altmuehlsee-portal\public_html\images\unterkuenfte\big\22_1328772726_6.jpg <-- brombachsee.de /public_html/images/unterkuenfte/big 22_1328772726_6.jpg
2012.10.02 11:46 B D:\webservice-albrecht\altmuehlsee-portal\public_html\images\unterkuenfte\big\23_1337850886_14.jpg <-- brombachsee.de /public_html/images/unterkuenfte/big 23_1337850886_14.jpg
2012.10.02 11:46 B D:\webservice-albrecht\altmuehlsee-portal\public_html\images\unterkuenfte\big\23_1337850886_15.jpg <-- brombachsee.de /public_html/images/unterkuenfte/big 23_1337850886_15.jpg
2012.10.02 11:46 B D:\webservice-albrecht\altmuehlsee-portal\public_html\images\unterkuenfte\big\23_1337850886_16.jpg <-- brombachsee.de /public_html/images/unterkuenfte/big 23_1337850886_16.jpg
2012.10.02 11:46 B D:\webservice-albrecht\altmuehlsee-portal\public_html\images\unterkuenfte\big\23_1337850920_17.jpg <-- brombachsee.de /public_html/images/unterkuenfte/big 23_1337850920_17.jpg
2012.10.02 11:46 B D:\webservice-albrecht\altmuehlsee-portal\public_html\images\unterkuenfte\big\23_1337850960_18.jpg <-- brombachsee.de /public_html/images/unterkuenfte/big 23_1337850960_18.jpg
2012.10.02 11:46 B D:\webservice-albrecht\altmuehlsee-portal\public_html\images\unterkuenfte\big\24_1180086961_1.jpg <-- brombachsee.de /public_html/images/unterkuenfte/big 24_1180086961_1.jpg
2012.10.02 11:46 B D:\webservice-albrecht\altmuehlsee-portal\public_html\images\unterkuenfte\big\25_1183708853_1.jpg <-- brombachsee.de /public_html/images/unterkuenfte/big 25_1183708853_1.jpg
2012.10.02 11:46 B D:\webservice-albrecht\altmuehlsee-portal\public_html\images\unterkuenfte\big\26_1180086961_1.jpg <-- brombachsee.de /public_html/images/unterkuenfte/big 26_1180086961_1.jpg
2012.10.02 11:46 B D:\webservice-albrecht\altmuehlsee-portal\public_html\images\unterkuenfte\big\27_1180086961_1.jpg <-- brombachsee.de /public_html/images/unterkuenfte/big 27_1180086961_1.jpg
2012.10.02 11:46 B D:\webservice-albrecht\altmuehlsee-portal\public_html\images\unterkuenfte\big\29_1180086961_1.jpg <-- brombachsee.de /public_html/images/unterkuenfte/big 29_1180086961_1.jpg
2012.10.02 11:46 B D:\webservice-albrecht\altmuehlsee-portal\public_html\images\unterkuenfte\big\30_1231925934_1.jpg <-- brombachsee.de /public_html/images/unterkuenfte/big 30_1231925934_1.jpg
2012.10.02 11:46 B D:\webservice-albrecht\altmuehlsee-portal\public_html\images\unterkuenfte\big\31_1180086961_1.jpg <-- brombachsee.de /public_html/images/unterkuenfte/big 31_1180086961_1.jpg
2012.10.02 11:46 B D:\webservice-albrecht\altmuehlsee-portal\public_html\images\unterkuenfte\big\32_1182324155_1.jpg <-- brombachsee.de /public_html/images/unterkuenfte/big 32_1182324155_1.jpg
2012.10.02 11:46 B D:\webservice-albrecht\altmuehlsee-portal\public_html\images\unterkuenfte\big\34_1180086961_1.jpg <-- brombachsee.de /public_html/images/unterkuenfte/big 34_1180086961_1.jpg
2012.10.02 11:46 B D:\webservice-albrecht\altmuehlsee-portal\public_html\images\unterkuenfte\big\35_1180086961_1.jpg <-- brombachsee.de /public_html/images/unterkuenfte/big 35_1180086961_1.jpg
2012.10.02 11:46 B D:\webservice-albrecht\altmuehlsee-portal\public_html\images\unterkuenfte\big\37_1180086961_1.jpg <-- brombachsee.de /public_html/images/unterkuenfte/big 37_1180086961_1.jpg
2012.10.02 11:46 B D:\webservice-albrecht\altmuehlsee-portal\public_html\images\unterkuenfte\big\40_1180086961_1.jpg <-- brombachsee.de /public_html/images/unterkuenfte/big 40_1180086961_1.jpg
2012.10.02 11:46 B D:\webservice-albrecht\altmuehlsee-portal\public_html\images\unterkuenfte\big\42_1180086961_1.jpg <-- brombachsee.de /public_html/images/unterkuenfte/big 42_1180086961_1.jpg
2012.10.02 11:46 B D:\webservice-albrecht\altmuehlsee-portal\public_html\images\unterkuenfte\big\47_1180086961_1.jpg <-- brombachsee.de /public_html/images/unterkuenfte/big 47_1180086961_1.jpg
2012.10.02 11:46 B D:\webservice-albrecht\altmuehlsee-portal\public_html\images\unterkuenfte\big\47_1341343470_3.jpg <-- brombachsee.de /public_html/images/unterkuenfte/big 47_1341343470_3.jpg
2012.10.02 11:46 B D:\webservice-albrecht\altmuehlsee-portal\public_html\images\unterkuenfte\big\49_1192781083_2.jpg <-- brombachsee.de /public_html/images/unterkuenfte/big 49_1192781083_2.jpg
2012.10.02 11:46 B D:\webservice-albrecht\altmuehlsee-portal\public_html\images\unterkuenfte\big\49_1211178141_3.jpg <-- brombachsee.de /public_html/images/unterkuenfte/big 49_1211178141_3.jpg
2012.10.02 11:46 B D:\webservice-albrecht\altmuehlsee-portal\public_html\images\unterkuenfte\big\49_1211178241_4.jpg <-- brombachsee.de /public_html/images/unterkuenfte/big 49_1211178241_4.jpg
2012.10.02 11:46 B D:\webservice-albrecht\altmuehlsee-portal\public_html\images\unterkuenfte\big\49_1211178511_5.jpg <-- brombachsee.de /public_html/images/unterkuenfte/big 49_1211178511_5.jpg
2012.10.02 11:46 B D:\webservice-albrecht\altmuehlsee-portal\public_html\images\unterkuenfte\big\49_1233074848_6.jpg <-- brombachsee.de /public_html/images/unterkuenfte/big 49_1233074848_6.jpg
2012.10.02 11:46 B D:\webservice-albrecht\altmuehlsee-portal\public_html\images\unterkuenfte\big\50_1196413870_1.jpg <-- brombachsee.de /public_html/images/unterkuenfte/big 50_1196413870_1.jpg
2012.10.02 11:46 B D:\webservice-albrecht\altmuehlsee-portal\public_html\images\unterkuenfte\big\50_1212939934_5.jpg <-- brombachsee.de /public_html/images/unterkuenfte/big 50_1212939934_5.jpg
2012.10.02 11:46 B D:\webservice-albrecht\altmuehlsee-portal\public_html\images\unterkuenfte\big\50_1212940323_6.jpg <-- brombachsee.de /public_html/images/unterkuenfte/big 50_1212940323_6.jpg
2012.10.02 11:46 B D:\webservice-albrecht\altmuehlsee-portal\public_html\images\unterkuenfte\big\50_1212940455_7.jpg <-- brombachsee.de /public_html/images/unterkuenfte/big 50_1212940455_7.jpg
2012.10.02 11:46 B D:\webservice-albrecht\altmuehlsee-portal\public_html\images\unterkuenfte\big\51_1180086961_1.jpg <-- brombachsee.de /public_html/images/unterkuenfte/big 51_1180086961_1.jpg
2012.10.02 11:46 B D:\webservice-albrecht\altmuehlsee-portal\public_html\images\unterkuenfte\big\55_1180086961_1.jpg <-- brombachsee.de /public_html/images/unterkuenfte/big 55_1180086961_1.jpg
2012.10.02 11:46 B D:\webservice-albrecht\altmuehlsee-portal\public_html\images\unterkuenfte\big\57_1180086961_1.jpg <-- brombachsee.de /public_html/images/unterkuenfte/big 57_1180086961_1.jpg
2012.10.02 11:46 B D:\webservice-albrecht\altmuehlsee-portal\public_html\images\unterkuenfte\big\57_1335294731_2.jpg <-- brombachsee.de /public_html/images/unterkuenfte/big 57_1335294731_2.jpg
2012.10.02 11:46 B D:\webservice-albrecht\altmuehlsee-portal\public_html\images\unterkuenfte\big\57_1335294731_3.jpg <-- brombachsee.de /public_html/images/unterkuenfte/big 57_1335294731_3.jpg
2012.10.02 11:46 B D:\webservice-albrecht\altmuehlsee-portal\public_html\images\unterkuenfte\big\57_1335294731_4.jpg <-- brombachsee.de /public_html/images/unterkuenfte/big 57_1335294731_4.jpg
2012.10.02 11:46 B D:\webservice-albrecht\altmuehlsee-portal\public_html\images\unterkuenfte\big\59_1180086961_1.jpg <-- brombachsee.de /public_html/images/unterkuenfte/big 59_1180086961_1.jpg
2012.10.02 11:46 B D:\webservice-albrecht\altmuehlsee-portal\public_html\images\unterkuenfte\big\60_1258103089_1.jpg <-- brombachsee.de /public_html/images/unterkuenfte/big 60_1258103089_1.jpg
2012.10.02 11:46 B D:\webservice-albrecht\altmuehlsee-portal\public_html\images\unterkuenfte\big\62_1182325490_1.jpg <-- brombachsee.de /public_html/images/unterkuenfte/big 62_1182325490_1.jpg
2012.10.02 11:46 B D:\webservice-albrecht\altmuehlsee-portal\public_html\images\unterkuenfte\big\64_1182415608_0.jpg <-- brombachsee.de /public_html/images/unterkuenfte/big 64_1182415608_0.jpg
2012.10.02 11:46 B D:\webservice-albrecht\altmuehlsee-portal\public_html\images\unterkuenfte\big\65_1182416083_0.jpg <-- brombachsee.de /public_html/images/unterkuenfte/big 65_1182416083_0.jpg
2012.10.02 11:46 B D:\webservice-albrecht\altmuehlsee-portal\public_html\images\unterkuenfte\big\65_1182416083_1.jpg <-- brombachsee.de /public_html/images/unterkuenfte/big 65_1182416083_1.jpg
2012.10.02 11:46 B D:\webservice-albrecht\altmuehlsee-portal\public_html\images\unterkuenfte\big\65_1182416083_2.jpg <-- brombachsee.de /public_html/images/unterkuenfte/big 65_1182416083_2.jpg
2012.10.02 11:46 B D:\webservice-albrecht\altmuehlsee-portal\public_html\images\unterkuenfte\big\65_1182416083_3.jpg <-- brombachsee.de /public_html/images/unterkuenfte/big 65_1182416083_3.jpg
2012.10.02 11:46 B D:\webservice-albrecht\altmuehlsee-portal\public_html\images\unterkuenfte\big\65_1182416083_4.jpg <-- brombachsee.de /public_html/images/unterkuenfte/big 65_1182416083_4.jpg
2012.10.02 11:46 B D:\webservice-albrecht\altmuehlsee-portal\public_html\images\unterkuenfte\big\78_1183625677_1.jpg <-- brombachsee.de /public_html/images/unterkuenfte/big 78_1183625677_1.jpg
2012.10.02 11:46 B D:\webservice-albrecht\altmuehlsee-portal\public_html\images\unterkuenfte\big\79_1182937141_1.jpg <-- brombachsee.de /public_html/images/unterkuenfte/big 79_1182937141_1.jpg
2012.10.02 11:46 B D:\webservice-albrecht\altmuehlsee-portal\public_html\images\unterkuenfte\big\80_1183102701_1.jpg <-- brombachsee.de /public_html/images/unterkuenfte/big 80_1183102701_1.jpg
2012.10.02 11:46 B D:\webservice-albrecht\altmuehlsee-portal\public_html\images\unterkuenfte\big\81_1334059350_1.jpg <-- brombachsee.de /public_html/images/unterkuenfte/big 81_1334059350_1.jpg
2012.10.02 11:46 B D:\webservice-albrecht\altmuehlsee-portal\public_html\images\unterkuenfte\big\81_1334059379_2.jpg <-- brombachsee.de /public_html/images/unterkuenfte/big 81_1334059379_2.jpg
2012.10.02 11:46 B D:\webservice-albrecht\altmuehlsee-portal\public_html\images\unterkuenfte\big\81_1334059706_3.jpg <-- brombachsee.de /public_html/images/unterkuenfte/big 81_1334059706_3.jpg
2012.10.02 11:46 B D:\webservice-albrecht\altmuehlsee-portal\public_html\images\unterkuenfte\big\81_1334059753_4.jpg <-- brombachsee.de /public_html/images/unterkuenfte/big 81_1334059753_4.jpg
2012.10.02 11:46 B D:\webservice-albrecht\altmuehlsee-portal\public_html\images\unterkuenfte\big\81_1334059967_5.jpg <-- brombachsee.de /public_html/images/unterkuenfte/big 81_1334059967_5.jpg
2012.10.02 11:46 B D:\webservice-albrecht\altmuehlsee-portal\public_html\images\unterkuenfte\big\89_1183448535_1.jpg <-- brombachsee.de /public_html/images/unterkuenfte/big 89_1183448535_1.jpg
2012.10.02 11:46 B D:\webservice-albrecht\altmuehlsee-portal\public_html\images\unterkuenfte\big\95_1258013702_1.jpg <-- brombachsee.de /public_html/images/unterkuenfte/big 95_1258013702_1.jpg
2012.10.02 11:46 B D:\webservice-albrecht\altmuehlsee-portal\public_html\images\unterkuenfte\big\97_1185542149_1.jpg <-- brombachsee.de /public_html/images/unterkuenfte/big 97_1185542149_1.jpg
2012.10.02 11:46 B D:\webservice-albrecht\altmuehlsee-portal\public_html\images\unterkuenfte\big\98_1187351645_1.jpg <-- brombachsee.de /public_html/images/unterkuenfte/big 98_1187351645_1.jpg
2012.10.02 12:23 B D:\webservice-albrecht\altmuehlsee-portal\test\images\unterkuenfte\big\.htaccess --> altmuehlsee-portal.com /public_html/test/images/unterkuenfte/big .htaccess
2012.10.02 12:23 B D:\webservice-albrecht\altmuehlsee-portal\test\images\unterkuenfte\big\100_1189493448_1.jpg --> altmuehlsee-portal.com /public_html/test/images/unterkuenfte/big 100_1189493448_1.jpg
2012.10.02 12:23 B D:\webservice-albrecht\altmuehlsee-portal\test\images\unterkuenfte\big\101_1190790454_1.jpg --> altmuehlsee-portal.com /public_html/test/images/unterkuenfte/big 101_1190790454_1.jpg
2012.10.02 12:23 B D:\webservice-albrecht\altmuehlsee-portal\test\images\unterkuenfte\big\102_1192000959_1.jpg --> altmuehlsee-portal.com /public_html/test/images/unterkuenfte/big 102_1192000959_1.jpg
2012.10.02 12:23 B D:\webservice-albrecht\altmuehlsee-portal\test\images\unterkuenfte\big\104_1200411009_0.jpg --> altmuehlsee-portal.com /public_html/test/images/unterkuenfte/big 104_1200411009_0.jpg
2012.10.02 12:23 B D:\webservice-albrecht\altmuehlsee-portal\test\images\unterkuenfte\big\105_1200475131_0.jpg --> altmuehlsee-portal.com /public_html/test/images/unterkuenfte/big 105_1200475131_0.jpg
2012.10.02 12:23 B D:\webservice-albrecht\altmuehlsee-portal\test\images\unterkuenfte\big\113_1212475816_1.jpg --> altmuehlsee-portal.com /public_html/test/images/unterkuenfte/big 113_1212475816_1.jpg
2012.10.02 12:23 B D:\webservice-albrecht\altmuehlsee-portal\test\images\unterkuenfte\big\113_1212484857_3.jpg --> altmuehlsee-portal.com /public_html/test/images/unterkuenfte/big 113_1212484857_3.jpg
2012.10.02 12:23 B D:\webservice-albrecht\altmuehlsee-portal\test\images\unterkuenfte\big\113_1247206538_6.jpg --> altmuehlsee-portal.com /public_html/test/images/unterkuenfte/big 113_1247206538_6.jpg
2012.10.02 12:23 B D:\webservice-albrecht\altmuehlsee-portal\test\images\unterkuenfte\big\113_1328685734_7.jpg --> altmuehlsee-portal.com /public_html/test/images/unterkuenfte/big 113_1328685734_7.jpg
2012.10.02 12:24 B D:\webservice-albrecht\altmuehlsee-portal\test\images\unterkuenfte\big\116_1217320714_0.jpg --> altmuehlsee-portal.com /public_html/test/images/unterkuenfte/big 116_1217320714_0.jpg
2012.10.02 12:24 B D:\webservice-albrecht\altmuehlsee-portal\test\images\unterkuenfte\big\117_1217425449_0.jpg --> altmuehlsee-portal.com /public_html/test/images/unterkuenfte/big 117_1217425449_0.jpg
2012.10.02 12:24 B D:\webservice-albrecht\altmuehlsee-portal\test\images\unterkuenfte\big\11_1180086961_1.jpg --> altmuehlsee-portal.com /public_html/test/images/unterkuenfte/big 11_1180086961_1.jpg
2012.10.02 12:24 B D:\webservice-albrecht\altmuehlsee-portal\test\images\unterkuenfte\big\128_1264784957_11.jpg --> altmuehlsee-portal.com /public_html/test/images/unterkuenfte/big 128_1264784957_11.jpg
2012.10.02 12:24 B D:\webservice-albrecht\altmuehlsee-portal\test\images\unterkuenfte\big\128_1264785012_12.jpg --> altmuehlsee-portal.com /public_html/test/images/unterkuenfte/big 128_1264785012_12.jpg
2012.10.02 12:24 B D:\webservice-albrecht\altmuehlsee-portal\test\images\unterkuenfte\big\128_1264785059_15.jpg --> altmuehlsee-portal.com /public_html/test/images/unterkuenfte/big 128_1264785059_15.jpg
2012.10.02 12:24 B D:\webservice-albrecht\altmuehlsee-portal\test\images\unterkuenfte\big\128_1266322403_16.jpg --> altmuehlsee-portal.com /public_html/test/images/unterkuenfte/big 128_1266322403_16.jpg
2012.10.02 12:24 B D:\webservice-albrecht\altmuehlsee-portal\test\images\unterkuenfte\big\128_1304359799_17.jpg --> altmuehlsee-portal.com /public_html/test/images/unterkuenfte/big 128_1304359799_17.jpg
2012.10.02 12:24 B D:\webservice-albrecht\altmuehlsee-portal\test\images\unterkuenfte\big\130_1244455871_1.jpg --> altmuehlsee-portal.com /public_html/test/images/unterkuenfte/big 130_1244455871_1.jpg
2012.10.02 12:24 B D:\webservice-albrecht\altmuehlsee-portal\test\images\unterkuenfte\big\130_1245828880_12.jpg --> altmuehlsee-portal.com /public_html/test/images/unterkuenfte/big 130_1245828880_12.jpg
2012.10.02 12:24 B D:\webservice-albrecht\altmuehlsee-portal\test\images\unterkuenfte\big\130_1245828904_13.jpg --> altmuehlsee-portal.com /public_html/test/images/unterkuenfte/big 130_1245828904_13.jpg
2012.10.02 12:24 B D:\webservice-albrecht\altmuehlsee-portal\test\images\unterkuenfte\big\130_1245828964_14.jpg --> altmuehlsee-portal.com /public_html/test/images/unterkuenfte/big 130_1245828964_14.jpg
2012.10.02 12:24 B D:\webservice-albrecht\altmuehlsee-portal\test\images\unterkuenfte\big\130_1245828998_15.jpg --> altmuehlsee-portal.com /public_html/test/images/unterkuenfte/big 130_1245828998_15.jpg
2012.10.02 12:24 B D:\webservice-albrecht\altmuehlsee-portal\test\images\unterkuenfte\big\131_1245149026_1.jpg --> altmuehlsee-portal.com /public_html/test/images/unterkuenfte/big 131_1245149026_1.jpg
2012.10.02 12:24 B D:\webservice-albrecht\altmuehlsee-portal\test\images\unterkuenfte\big\133_1246608474_1.jpg --> altmuehlsee-portal.com /public_html/test/images/unterkuenfte/big 133_1246608474_1.jpg
2012.10.02 12:24 B D:\webservice-albrecht\altmuehlsee-portal\test\images\unterkuenfte\big\135_1248163606_1.jpg --> altmuehlsee-portal.com /public_html/test/images/unterkuenfte/big 135_1248163606_1.jpg
2012.10.02 12:24 B D:\webservice-albrecht\altmuehlsee-portal\test\images\unterkuenfte\big\135_1248164995_2.jpg --> altmuehlsee-portal.com /public_html/test/images/unterkuenfte/big 135_1248164995_2.jpg
2012.10.02 12:24 B D:\webservice-albrecht\altmuehlsee-portal\test\images\unterkuenfte\big\135_1248165220_3.jpg --> altmuehlsee-portal.com /public_html/test/images/unterkuenfte/big 135_1248165220_3.jpg
2012.10.02 12:24 B D:\webservice-albrecht\altmuehlsee-portal\test\images\unterkuenfte\big\135_1248165220_4.jpg --> altmuehlsee-portal.com /public_html/test/images/unterkuenfte/big 135_1248165220_4.jpg
2012.10.02 12:24 B D:\webservice-albrecht\altmuehlsee-portal\test\images\unterkuenfte\big\135_1248165220_5.jpg --> altmuehlsee-portal.com /public_html/test/images/unterkuenfte/big 135_1248165220_5.jpg
2012.10.02 12:24 B D:\webservice-albrecht\altmuehlsee-portal\test\images\unterkuenfte\big\145_1305879683_1.jpg --> altmuehlsee-portal.com /public_html/test/images/unterkuenfte/big 145_1305879683_1.jpg
2012.10.02 12:24 B D:\webservice-albrecht\altmuehlsee-portal\test\images\unterkuenfte\big\147_1330515102_1.jpg --> altmuehlsee-portal.com /public_html/test/images/unterkuenfte/big 147_1330515102_1.jpg
2012.10.02 12:24 B D:\webservice-albrecht\altmuehlsee-portal\test\images\unterkuenfte\big\14_1180086961_1.jpg --> altmuehlsee-portal.com /public_html/test/images/unterkuenfte/big 14_1180086961_1.jpg
2012.10.02 12:24 B D:\webservice-albrecht\altmuehlsee-portal\test\images\unterkuenfte\big\150_1324372225_1.jpg --> altmuehlsee-portal.com /public_html/test/images/unterkuenfte/big 150_1324372225_1.jpg
2012.10.02 12:24 B D:\webservice-albrecht\altmuehlsee-portal\test\images\unterkuenfte\big\151_1330069786_1.jpg --> altmuehlsee-portal.com /public_html/test/images/unterkuenfte/big 151_1330069786_1.jpg
2012.10.02 12:24 B D:\webservice-albrecht\altmuehlsee-portal\test\images\unterkuenfte\big\153_1333640171_0.jpg --> altmuehlsee-portal.com /public_html/test/images/unterkuenfte/big 153_1333640171_0.jpg
2012.10.02 12:24 B D:\webservice-albrecht\altmuehlsee-portal\test\images\unterkuenfte\big\155_1335343733_1.jpg --> altmuehlsee-portal.com /public_html/test/images/unterkuenfte/big 155_1335343733_1.jpg
2012.10.02 12:24 B D:\webservice-albrecht\altmuehlsee-portal\test\images\unterkuenfte\big\16_1182159228_1.jpg --> altmuehlsee-portal.com /public_html/test/images/unterkuenfte/big 16_1182159228_1.jpg
2012.10.02 12:24 B D:\webservice-albrecht\altmuehlsee-portal\test\images\unterkuenfte\big\17_1180086961_1.jpg --> altmuehlsee-portal.com /public_html/test/images/unterkuenfte/big 17_1180086961_1.jpg
2012.10.02 12:24 B D:\webservice-albrecht\altmuehlsee-portal\test\images\unterkuenfte\big\18_1278923489_1.jpg --> altmuehlsee-portal.com /public_html/test/images/unterkuenfte/big 18_1278923489_1.jpg
2012.10.02 12:24 B D:\webservice-albrecht\altmuehlsee-portal\test\images\unterkuenfte\big\19_1180086961_1.jpg --> altmuehlsee-portal.com /public_html/test/images/unterkuenfte/big 19_1180086961_1.jpg
2012.10.02 12:24 B D:\webservice-albrecht\altmuehlsee-portal\test\images\unterkuenfte\big\20_1180086961_1.jpg --> altmuehlsee-portal.com /public_html/test/images/unterkuenfte/big 20_1180086961_1.jpg
2012.10.02 12:24 B D:\webservice-albrecht\altmuehlsee-portal\test\images\unterkuenfte\big\21_1180086961_1.jpg --> altmuehlsee-portal.com /public_html/test/images/unterkuenfte/big 21_1180086961_1.jpg
2012.10.02 12:24 B D:\webservice-albrecht\altmuehlsee-portal\test\images\unterkuenfte\big\22_1310122589_1.jpg --> altmuehlsee-portal.com /public_html/test/images/unterkuenfte/big 22_1310122589_1.jpg
2012.10.02 12:24 B D:\webservice-albrecht\altmuehlsee-portal\test\images\unterkuenfte\big\22_1310122589_2.jpg --> altmuehlsee-portal.com /public_html/test/images/unterkuenfte/big 22_1310122589_2.jpg
2012.10.02 12:24 B D:\webservice-albrecht\altmuehlsee-portal\test\images\unterkuenfte\big\22_1310122589_4.jpg --> altmuehlsee-portal.com /public_html/test/images/unterkuenfte/big 22_1310122589_4.jpg
2012.10.02 12:24 B D:\webservice-albrecht\altmuehlsee-portal\test\images\unterkuenfte\big\22_1310122589_5.jpg --> altmuehlsee-portal.com /public_html/test/images/unterkuenfte/big 22_1310122589_5.jpg
2012.10.02 12:24 B D:\webservice-albrecht\altmuehlsee-portal\test\images\unterkuenfte\big\22_1328772726_6.jpg --> altmuehlsee-portal.com /public_html/test/images/unterkuenfte/big 22_1328772726_6.jpg
2012.10.02 12:24 B D:\webservice-albrecht\altmuehlsee-portal\test\images\unterkuenfte\big\23_1337850886_14.jpg --> altmuehlsee-portal.com /public_html/test/images/unterkuenfte/big 23_1337850886_14.jpg
2012.10.02 12:24 B D:\webservice-albrecht\altmuehlsee-portal\test\images\unterkuenfte\big\23_1337850886_15.jpg --> altmuehlsee-portal.com /public_html/test/images/unterkuenfte/big 23_1337850886_15.jpg
2012.10.02 12:24 B D:\webservice-albrecht\altmuehlsee-portal\test\images\unterkuenfte\big\23_1337850886_16.jpg --> altmuehlsee-portal.com /public_html/test/images/unterkuenfte/big 23_1337850886_16.jpg
2012.10.02 12:24 B D:\webservice-albrecht\altmuehlsee-portal\test\images\unterkuenfte\big\23_1337850920_17.jpg --> altmuehlsee-portal.com /public_html/test/images/unterkuenfte/big 23_1337850920_17.jpg
2012.10.02 12:24 B D:\webservice-albrecht\altmuehlsee-portal\test\images\unterkuenfte\big\23_1337850960_18.jpg --> altmuehlsee-portal.com /public_html/test/images/unterkuenfte/big 23_1337850960_18.jpg
2012.10.02 12:24 B D:\webservice-albrecht\altmuehlsee-portal\test\images\unterkuenfte\big\24_1180086961_1.jpg --> altmuehlsee-portal.com /public_html/test/images/unterkuenfte/big 24_1180086961_1.jpg
2012.10.02 12:24 B D:\webservice-albrecht\altmuehlsee-portal\test\images\unterkuenfte\big\25_1183708853_1.jpg --> altmuehlsee-portal.com /public_html/test/images/unterkuenfte/big 25_1183708853_1.jpg
2012.10.02 12:24 B D:\webservice-albrecht\altmuehlsee-portal\test\images\unterkuenfte\big\26_1180086961_1.jpg --> altmuehlsee-portal.com /public_html/test/images/unterkuenfte/big 26_1180086961_1.jpg
2012.10.02 12:24 B D:\webservice-albrecht\altmuehlsee-portal\test\images\unterkuenfte\big\27_1180086961_1.jpg --> altmuehlsee-portal.com /public_html/test/images/unterkuenfte/big 27_1180086961_1.jpg
2012.10.02 12:24 B D:\webservice-albrecht\altmuehlsee-portal\test\images\unterkuenfte\big\29_1180086961_1.jpg --> altmuehlsee-portal.com /public_html/test/images/unterkuenfte/big 29_1180086961_1.jpg
2012.10.02 12:24 B D:\webservice-albrecht\altmuehlsee-portal\test\images\unterkuenfte\big\30_1231925934_1.jpg --> altmuehlsee-portal.com /public_html/test/images/unterkuenfte/big 30_1231925934_1.jpg
2012.10.02 12:24 B D:\webservice-albrecht\altmuehlsee-portal\test\images\unterkuenfte\big\31_1180086961_1.jpg --> altmuehlsee-portal.com /public_html/test/images/unterkuenfte/big 31_1180086961_1.jpg
2012.10.02 12:24 B D:\webservice-albrecht\altmuehlsee-portal\test\images\unterkuenfte\big\32_1182324155_1.jpg --> altmuehlsee-portal.com /public_html/test/images/unterkuenfte/big 32_1182324155_1.jpg
2012.10.02 12:24 B D:\webservice-albrecht\altmuehlsee-portal\test\images\unterkuenfte\big\34_1180086961_1.jpg --> altmuehlsee-portal.com /public_html/test/images/unterkuenfte/big 34_1180086961_1.jpg
2012.10.02 12:24 B D:\webservice-albrecht\altmuehlsee-portal\test\images\unterkuenfte\big\35_1180086961_1.jpg --> altmuehlsee-portal.com /public_html/test/images/unterkuenfte/big 35_1180086961_1.jpg
2012.10.02 12:24 B D:\webservice-albrecht\altmuehlsee-portal\test\images\unterkuenfte\big\37_1180086961_1.jpg --> altmuehlsee-portal.com /public_html/test/images/unterkuenfte/big 37_1180086961_1.jpg
2012.10.02 12:24 B D:\webservice-albrecht\altmuehlsee-portal\test\images\unterkuenfte\big\40_1180086961_1.jpg --> altmuehlsee-portal.com /public_html/test/images/unterkuenfte/big 40_1180086961_1.jpg
2012.10.02 12:24 B D:\webservice-albrecht\altmuehlsee-portal\test\images\unterkuenfte\big\42_1180086961_1.jpg --> altmuehlsee-portal.com /public_html/test/images/unterkuenfte/big 42_1180086961_1.jpg
2012.10.02 12:24 B D:\webservice-albrecht\altmuehlsee-portal\test\images\unterkuenfte\big\47_1180086961_1.jpg --> altmuehlsee-portal.com /public_html/test/images/unterkuenfte/big 47_1180086961_1.jpg
2012.10.02 12:24 B D:\webservice-albrecht\altmuehlsee-portal\test\images\unterkuenfte\big\47_1341343470_3.jpg --> altmuehlsee-portal.com /public_html/test/images/unterkuenfte/big 47_1341343470_3.jpg
2012.10.02 12:24 B D:\webservice-albrecht\altmuehlsee-portal\test\images\unterkuenfte\big\49_1192781083_2.jpg --> altmuehlsee-portal.com /public_html/test/images/unterkuenfte/big 49_1192781083_2.jpg
2012.10.02 12:24 B D:\webservice-albrecht\altmuehlsee-portal\test\images\unterkuenfte\big\49_1211178141_3.jpg --> altmuehlsee-portal.com /public_html/test/images/unterkuenfte/big 49_1211178141_3.jpg
2012.10.02 12:24 B D:\webservice-albrecht\altmuehlsee-portal\test\images\unterkuenfte\big\49_1211178241_4.jpg --> altmuehlsee-portal.com /public_html/test/images/unterkuenfte/big 49_1211178241_4.jpg
2012.10.02 12:24 B D:\webservice-albrecht\altmuehlsee-portal\test\images\unterkuenfte\big\49_1211178511_5.jpg --> altmuehlsee-portal.com /public_html/test/images/unterkuenfte/big 49_1211178511_5.jpg
2012.10.02 12:24 B D:\webservice-albrecht\altmuehlsee-portal\test\images\unterkuenfte\big\49_1233074848_6.jpg --> altmuehlsee-portal.com /public_html/test/images/unterkuenfte/big 49_1233074848_6.jpg
2012.10.02 12:24 B D:\webservice-albrecht\altmuehlsee-portal\test\images\unterkuenfte\big\50_1196413870_1.jpg --> altmuehlsee-portal.com /public_html/test/images/unterkuenfte/big 50_1196413870_1.jpg
2012.10.02 12:24 B D:\webservice-albrecht\altmuehlsee-portal\test\images\unterkuenfte\big\50_1212939934_5.jpg --> altmuehlsee-portal.com /public_html/test/images/unterkuenfte/big 50_1212939934_5.jpg
2012.10.02 12:24 B D:\webservice-albrecht\altmuehlsee-portal\test\images\unterkuenfte\big\50_1212940323_6.jpg --> altmuehlsee-portal.com /public_html/test/images/unterkuenfte/big 50_1212940323_6.jpg
2012.10.02 12:24 B D:\webservice-albrecht\altmuehlsee-portal\test\images\unterkuenfte\big\50_1212940455_7.jpg --> altmuehlsee-portal.com /public_html/test/images/unterkuenfte/big 50_1212940455_7.jpg
2012.10.02 12:24 B D:\webservice-albrecht\altmuehlsee-portal\test\images\unterkuenfte\big\51_1180086961_1.jpg --> altmuehlsee-portal.com /public_html/test/images/unterkuenfte/big 51_1180086961_1.jpg
2012.10.02 12:24 B D:\webservice-albrecht\altmuehlsee-portal\test\images\unterkuenfte\big\55_1180086961_1.jpg --> altmuehlsee-portal.com /public_html/test/images/unterkuenfte/big 55_1180086961_1.jpg
2012.10.02 12:24 B D:\webservice-albrecht\altmuehlsee-portal\test\images\unterkuenfte\big\57_1180086961_1.jpg --> altmuehlsee-portal.com /public_html/test/images/unterkuenfte/big 57_1180086961_1.jpg
2012.10.02 12:24 B D:\webservice-albrecht\altmuehlsee-portal\test\images\unterkuenfte\big\57_1335294731_2.jpg --> altmuehlsee-portal.com /public_html/test/images/unterkuenfte/big 57_1335294731_2.jpg
2012.10.02 12:24 B D:\webservice-albrecht\altmuehlsee-portal\test\images\unterkuenfte\big\57_1335294731_3.jpg --> altmuehlsee-portal.com /public_html/test/images/unterkuenfte/big 57_1335294731_3.jpg
2012.10.02 12:24 B D:\webservice-albrecht\altmuehlsee-portal\test\images\unterkuenfte\big\57_1335294731_4.jpg --> altmuehlsee-portal.com /public_html/test/images/unterkuenfte/big 57_1335294731_4.jpg
2012.10.02 12:24 B D:\webservice-albrecht\altmuehlsee-portal\test\images\unterkuenfte\big\59_1180086961_1.jpg --> altmuehlsee-portal.com /public_html/test/images/unterkuenfte/big 59_1180086961_1.jpg
2012.10.02 12:24 B D:\webservice-albrecht\altmuehlsee-portal\test\images\unterkuenfte\big\60_1258103089_1.jpg --> altmuehlsee-portal.com /public_html/test/images/unterkuenfte/big 60_1258103089_1.jpg
2012.10.02 12:24 B D:\webservice-albrecht\altmuehlsee-portal\test\images\unterkuenfte\big\62_1182325490_1.jpg --> altmuehlsee-portal.com /public_html/test/images/unterkuenfte/big 62_1182325490_1.jpg
2012.10.02 12:24 B D:\webservice-albrecht\altmuehlsee-portal\test\images\unterkuenfte\big\64_1182415608_0.jpg --> altmuehlsee-portal.com /public_html/test/images/unterkuenfte/big 64_1182415608_0.jpg
2012.10.02 12:24 B D:\webservice-albrecht\altmuehlsee-portal\test\images\unterkuenfte\big\65_1182416083_0.jpg --> altmuehlsee-portal.com /public_html/test/images/unterkuenfte/big 65_1182416083_0.jpg
2012.10.02 12:24 B D:\webservice-albrecht\altmuehlsee-portal\test\images\unterkuenfte\big\65_1182416083_1.jpg --> altmuehlsee-portal.com /public_html/test/images/unterkuenfte/big 65_1182416083_1.jpg
2012.10.02 12:24 B D:\webservice-albrecht\altmuehlsee-portal\test\images\unterkuenfte\big\65_1182416083_2.jpg --> altmuehlsee-portal.com /public_html/test/images/unterkuenfte/big 65_1182416083_2.jpg
2012.10.02 12:24 B D:\webservice-albrecht\altmuehlsee-portal\test\images\unterkuenfte\big\65_1182416083_3.jpg --> altmuehlsee-portal.com /public_html/test/images/unterkuenfte/big 65_1182416083_3.jpg
2012.10.02 12:24 B D:\webservice-albrecht\altmuehlsee-portal\test\images\unterkuenfte\big\65_1182416083_4.jpg --> altmuehlsee-portal.com /public_html/test/images/unterkuenfte/big 65_1182416083_4.jpg
2012.10.02 12:24 B D:\webservice-albrecht\altmuehlsee-portal\test\images\unterkuenfte\big\78_1183625677_1.jpg --> altmuehlsee-portal.com /public_html/test/images/unterkuenfte/big 78_1183625677_1.jpg
2012.10.02 12:24 B D:\webservice-albrecht\altmuehlsee-portal\test\images\unterkuenfte\big\79_1182937141_1.jpg --> altmuehlsee-portal.com /public_html/test/images/unterkuenfte/big 79_1182937141_1.jpg
2012.10.02 12:24 B D:\webservice-albrecht\altmuehlsee-portal\test\images\unterkuenfte\big\80_1183102701_1.jpg --> altmuehlsee-portal.com /public_html/test/images/unterkuenfte/big 80_1183102701_1.jpg
2012.10.02 12:24 B D:\webservice-albrecht\altmuehlsee-portal\test\images\unterkuenfte\big\81_1334059350_1.jpg --> altmuehlsee-portal.com /public_html/test/images/unterkuenfte/big 81_1334059350_1.jpg
2012.10.02 12:24 B D:\webservice-albrecht\altmuehlsee-portal\test\images\unterkuenfte\big\81_1334059379_2.jpg --> altmuehlsee-portal.com /public_html/test/images/unterkuenfte/big 81_1334059379_2.jpg
2012.10.02 12:24 B D:\webservice-albrecht\altmuehlsee-portal\test\images\unterkuenfte\big\81_1334059706_3.jpg --> altmuehlsee-portal.com /public_html/test/images/unterkuenfte/big 81_1334059706_3.jpg
2012.10.02 12:24 B D:\webservice-albrecht\altmuehlsee-portal\test\images\unterkuenfte\big\81_1334059753_4.jpg --> altmuehlsee-portal.com /public_html/test/images/unterkuenfte/big 81_1334059753_4.jpg
2012.10.02 12:24 B D:\webservice-albrecht\altmuehlsee-portal\test\images\unterkuenfte\big\81_1334059967_5.jpg --> altmuehlsee-portal.com /public_html/test/images/unterkuenfte/big 81_1334059967_5.jpg
2012.10.02 12:24 B D:\webservice-albrecht\altmuehlsee-portal\test\images\unterkuenfte\big\89_1183448535_1.jpg --> altmuehlsee-portal.com /public_html/test/images/unterkuenfte/big 89_1183448535_1.jpg
2012.10.02 12:24 B D:\webservice-albrecht\altmuehlsee-portal\test\images\unterkuenfte\big\95_1258013702_1.jpg --> altmuehlsee-portal.com /public_html/test/images/unterkuenfte/big 95_1258013702_1.jpg
2012.10.02 12:24 B D:\webservice-albrecht\altmuehlsee-portal\test\images\unterkuenfte\big\97_1185542149_1.jpg --> altmuehlsee-portal.com /public_html/test/images/unterkuenfte/big 97_1185542149_1.jpg
2012.10.02 12:24 B D:\webservice-albrecht\altmuehlsee-portal\test\images\unterkuenfte\big\98_1187351645_1.jpg --> altmuehlsee-portal.com /public_html/test/images/unterkuenfte/big 98_1187351645_1.jpg
2012.10.02 14:01 B D:\webservice-albrecht\altmuehlsee-portal\test\images\unterkuenfte\big\WS_FTP.LOG <-- altmuehlsee-portal.com /public_html/test/images/unterkuenfte/big WS_FTP.LOG
2012.10.02 17:22 B D:\webservice-albrecht\altmuehlsee-portal\public_html\images\unterkuenfte\big\.htaccess --> altmuehlsee-portal.com /public_html/images/unterkuenfte/big .htaccess
2012.10.02 17:22 B D:\webservice-albrecht\altmuehlsee-portal\public_html\images\unterkuenfte\big\100_1189493448_1.jpg --> altmuehlsee-portal.com /public_html/images/unterkuenfte/big 100_1189493448_1.jpg
2012.10.02 17:22 B D:\webservice-albrecht\altmuehlsee-portal\public_html\images\unterkuenfte\big\101_1190790454_1.jpg --> altmuehlsee-portal.com /public_html/images/unterkuenfte/big 101_1190790454_1.jpg
2012.10.02 17:22 B D:\webservice-albrecht\altmuehlsee-portal\public_html\images\unterkuenfte\big\102_1192000959_1.jpg --> altmuehlsee-portal.com /public_html/images/unterkuenfte/big 102_1192000959_1.jpg
2012.10.02 17:22 B D:\webservice-albrecht\altmuehlsee-portal\public_html\images\unterkuenfte\big\104_1200411009_0.jpg --> altmuehlsee-portal.com /public_html/images/unterkuenfte/big 104_1200411009_0.jpg
2012.10.02 17:22 B D:\webservice-albrecht\altmuehlsee-portal\public_html\images\unterkuenfte\big\105_1200475131_0.jpg --> altmuehlsee-portal.com /public_html/images/unterkuenfte/big 105_1200475131_0.jpg
2012.10.02 17:22 B D:\webservice-albrecht\altmuehlsee-portal\public_html\images\unterkuenfte\big\113_1212475816_1.jpg --> altmuehlsee-portal.com /public_html/images/unterkuenfte/big 113_1212475816_1.jpg
2012.10.02 17:22 B D:\webservice-albrecht\altmuehlsee-portal\public_html\images\unterkuenfte\big\113_1212484857_3.jpg --> altmuehlsee-portal.com /public_html/images/unterkuenfte/big 113_1212484857_3.jpg
2012.10.02 17:22 B D:\webservice-albrecht\altmuehlsee-portal\public_html\images\unterkuenfte\big\113_1247206538_6.jpg --> altmuehlsee-portal.com /public_html/images/unterkuenfte/big 113_1247206538_6.jpg
2012.10.02 17:22 B D:\webservice-albrecht\altmuehlsee-portal\public_html\images\unterkuenfte\big\113_1328685734_7.jpg --> altmuehlsee-portal.com /public_html/images/unterkuenfte/big 113_1328685734_7.jpg
2012.10.02 17:22 B D:\webservice-albrecht\altmuehlsee-portal\public_html\images\unterkuenfte\big\116_1217320714_0.jpg --> altmuehlsee-portal.com /public_html/images/unterkuenfte/big 116_1217320714_0.jpg
2012.10.02 17:22 B D:\webservice-albrecht\altmuehlsee-portal\public_html\images\unterkuenfte\big\117_1217425449_0.jpg --> altmuehlsee-portal.com /public_html/images/unterkuenfte/big 117_1217425449_0.jpg
2012.10.02 17:22 B D:\webservice-albrecht\altmuehlsee-portal\public_html\images\unterkuenfte\big\11_1180086961_1.jpg --> altmuehlsee-portal.com /public_html/images/unterkuenfte/big 11_1180086961_1.jpg
2012.10.02 17:22 B D:\webservice-albrecht\altmuehlsee-portal\public_html\images\unterkuenfte\big\128_1264784957_11.jpg --> altmuehlsee-portal.com /public_html/images/unterkuenfte/big 128_1264784957_11.jpg
2012.10.02 17:22 B D:\webservice-albrecht\altmuehlsee-portal\public_html\images\unterkuenfte\big\128_1264785012_12.jpg --> altmuehlsee-portal.com /public_html/images/unterkuenfte/big 128_1264785012_12.jpg
2012.10.02 17:22 B D:\webservice-albrecht\altmuehlsee-portal\public_html\images\unterkuenfte\big\128_1264785059_15.jpg --> altmuehlsee-portal.com /public_html/images/unterkuenfte/big 128_1264785059_15.jpg
2012.10.02 17:22 B D:\webservice-albrecht\altmuehlsee-portal\public_html\images\unterkuenfte\big\128_1266322403_16.jpg --> altmuehlsee-portal.com /public_html/images/unterkuenfte/big 128_1266322403_16.jpg
2012.10.02 17:22 B D:\webservice-albrecht\altmuehlsee-portal\public_html\images\unterkuenfte\big\128_1304359799_17.jpg --> altmuehlsee-portal.com /public_html/images/unterkuenfte/big 128_1304359799_17.jpg
2012.10.02 17:22 B D:\webservice-albrecht\altmuehlsee-portal\public_html\images\unterkuenfte\big\130_1244455871_1.jpg --> altmuehlsee-portal.com /public_html/images/unterkuenfte/big 130_1244455871_1.jpg
2012.10.02 17:22 B D:\webservice-albrecht\altmuehlsee-portal\public_html\images\unterkuenfte\big\130_1245828880_12.jpg --> altmuehlsee-portal.com /public_html/images/unterkuenfte/big 130_1245828880_12.jpg
2012.10.02 17:22 B D:\webservice-albrecht\altmuehlsee-portal\public_html\images\unterkuenfte\big\130_1245828904_13.jpg --> altmuehlsee-portal.com /public_html/images/unterkuenfte/big 130_1245828904_13.jpg
2012.10.02 17:22 B D:\webservice-albrecht\altmuehlsee-portal\public_html\images\unterkuenfte\big\130_1245828964_14.jpg --> altmuehlsee-portal.com /public_html/images/unterkuenfte/big 130_1245828964_14.jpg
2012.10.02 17:22 B D:\webservice-albrecht\altmuehlsee-portal\public_html\images\unterkuenfte\big\130_1245828998_15.jpg --> altmuehlsee-portal.com /public_html/images/unterkuenfte/big 130_1245828998_15.jpg
2012.10.02 17:22 B D:\webservice-albrecht\altmuehlsee-portal\public_html\images\unterkuenfte\big\131_1245149026_1.jpg --> altmuehlsee-portal.com /public_html/images/unterkuenfte/big 131_1245149026_1.jpg
2012.10.02 17:22 B D:\webservice-albrecht\altmuehlsee-portal\public_html\images\unterkuenfte\big\133_1246608474_1.jpg --> altmuehlsee-portal.com /public_html/images/unterkuenfte/big 133_1246608474_1.jpg
2012.10.02 17:22 B D:\webservice-albrecht\altmuehlsee-portal\public_html\images\unterkuenfte\big\135_1248163606_1.jpg --> altmuehlsee-portal.com /public_html/images/unterkuenfte/big 135_1248163606_1.jpg
2012.10.02 17:22 B D:\webservice-albrecht\altmuehlsee-portal\public_html\images\unterkuenfte\big\135_1248164995_2.jpg --> altmuehlsee-portal.com /public_html/images/unterkuenfte/big 135_1248164995_2.jpg
2012.10.02 17:22 B D:\webservice-albrecht\altmuehlsee-portal\public_html\images\unterkuenfte\big\135_1248165220_3.jpg --> altmuehlsee-portal.com /public_html/images/unterkuenfte/big 135_1248165220_3.jpg
2012.10.02 17:22 B D:\webservice-albrecht\altmuehlsee-portal\public_html\images\unterkuenfte\big\135_1248165220_4.jpg --> altmuehlsee-portal.com /public_html/images/unterkuenfte/big 135_1248165220_4.jpg
2012.10.02 17:22 B D:\webservice-albrecht\altmuehlsee-portal\public_html\images\unterkuenfte\big\135_1248165220_5.jpg --> altmuehlsee-portal.com /public_html/images/unterkuenfte/big 135_1248165220_5.jpg
2012.10.02 17:22 B D:\webservice-albrecht\altmuehlsee-portal\public_html\images\unterkuenfte\big\145_1305879683_1.jpg --> altmuehlsee-portal.com /public_html/images/unterkuenfte/big 145_1305879683_1.jpg
2012.10.02 17:22 B D:\webservice-albrecht\altmuehlsee-portal\public_html\images\unterkuenfte\big\147_1330515102_1.jpg --> altmuehlsee-portal.com /public_html/images/unterkuenfte/big 147_1330515102_1.jpg
2012.10.02 17:22 B D:\webservice-albrecht\altmuehlsee-portal\public_html\images\unterkuenfte\big\14_1180086961_1.jpg --> altmuehlsee-portal.com /public_html/images/unterkuenfte/big 14_1180086961_1.jpg
2012.10.02 17:22 B D:\webservice-albrecht\altmuehlsee-portal\public_html\images\unterkuenfte\big\150_1324372225_1.jpg --> altmuehlsee-portal.com /public_html/images/unterkuenfte/big 150_1324372225_1.jpg
2012.10.02 17:22 B D:\webservice-albrecht\altmuehlsee-portal\public_html\images\unterkuenfte\big\151_1330069786_1.jpg --> altmuehlsee-portal.com /public_html/images/unterkuenfte/big 151_1330069786_1.jpg
2012.10.02 17:23 B D:\webservice-albrecht\altmuehlsee-portal\public_html\images\unterkuenfte\big\153_1333640171_0.jpg --> altmuehlsee-portal.com /public_html/images/unterkuenfte/big 153_1333640171_0.jpg
2012.10.02 17:23 B D:\webservice-albrecht\altmuehlsee-portal\public_html\images\unterkuenfte\big\155_1335343733_1.jpg --> altmuehlsee-portal.com /public_html/images/unterkuenfte/big 155_1335343733_1.jpg
2012.10.02 17:23 B D:\webservice-albrecht\altmuehlsee-portal\public_html\images\unterkuenfte\big\16_1182159228_1.jpg --> altmuehlsee-portal.com /public_html/images/unterkuenfte/big 16_1182159228_1.jpg
2012.10.02 17:23 B D:\webservice-albrecht\altmuehlsee-portal\public_html\images\unterkuenfte\big\17_1180086961_1.jpg --> altmuehlsee-portal.com /public_html/images/unterkuenfte/big 17_1180086961_1.jpg
2012.10.02 17:23 B D:\webservice-albrecht\altmuehlsee-portal\public_html\images\unterkuenfte\big\18_1278923489_1.jpg --> altmuehlsee-portal.com /public_html/images/unterkuenfte/big 18_1278923489_1.jpg
2012.10.02 17:23 B D:\webservice-albrecht\altmuehlsee-portal\public_html\images\unterkuenfte\big\19_1180086961_1.jpg --> altmuehlsee-portal.com /public_html/images/unterkuenfte/big 19_1180086961_1.jpg
2012.10.02 17:23 B D:\webservice-albrecht\altmuehlsee-portal\public_html\images\unterkuenfte\big\20_1180086961_1.jpg --> altmuehlsee-portal.com /public_html/images/unterkuenfte/big 20_1180086961_1.jpg
2012.10.02 17:23 B D:\webservice-albrecht\altmuehlsee-portal\public_html\images\unterkuenfte\big\21_1180086961_1.jpg --> altmuehlsee-portal.com /public_html/images/unterkuenfte/big 21_1180086961_1.jpg
2012.10.02 17:23 B D:\webservice-albrecht\altmuehlsee-portal\public_html\images\unterkuenfte\big\22_1310122589_1.jpg --> altmuehlsee-portal.com /public_html/images/unterkuenfte/big 22_1310122589_1.jpg
2012.10.02 17:23 B D:\webservice-albrecht\altmuehlsee-portal\public_html\images\unterkuenfte\big\22_1310122589_2.jpg --> altmuehlsee-portal.com /public_html/images/unterkuenfte/big 22_1310122589_2.jpg
2012.10.02 17:23 B D:\webservice-albrecht\altmuehlsee-portal\public_html\images\unterkuenfte\big\22_1310122589_4.jpg --> altmuehlsee-portal.com /public_html/images/unterkuenfte/big 22_1310122589_4.jpg
2012.10.02 17:23 B D:\webservice-albrecht\altmuehlsee-portal\public_html\images\unterkuenfte\big\22_1310122589_5.jpg --> altmuehlsee-portal.com /public_html/images/unterkuenfte/big 22_1310122589_5.jpg
2012.10.02 17:23 B D:\webservice-albrecht\altmuehlsee-portal\public_html\images\unterkuenfte\big\22_1328772726_6.jpg --> altmuehlsee-portal.com /public_html/images/unterkuenfte/big 22_1328772726_6.jpg
2012.10.02 17:23 B D:\webservice-albrecht\altmuehlsee-portal\public_html\images\unterkuenfte\big\23_1337850886_14.jpg --> altmuehlsee-portal.com /public_html/images/unterkuenfte/big 23_1337850886_14.jpg
2012.10.02 17:23 B D:\webservice-albrecht\altmuehlsee-portal\public_html\images\unterkuenfte\big\23_1337850886_15.jpg --> altmuehlsee-portal.com /public_html/images/unterkuenfte/big 23_1337850886_15.jpg
2012.10.02 17:23 B D:\webservice-albrecht\altmuehlsee-portal\public_html\images\unterkuenfte\big\23_1337850886_16.jpg --> altmuehlsee-portal.com /public_html/images/unterkuenfte/big 23_1337850886_16.jpg
2012.10.02 17:23 B D:\webservice-albrecht\altmuehlsee-portal\public_html\images\unterkuenfte\big\23_1337850920_17.jpg --> altmuehlsee-portal.com /public_html/images/unterkuenfte/big 23_1337850920_17.jpg
2012.10.02 17:23 B D:\webservice-albrecht\altmuehlsee-portal\public_html\images\unterkuenfte\big\23_1337850960_18.jpg --> altmuehlsee-portal.com /public_html/images/unterkuenfte/big 23_1337850960_18.jpg
2012.10.02 17:23 B D:\webservice-albrecht\altmuehlsee-portal\public_html\images\unterkuenfte\big\24_1180086961_1.jpg --> altmuehlsee-portal.com /public_html/images/unterkuenfte/big 24_1180086961_1.jpg
2012.10.02 17:23 B D:\webservice-albrecht\altmuehlsee-portal\public_html\images\unterkuenfte\big\25_1183708853_1.jpg --> altmuehlsee-portal.com /public_html/images/unterkuenfte/big 25_1183708853_1.jpg
2012.10.02 17:23 B D:\webservice-albrecht\altmuehlsee-portal\public_html\images\unterkuenfte\big\26_1180086961_1.jpg --> altmuehlsee-portal.com /public_html/images/unterkuenfte/big 26_1180086961_1.jpg
2012.10.02 17:23 B D:\webservice-albrecht\altmuehlsee-portal\public_html\images\unterkuenfte\big\27_1180086961_1.jpg --> altmuehlsee-portal.com /public_html/images/unterkuenfte/big 27_1180086961_1.jpg
2012.10.02 17:23 B D:\webservice-albrecht\altmuehlsee-portal\public_html\images\unterkuenfte\big\29_1180086961_1.jpg --> altmuehlsee-portal.com /public_html/images/unterkuenfte/big 29_1180086961_1.jpg
2012.10.02 17:23 B D:\webservice-albrecht\altmuehlsee-portal\public_html\images\unterkuenfte\big\30_1231925934_1.jpg --> altmuehlsee-portal.com /public_html/images/unterkuenfte/big 30_1231925934_1.jpg
2012.10.02 17:23 B D:\webservice-albrecht\altmuehlsee-portal\public_html\images\unterkuenfte\big\31_1180086961_1.jpg --> altmuehlsee-portal.com /public_html/images/unterkuenfte/big 31_1180086961_1.jpg
2012.10.02 17:23 B D:\webservice-albrecht\altmuehlsee-portal\public_html\images\unterkuenfte\big\32_1182324155_1.jpg --> altmuehlsee-portal.com /public_html/images/unterkuenfte/big 32_1182324155_1.jpg
2012.10.02 17:23 B D:\webservice-albrecht\altmuehlsee-portal\public_html\images\unterkuenfte\big\34_1180086961_1.jpg --> altmuehlsee-portal.com /public_html/images/unterkuenfte/big 34_1180086961_1.jpg
2012.10.02 17:23 B D:\webservice-albrecht\altmuehlsee-portal\public_html\images\unterkuenfte\big\35_1180086961_1.jpg --> altmuehlsee-portal.com /public_html/images/unterkuenfte/big 35_1180086961_1.jpg
2012.10.02 17:23 B D:\webservice-albrecht\altmuehlsee-portal\public_html\images\unterkuenfte\big\37_1180086961_1.jpg --> altmuehlsee-portal.com /public_html/images/unterkuenfte/big 37_1180086961_1.jpg
2012.10.02 17:23 B D:\webservice-albrecht\altmuehlsee-portal\public_html\images\unterkuenfte\big\40_1180086961_1.jpg --> altmuehlsee-portal.com /public_html/images/unterkuenfte/big 40_1180086961_1.jpg
2012.10.02 17:23 B D:\webservice-albrecht\altmuehlsee-portal\public_html\images\unterkuenfte\big\42_1180086961_1.jpg --> altmuehlsee-portal.com /public_html/images/unterkuenfte/big 42_1180086961_1.jpg
2012.10.02 17:23 B D:\webservice-albrecht\altmuehlsee-portal\public_html\images\unterkuenfte\big\47_1180086961_1.jpg --> altmuehlsee-portal.com /public_html/images/unterkuenfte/big 47_1180086961_1.jpg
2012.10.02 17:23 B D:\webservice-albrecht\altmuehlsee-portal\public_html\images\unterkuenfte\big\47_1341343470_3.jpg --> altmuehlsee-portal.com /public_html/images/unterkuenfte/big 47_1341343470_3.jpg
2012.10.02 17:23 B D:\webservice-albrecht\altmuehlsee-portal\public_html\images\unterkuenfte\big\49_1192781083_2.jpg --> altmuehlsee-portal.com /public_html/images/unterkuenfte/big 49_1192781083_2.jpg
2012.10.02 17:23 B D:\webservice-albrecht\altmuehlsee-portal\public_html\images\unterkuenfte\big\49_1211178141_3.jpg --> altmuehlsee-portal.com /public_html/images/unterkuenfte/big 49_1211178141_3.jpg
2012.10.02 17:23 B D:\webservice-albrecht\altmuehlsee-portal\public_html\images\unterkuenfte\big\49_1211178241_4.jpg --> altmuehlsee-portal.com /public_html/images/unterkuenfte/big 49_1211178241_4.jpg
2012.10.02 17:23 B D:\webservice-albrecht\altmuehlsee-portal\public_html\images\unterkuenfte\big\49_1211178511_5.jpg --> altmuehlsee-portal.com /public_html/images/unterkuenfte/big 49_1211178511_5.jpg
2012.10.02 17:23 B D:\webservice-albrecht\altmuehlsee-portal\public_html\images\unterkuenfte\big\49_1233074848_6.jpg --> altmuehlsee-portal.com /public_html/images/unterkuenfte/big 49_1233074848_6.jpg
2012.10.02 17:23 B D:\webservice-albrecht\altmuehlsee-portal\public_html\images\unterkuenfte\big\50_1196413870_1.jpg --> altmuehlsee-portal.com /public_html/images/unterkuenfte/big 50_1196413870_1.jpg
2012.10.02 17:23 B D:\webservice-albrecht\altmuehlsee-portal\public_html\images\unterkuenfte\big\50_1212939934_5.jpg --> altmuehlsee-portal.com /public_html/images/unterkuenfte/big 50_1212939934_5.jpg
2012.10.02 17:23 B D:\webservice-albrecht\altmuehlsee-portal\public_html\images\unterkuenfte\big\50_1212940323_6.jpg --> altmuehlsee-portal.com /public_html/images/unterkuenfte/big 50_1212940323_6.jpg
2012.10.02 17:23 B D:\webservice-albrecht\altmuehlsee-portal\public_html\images\unterkuenfte\big\50_1212940455_7.jpg --> altmuehlsee-portal.com /public_html/images/unterkuenfte/big 50_1212940455_7.jpg
2012.10.02 17:23 B D:\webservice-albrecht\altmuehlsee-portal\public_html\images\unterkuenfte\big\51_1180086961_1.jpg --> altmuehlsee-portal.com /public_html/images/unterkuenfte/big 51_1180086961_1.jpg
2012.10.02 17:23 B D:\webservice-albrecht\altmuehlsee-portal\public_html\images\unterkuenfte\big\55_1180086961_1.jpg --> altmuehlsee-portal.com /public_html/images/unterkuenfte/big 55_1180086961_1.jpg
2012.10.02 17:23 B D:\webservice-albrecht\altmuehlsee-portal\public_html\images\unterkuenfte\big\57_1180086961_1.jpg --> altmuehlsee-portal.com /public_html/images/unterkuenfte/big 57_1180086961_1.jpg
2012.10.02 17:23 B D:\webservice-albrecht\altmuehlsee-portal\public_html\images\unterkuenfte\big\57_1335294731_2.jpg --> altmuehlsee-portal.com /public_html/images/unterkuenfte/big 57_1335294731_2.jpg
2012.10.02 17:23 B D:\webservice-albrecht\altmuehlsee-portal\public_html\images\unterkuenfte\big\57_1335294731_3.jpg --> altmuehlsee-portal.com /public_html/images/unterkuenfte/big 57_1335294731_3.jpg
2012.10.02 17:23 B D:\webservice-albrecht\altmuehlsee-portal\public_html\images\unterkuenfte\big\57_1335294731_4.jpg --> altmuehlsee-portal.com /public_html/images/unterkuenfte/big 57_1335294731_4.jpg
2012.10.02 17:23 B D:\webservice-albrecht\altmuehlsee-portal\public_html\images\unterkuenfte\big\59_1180086961_1.jpg --> altmuehlsee-portal.com /public_html/images/unterkuenfte/big 59_1180086961_1.jpg
2012.10.02 17:23 B D:\webservice-albrecht\altmuehlsee-portal\public_html\images\unterkuenfte\big\60_1258103089_1.jpg --> altmuehlsee-portal.com /public_html/images/unterkuenfte/big 60_1258103089_1.jpg
2012.10.02 17:23 B D:\webservice-albrecht\altmuehlsee-portal\public_html\images\unterkuenfte\big\62_1182325490_1.jpg --> altmuehlsee-portal.com /public_html/images/unterkuenfte/big 62_1182325490_1.jpg
2012.10.02 17:23 B D:\webservice-albrecht\altmuehlsee-portal\public_html\images\unterkuenfte\big\64_1182415608_0.jpg --> altmuehlsee-portal.com /public_html/images/unterkuenfte/big 64_1182415608_0.jpg
2012.10.02 17:23 B D:\webservice-albrecht\altmuehlsee-portal\public_html\images\unterkuenfte\big\65_1182416083_0.jpg --> altmuehlsee-portal.com /public_html/images/unterkuenfte/big 65_1182416083_0.jpg
2012.10.02 17:23 B D:\webservice-albrecht\altmuehlsee-portal\public_html\images\unterkuenfte\big\65_1182416083_1.jpg --> altmuehlsee-portal.com /public_html/images/unterkuenfte/big 65_1182416083_1.jpg
2012.10.02 17:23 B D:\webservice-albrecht\altmuehlsee-portal\public_html\images\unterkuenfte\big\65_1182416083_2.jpg --> altmuehlsee-portal.com /public_html/images/unterkuenfte/big 65_1182416083_2.jpg
2012.10.02 17:23 B D:\webservice-albrecht\altmuehlsee-portal\public_html\images\unterkuenfte\big\65_1182416083_3.jpg --> altmuehlsee-portal.com /public_html/images/unterkuenfte/big 65_1182416083_3.jpg
2012.10.02 17:23 B D:\webservice-albrecht\altmuehlsee-portal\public_html\images\unterkuenfte\big\65_1182416083_4.jpg --> altmuehlsee-portal.com /public_html/images/unterkuenfte/big 65_1182416083_4.jpg
2012.10.02 17:23 B D:\webservice-albrecht\altmuehlsee-portal\public_html\images\unterkuenfte\big\78_1183625677_1.jpg --> altmuehlsee-portal.com /public_html/images/unterkuenfte/big 78_1183625677_1.jpg
2012.10.02 17:23 B D:\webservice-albrecht\altmuehlsee-portal\public_html\images\unterkuenfte\big\79_1182937141_1.jpg --> altmuehlsee-portal.com /public_html/images/unterkuenfte/big 79_1182937141_1.jpg
2012.10.02 17:23 B D:\webservice-albrecht\altmuehlsee-portal\public_html\images\unterkuenfte\big\80_1183102701_1.jpg --> altmuehlsee-portal.com /public_html/images/unterkuenfte/big 80_1183102701_1.jpg
2012.10.02 17:23 B D:\webservice-albrecht\altmuehlsee-portal\public_html\images\unterkuenfte\big\81_1334059350_1.jpg --> altmuehlsee-portal.com /public_html/images/unterkuenfte/big 81_1334059350_1.jpg
2012.10.02 17:23 B D:\webservice-albrecht\altmuehlsee-portal\public_html\images\unterkuenfte\big\81_1334059379_2.jpg --> altmuehlsee-portal.com /public_html/images/unterkuenfte/big 81_1334059379_2.jpg
2012.10.02 17:23 B D:\webservice-albrecht\altmuehlsee-portal\public_html\images\unterkuenfte\big\81_1334059706_3.jpg --> altmuehlsee-portal.com /public_html/images/unterkuenfte/big 81_1334059706_3.jpg
2012.10.02 17:23 B D:\webservice-albrecht\altmuehlsee-portal\public_html\images\unterkuenfte\big\81_1334059753_4.jpg --> altmuehlsee-portal.com /public_html/images/unterkuenfte/big 81_1334059753_4.jpg
2012.10.02 17:23 B D:\webservice-albrecht\altmuehlsee-portal\public_html\images\unterkuenfte\big\81_1334059967_5.jpg --> altmuehlsee-portal.com /public_html/images/unterkuenfte/big 81_1334059967_5.jpg
2012.10.02 17:23 B D:\webservice-albrecht\altmuehlsee-portal\public_html\images\unterkuenfte\big\89_1183448535_1.jpg --> altmuehlsee-portal.com /public_html/images/unterkuenfte/big 89_1183448535_1.jpg
2012.10.02 17:23 B D:\webservice-albrecht\altmuehlsee-portal\public_html\images\unterkuenfte\big\95_1258013702_1.jpg --> altmuehlsee-portal.com /public_html/images/unterkuenfte/big 95_1258013702_1.jpg
2012.10.02 17:23 B D:\webservice-albrecht\altmuehlsee-portal\public_html\images\unterkuenfte\big\97_1185542149_1.jpg --> altmuehlsee-portal.com /public_html/images/unterkuenfte/big 97_1185542149_1.jpg
2012.10.02 17:23 B D:\webservice-albrecht\altmuehlsee-portal\public_html\images\unterkuenfte\big\98_1187351645_1.jpg --> altmuehlsee-portal.com /public_html/images/unterkuenfte/big 98_1187351645_1.jpg
2012.11.06 08:07 B D:\webservice-albrecht\altmuehlsee\public_html\images\unterkuenfte\big\WS_FTP.LOG <-- altmuehlsee-portal.com /public_html/images/unterkuenfte/big WS_FTP.LOG
2012.11.06 08:17 B D:\webservice-albrecht\altmuehlsee\public_html\images\unterkuenfte\big\.htaccess --> altmuehlsee.com /public_html/images/unterkuenfte/big .htaccess
2012.11.06 08:17 B D:\webservice-albrecht\altmuehlsee\public_html\images\unterkuenfte\big\100_1189493448_1.jpg --> altmuehlsee.com /public_html/images/unterkuenfte/big 100_1189493448_1.jpg
2012.11.06 08:17 B D:\webservice-albrecht\altmuehlsee\public_html\images\unterkuenfte\big\101_1190790454_1.jpg --> altmuehlsee.com /public_html/images/unterkuenfte/big 101_1190790454_1.jpg
2012.11.06 08:17 B D:\webservice-albrecht\altmuehlsee\public_html\images\unterkuenfte\big\102_1192000959_1.jpg --> altmuehlsee.com /public_html/images/unterkuenfte/big 102_1192000959_1.jpg
2012.11.06 08:17 B D:\webservice-albrecht\altmuehlsee\public_html\images\unterkuenfte\big\104_1200411009_0.jpg --> altmuehlsee.com /public_html/images/unterkuenfte/big 104_1200411009_0.jpg
2012.11.06 08:17 B D:\webservice-albrecht\altmuehlsee\public_html\images\unterkuenfte\big\105_1200475131_0.jpg --> altmuehlsee.com /public_html/images/unterkuenfte/big 105_1200475131_0.jpg
2012.11.06 08:17 B D:\webservice-albrecht\altmuehlsee\public_html\images\unterkuenfte\big\113_1212475816_1.jpg --> altmuehlsee.com /public_html/images/unterkuenfte/big 113_1212475816_1.jpg
2012.11.06 08:17 B D:\webservice-albrecht\altmuehlsee\public_html\images\unterkuenfte\big\113_1212484857_3.jpg --> altmuehlsee.com /public_html/images/unterkuenfte/big 113_1212484857_3.jpg
2012.11.06 08:17 B D:\webservice-albrecht\altmuehlsee\public_html\images\unterkuenfte\big\113_1247206538_6.jpg --> altmuehlsee.com /public_html/images/unterkuenfte/big 113_1247206538_6.jpg
2012.11.06 08:17 B D:\webservice-albrecht\altmuehlsee\public_html\images\unterkuenfte\big\113_1328685734_7.jpg --> altmuehlsee.com /public_html/images/unterkuenfte/big 113_1328685734_7.jpg
2012.11.06 08:17 B D:\webservice-albrecht\altmuehlsee\public_html\images\unterkuenfte\big\116_1217320714_0.jpg --> altmuehlsee.com /public_html/images/unterkuenfte/big 116_1217320714_0.jpg
2012.11.06 08:17 B D:\webservice-albrecht\altmuehlsee\public_html\images\unterkuenfte\big\117_1217425449_0.jpg --> altmuehlsee.com /public_html/images/unterkuenfte/big 117_1217425449_0.jpg
2012.11.06 08:17 B D:\webservice-albrecht\altmuehlsee\public_html\images\unterkuenfte\big\11_1180086961_1.jpg --> altmuehlsee.com /public_html/images/unterkuenfte/big 11_1180086961_1.jpg
2012.11.06 08:17 B D:\webservice-albrecht\altmuehlsee\public_html\images\unterkuenfte\big\128_1264784957_11.jpg --> altmuehlsee.com /public_html/images/unterkuenfte/big 128_1264784957_11.jpg
2012.11.06 08:17 B D:\webservice-albrecht\altmuehlsee\public_html\images\unterkuenfte\big\128_1264785012_12.jpg --> altmuehlsee.com /public_html/images/unterkuenfte/big 128_1264785012_12.jpg
2012.11.06 08:17 B D:\webservice-albrecht\altmuehlsee\public_html\images\unterkuenfte\big\128_1264785059_15.jpg --> altmuehlsee.com /public_html/images/unterkuenfte/big 128_1264785059_15.jpg
2012.11.06 08:17 B D:\webservice-albrecht\altmuehlsee\public_html\images\unterkuenfte\big\128_1266322403_16.jpg --> altmuehlsee.com /public_html/images/unterkuenfte/big 128_1266322403_16.jpg
2012.11.06 08:17 B D:\webservice-albrecht\altmuehlsee\public_html\images\unterkuenfte\big\128_1304359799_17.jpg --> altmuehlsee.com /public_html/images/unterkuenfte/big 128_1304359799_17.jpg
2012.11.06 08:17 B D:\webservice-albrecht\altmuehlsee\public_html\images\unterkuenfte\big\130_1244455871_1.jpg --> altmuehlsee.com /public_html/images/unterkuenfte/big 130_1244455871_1.jpg
2012.11.06 08:17 B D:\webservice-albrecht\altmuehlsee\public_html\images\unterkuenfte\big\130_1245828880_12.jpg --> altmuehlsee.com /public_html/images/unterkuenfte/big 130_1245828880_12.jpg
2012.11.06 08:17 B D:\webservice-albrecht\altmuehlsee\public_html\images\unterkuenfte\big\130_1245828904_13.jpg --> altmuehlsee.com /public_html/images/unterkuenfte/big 130_1245828904_13.jpg
2012.11.06 08:17 B D:\webservice-albrecht\altmuehlsee\public_html\images\unterkuenfte\big\130_1245828964_14.jpg --> altmuehlsee.com /public_html/images/unterkuenfte/big 130_1245828964_14.jpg
2012.11.06 08:17 B D:\webservice-albrecht\altmuehlsee\public_html\images\unterkuenfte\big\130_1245828998_15.jpg --> altmuehlsee.com /public_html/images/unterkuenfte/big 130_1245828998_15.jpg
2012.11.06 08:17 B D:\webservice-albrecht\altmuehlsee\public_html\images\unterkuenfte\big\131_1245149026_1.jpg --> altmuehlsee.com /public_html/images/unterkuenfte/big 131_1245149026_1.jpg
2012.11.06 08:17 B D:\webservice-albrecht\altmuehlsee\public_html\images\unterkuenfte\big\133_1246608474_1.jpg --> altmuehlsee.com /public_html/images/unterkuenfte/big 133_1246608474_1.jpg
2012.11.06 08:17 B D:\webservice-albrecht\altmuehlsee\public_html\images\unterkuenfte\big\135_1248163606_1.jpg --> altmuehlsee.com /public_html/images/unterkuenfte/big 135_1248163606_1.jpg
2012.11.06 08:17 B D:\webservice-albrecht\altmuehlsee\public_html\images\unterkuenfte\big\135_1248164995_2.jpg --> altmuehlsee.com /public_html/images/unterkuenfte/big 135_1248164995_2.jpg
2012.11.06 08:17 B D:\webservice-albrecht\altmuehlsee\public_html\images\unterkuenfte\big\135_1248165220_3.jpg --> altmuehlsee.com /public_html/images/unterkuenfte/big 135_1248165220_3.jpg
2012.11.06 08:17 B D:\webservice-albrecht\altmuehlsee\public_html\images\unterkuenfte\big\135_1248165220_4.jpg --> altmuehlsee.com /public_html/images/unterkuenfte/big 135_1248165220_4.jpg
2012.11.06 08:17 B D:\webservice-albrecht\altmuehlsee\public_html\images\unterkuenfte\big\135_1248165220_5.jpg --> altmuehlsee.com /public_html/images/unterkuenfte/big 135_1248165220_5.jpg
2012.11.06 08:17 B D:\webservice-albrecht\altmuehlsee\public_html\images\unterkuenfte\big\145_1305879683_1.jpg --> altmuehlsee.com /public_html/images/unterkuenfte/big 145_1305879683_1.jpg
2012.11.06 08:17 B D:\webservice-albrecht\altmuehlsee\public_html\images\unterkuenfte\big\147_1330515102_1.jpg --> altmuehlsee.com /public_html/images/unterkuenfte/big 147_1330515102_1.jpg
2012.11.06 08:17 B D:\webservice-albrecht\altmuehlsee\public_html\images\unterkuenfte\big\14_1180086961_1.jpg --> altmuehlsee.com /public_html/images/unterkuenfte/big 14_1180086961_1.jpg
2012.11.06 08:17 B D:\webservice-albrecht\altmuehlsee\public_html\images\unterkuenfte\big\150_1324372225_1.jpg --> altmuehlsee.com /public_html/images/unterkuenfte/big 150_1324372225_1.jpg
2012.11.06 08:17 B D:\webservice-albrecht\altmuehlsee\public_html\images\unterkuenfte\big\151_1330069786_1.jpg --> altmuehlsee.com /public_html/images/unterkuenfte/big 151_1330069786_1.jpg
2012.11.06 08:17 B D:\webservice-albrecht\altmuehlsee\public_html\images\unterkuenfte\big\153_1333640171_0.jpg --> altmuehlsee.com /public_html/images/unterkuenfte/big 153_1333640171_0.jpg
2012.11.06 08:17 B D:\webservice-albrecht\altmuehlsee\public_html\images\unterkuenfte\big\155_1335343733_1.jpg --> altmuehlsee.com /public_html/images/unterkuenfte/big 155_1335343733_1.jpg
2012.11.06 08:17 B D:\webservice-albrecht\altmuehlsee\public_html\images\unterkuenfte\big\16_1182159228_1.jpg --> altmuehlsee.com /public_html/images/unterkuenfte/big 16_1182159228_1.jpg
2012.11.06 08:17 B D:\webservice-albrecht\altmuehlsee\public_html\images\unterkuenfte\big\17_1180086961_1.jpg --> altmuehlsee.com /public_html/images/unterkuenfte/big 17_1180086961_1.jpg
2012.11.06 08:17 B D:\webservice-albrecht\altmuehlsee\public_html\images\unterkuenfte\big\18_1278923489_1.jpg --> altmuehlsee.com /public_html/images/unterkuenfte/big 18_1278923489_1.jpg
2012.11.06 08:17 B D:\webservice-albrecht\altmuehlsee\public_html\images\unterkuenfte\big\19_1180086961_1.jpg --> altmuehlsee.com /public_html/images/unterkuenfte/big 19_1180086961_1.jpg
2012.11.06 08:17 B D:\webservice-albrecht\altmuehlsee\public_html\images\unterkuenfte\big\20_1180086961_1.jpg --> altmuehlsee.com /public_html/images/unterkuenfte/big 20_1180086961_1.jpg
2012.11.06 08:17 B D:\webservice-albrecht\altmuehlsee\public_html\images\unterkuenfte\big\21_1180086961_1.jpg --> altmuehlsee.com /public_html/images/unterkuenfte/big 21_1180086961_1.jpg
2012.11.06 08:17 B D:\webservice-albrecht\altmuehlsee\public_html\images\unterkuenfte\big\22_1310122589_1.jpg --> altmuehlsee.com /public_html/images/unterkuenfte/big 22_1310122589_1.jpg
2012.11.06 08:17 B D:\webservice-albrecht\altmuehlsee\public_html\images\unterkuenfte\big\22_1310122589_2.jpg --> altmuehlsee.com /public_html/images/unterkuenfte/big 22_1310122589_2.jpg
2012.11.06 08:17 B D:\webservice-albrecht\altmuehlsee\public_html\images\unterkuenfte\big\22_1310122589_4.jpg --> altmuehlsee.com /public_html/images/unterkuenfte/big 22_1310122589_4.jpg
2012.11.06 08:17 B D:\webservice-albrecht\altmuehlsee\public_html\images\unterkuenfte\big\22_1310122589_5.jpg --> altmuehlsee.com /public_html/images/unterkuenfte/big 22_1310122589_5.jpg
2012.11.06 08:17 B D:\webservice-albrecht\altmuehlsee\public_html\images\unterkuenfte\big\22_1328772726_6.jpg --> altmuehlsee.com /public_html/images/unterkuenfte/big 22_1328772726_6.jpg
2012.11.06 08:17 B D:\webservice-albrecht\altmuehlsee\public_html\images\unterkuenfte\big\23_1337850886_14.jpg --> altmuehlsee.com /public_html/images/unterkuenfte/big 23_1337850886_14.jpg
2012.11.06 08:17 B D:\webservice-albrecht\altmuehlsee\public_html\images\unterkuenfte\big\23_1337850886_15.jpg --> altmuehlsee.com /public_html/images/unterkuenfte/big 23_1337850886_15.jpg
2012.11.06 08:17 B D:\webservice-albrecht\altmuehlsee\public_html\images\unterkuenfte\big\23_1337850886_16.jpg --> altmuehlsee.com /public_html/images/unterkuenfte/big 23_1337850886_16.jpg
2012.11.06 08:17 B D:\webservice-albrecht\altmuehlsee\public_html\images\unterkuenfte\big\23_1337850920_17.jpg --> altmuehlsee.com /public_html/images/unterkuenfte/big 23_1337850920_17.jpg
2012.11.06 08:17 B D:\webservice-albrecht\altmuehlsee\public_html\images\unterkuenfte\big\23_1337850960_18.jpg --> altmuehlsee.com /public_html/images/unterkuenfte/big 23_1337850960_18.jpg
2012.11.06 08:17 B D:\webservice-albrecht\altmuehlsee\public_html\images\unterkuenfte\big\24_1180086961_1.jpg --> altmuehlsee.com /public_html/images/unterkuenfte/big 24_1180086961_1.jpg
2012.11.06 08:17 B D:\webservice-albrecht\altmuehlsee\public_html\images\unterkuenfte\big\25_1183708853_1.jpg --> altmuehlsee.com /public_html/images/unterkuenfte/big 25_1183708853_1.jpg
2012.11.06 08:17 B D:\webservice-albrecht\altmuehlsee\public_html\images\unterkuenfte\big\26_1180086961_1.jpg --> altmuehlsee.com /public_html/images/unterkuenfte/big 26_1180086961_1.jpg
2012.11.06 08:17 B D:\webservice-albrecht\altmuehlsee\public_html\images\unterkuenfte\big\27_1180086961_1.jpg --> altmuehlsee.com /public_html/images/unterkuenfte/big 27_1180086961_1.jpg
2012.11.06 08:17 B D:\webservice-albrecht\altmuehlsee\public_html\images\unterkuenfte\big\29_1180086961_1.jpg --> altmuehlsee.com /public_html/images/unterkuenfte/big 29_1180086961_1.jpg
2012.11.06 08:18 B D:\webservice-albrecht\altmuehlsee\public_html\images\unterkuenfte\big\30_1231925934_1.jpg --> altmuehlsee.com /public_html/images/unterkuenfte/big 30_1231925934_1.jpg
2012.11.06 08:18 B D:\webservice-albrecht\altmuehlsee\public_html\images\unterkuenfte\big\31_1180086961_1.jpg --> altmuehlsee.com /public_html/images/unterkuenfte/big 31_1180086961_1.jpg
2012.11.06 08:18 B D:\webservice-albrecht\altmuehlsee\public_html\images\unterkuenfte\big\32_1182324155_1.jpg --> altmuehlsee.com /public_html/images/unterkuenfte/big 32_1182324155_1.jpg
2012.11.06 08:18 B D:\webservice-albrecht\altmuehlsee\public_html\images\unterkuenfte\big\34_1180086961_1.jpg --> altmuehlsee.com /public_html/images/unterkuenfte/big 34_1180086961_1.jpg
2012.11.06 08:18 B D:\webservice-albrecht\altmuehlsee\public_html\images\unterkuenfte\big\35_1180086961_1.jpg --> altmuehlsee.com /public_html/images/unterkuenfte/big 35_1180086961_1.jpg
2012.11.06 08:18 B D:\webservice-albrecht\altmuehlsee\public_html\images\unterkuenfte\big\37_1180086961_1.jpg --> altmuehlsee.com /public_html/images/unterkuenfte/big 37_1180086961_1.jpg
2012.11.06 08:18 B D:\webservice-albrecht\altmuehlsee\public_html\images\unterkuenfte\big\40_1180086961_1.jpg --> altmuehlsee.com /public_html/images/unterkuenfte/big 40_1180086961_1.jpg
2012.11.06 08:18 B D:\webservice-albrecht\altmuehlsee\public_html\images\unterkuenfte\big\42_1180086961_1.jpg --> altmuehlsee.com /public_html/images/unterkuenfte/big 42_1180086961_1.jpg
2012.11.06 08:18 B D:\webservice-albrecht\altmuehlsee\public_html\images\unterkuenfte\big\47_1180086961_1.jpg --> altmuehlsee.com /public_html/images/unterkuenfte/big 47_1180086961_1.jpg
2012.11.06 08:18 B D:\webservice-albrecht\altmuehlsee\public_html\images\unterkuenfte\big\47_1341343470_3.jpg --> altmuehlsee.com /public_html/images/unterkuenfte/big 47_1341343470_3.jpg
2012.11.06 08:18 B D:\webservice-albrecht\altmuehlsee\public_html\images\unterkuenfte\big\49_1192781083_2.jpg --> altmuehlsee.com /public_html/images/unterkuenfte/big 49_1192781083_2.jpg
2012.11.06 08:18 B D:\webservice-albrecht\altmuehlsee\public_html\images\unterkuenfte\big\49_1211178141_3.jpg --> altmuehlsee.com /public_html/images/unterkuenfte/big 49_1211178141_3.jpg
2012.11.06 08:18 B D:\webservice-albrecht\altmuehlsee\public_html\images\unterkuenfte\big\49_1211178241_4.jpg --> altmuehlsee.com /public_html/images/unterkuenfte/big 49_1211178241_4.jpg
2012.11.06 08:18 B D:\webservice-albrecht\altmuehlsee\public_html\images\unterkuenfte\big\49_1211178511_5.jpg --> altmuehlsee.com /public_html/images/unterkuenfte/big 49_1211178511_5.jpg
2012.11.06 08:18 B D:\webservice-albrecht\altmuehlsee\public_html\images\unterkuenfte\big\49_1233074848_6.jpg --> altmuehlsee.com /public_html/images/unterkuenfte/big 49_1233074848_6.jpg
2012.11.06 08:18 B D:\webservice-albrecht\altmuehlsee\public_html\images\unterkuenfte\big\50_1196413870_1.jpg --> altmuehlsee.com /public_html/images/unterkuenfte/big 50_1196413870_1.jpg
2012.11.06 08:18 B D:\webservice-albrecht\altmuehlsee\public_html\images\unterkuenfte\big\50_1212939934_5.jpg --> altmuehlsee.com /public_html/images/unterkuenfte/big 50_1212939934_5.jpg
2012.11.06 08:18 B D:\webservice-albrecht\altmuehlsee\public_html\images\unterkuenfte\big\50_1212940323_6.jpg --> altmuehlsee.com /public_html/images/unterkuenfte/big 50_1212940323_6.jpg
2012.11.06 08:18 B D:\webservice-albrecht\altmuehlsee\public_html\images\unterkuenfte\big\50_1212940455_7.jpg --> altmuehlsee.com /public_html/images/unterkuenfte/big 50_1212940455_7.jpg
2012.11.06 08:18 B D:\webservice-albrecht\altmuehlsee\public_html\images\unterkuenfte\big\51_1180086961_1.jpg --> altmuehlsee.com /public_html/images/unterkuenfte/big 51_1180086961_1.jpg
2012.11.06 08:18 B D:\webservice-albrecht\altmuehlsee\public_html\images\unterkuenfte\big\55_1180086961_1.jpg --> altmuehlsee.com /public_html/images/unterkuenfte/big 55_1180086961_1.jpg
2012.11.06 08:18 B D:\webservice-albrecht\altmuehlsee\public_html\images\unterkuenfte\big\57_1180086961_1.jpg --> altmuehlsee.com /public_html/images/unterkuenfte/big 57_1180086961_1.jpg
2012.11.06 08:18 B D:\webservice-albrecht\altmuehlsee\public_html\images\unterkuenfte\big\57_1335294731_2.jpg --> altmuehlsee.com /public_html/images/unterkuenfte/big 57_1335294731_2.jpg
2012.11.06 08:18 B D:\webservice-albrecht\altmuehlsee\public_html\images\unterkuenfte\big\57_1335294731_3.jpg --> altmuehlsee.com /public_html/images/unterkuenfte/big 57_1335294731_3.jpg
2012.11.06 08:18 B D:\webservice-albrecht\altmuehlsee\public_html\images\unterkuenfte\big\57_1335294731_4.jpg --> altmuehlsee.com /public_html/images/unterkuenfte/big 57_1335294731_4.jpg
2012.11.06 08:18 B D:\webservice-albrecht\altmuehlsee\public_html\images\unterkuenfte\big\59_1180086961_1.jpg --> altmuehlsee.com /public_html/images/unterkuenfte/big 59_1180086961_1.jpg
2012.11.06 08:18 B D:\webservice-albrecht\altmuehlsee\public_html\images\unterkuenfte\big\60_1258103089_1.jpg --> altmuehlsee.com /public_html/images/unterkuenfte/big 60_1258103089_1.jpg
2012.11.06 08:18 B D:\webservice-albrecht\altmuehlsee\public_html\images\unterkuenfte\big\62_1182325490_1.jpg --> altmuehlsee.com /public_html/images/unterkuenfte/big 62_1182325490_1.jpg
2012.11.06 08:18 B D:\webservice-albrecht\altmuehlsee\public_html\images\unterkuenfte\big\64_1182415608_0.jpg --> altmuehlsee.com /public_html/images/unterkuenfte/big 64_1182415608_0.jpg
2012.11.06 08:18 B D:\webservice-albrecht\altmuehlsee\public_html\images\unterkuenfte\big\65_1182416083_0.jpg --> altmuehlsee.com /public_html/images/unterkuenfte/big 65_1182416083_0.jpg
2012.11.06 08:18 B D:\webservice-albrecht\altmuehlsee\public_html\images\unterkuenfte\big\65_1182416083_1.jpg --> altmuehlsee.com /public_html/images/unterkuenfte/big 65_1182416083_1.jpg
2012.11.06 08:18 B D:\webservice-albrecht\altmuehlsee\public_html\images\unterkuenfte\big\65_1182416083_2.jpg --> altmuehlsee.com /public_html/images/unterkuenfte/big 65_1182416083_2.jpg
2012.11.06 08:18 B D:\webservice-albrecht\altmuehlsee\public_html\images\unterkuenfte\big\65_1182416083_3.jpg --> altmuehlsee.com /public_html/images/unterkuenfte/big 65_1182416083_3.jpg
2012.11.06 08:18 B D:\webservice-albrecht\altmuehlsee\public_html\images\unterkuenfte\big\65_1182416083_4.jpg --> altmuehlsee.com /public_html/images/unterkuenfte/big 65_1182416083_4.jpg
2012.11.06 08:18 B D:\webservice-albrecht\altmuehlsee\public_html\images\unterkuenfte\big\78_1183625677_1.jpg --> altmuehlsee.com /public_html/images/unterkuenfte/big 78_1183625677_1.jpg
2012.11.06 08:18 B D:\webservice-albrecht\altmuehlsee\public_html\images\unterkuenfte\big\79_1182937141_1.jpg --> altmuehlsee.com /public_html/images/unterkuenfte/big 79_1182937141_1.jpg
2012.11.06 08:18 B D:\webservice-albrecht\altmuehlsee\public_html\images\unterkuenfte\big\80_1183102701_1.jpg --> altmuehlsee.com /public_html/images/unterkuenfte/big 80_1183102701_1.jpg
2012.11.06 08:18 B D:\webservice-albrecht\altmuehlsee\public_html\images\unterkuenfte\big\81_1334059350_1.jpg --> altmuehlsee.com /public_html/images/unterkuenfte/big 81_1334059350_1.jpg
2012.11.06 08:18 B D:\webservice-albrecht\altmuehlsee\public_html\images\unterkuenfte\big\81_1334059379_2.jpg --> altmuehlsee.com /public_html/images/unterkuenfte/big 81_1334059379_2.jpg
2012.11.06 08:18 B D:\webservice-albrecht\altmuehlsee\public_html\images\unterkuenfte\big\81_1334059706_3.jpg --> altmuehlsee.com /public_html/images/unterkuenfte/big 81_1334059706_3.jpg
2012.11.06 08:18 B D:\webservice-albrecht\altmuehlsee\public_html\images\unterkuenfte\big\81_1334059753_4.jpg --> altmuehlsee.com /public_html/images/unterkuenfte/big 81_1334059753_4.jpg
2012.11.06 08:18 B D:\webservice-albrecht\altmuehlsee\public_html\images\unterkuenfte\big\81_1334059967_5.jpg --> altmuehlsee.com /public_html/images/unterkuenfte/big 81_1334059967_5.jpg
2012.11.06 08:18 B D:\webservice-albrecht\altmuehlsee\public_html\images\unterkuenfte\big\89_1183448535_1.jpg --> altmuehlsee.com /public_html/images/unterkuenfte/big 89_1183448535_1.jpg
2012.11.06 08:18 B D:\webservice-albrecht\altmuehlsee\public_html\images\unterkuenfte\big\95_1258013702_1.jpg --> altmuehlsee.com /public_html/images/unterkuenfte/big 95_1258013702_1.jpg
2012.11.06 08:18 B D:\webservice-albrecht\altmuehlsee\public_html\images\unterkuenfte\big\97_1185542149_1.jpg --> altmuehlsee.com /public_html/images/unterkuenfte/big 97_1185542149_1.jpg
2012.11.06 08:18 B D:\webservice-albrecht\altmuehlsee\public_html\images\unterkuenfte\big\98_1187351645_1.jpg --> altmuehlsee.com /public_html/images/unterkuenfte/big 98_1187351645_1.jpg
