2012.10.02 11:47 B D:\webservice-albrecht\altmuehlsee-portal\public_html\images\werbung\.htaccess <-- brombachsee.de /public_html/images/werbung .htaccess
2012.10.02 11:47 B D:\webservice-albrecht\altmuehlsee-portal\public_html\images\werbung\1180938570.jpg <-- brombachsee.de /public_html/images/werbung 1180938570.jpg
2012.10.02 11:47 B D:\webservice-albrecht\altmuehlsee-portal\public_html\images\werbung\1180938570_old.jpg <-- brombachsee.de /public_html/images/werbung 1180938570_old.jpg
2012.10.02 11:47 B D:\webservice-albrecht\altmuehlsee-portal\public_html\images\werbung\1180938781.jpg <-- brombachsee.de /public_html/images/werbung 1180938781.jpg
2012.10.02 11:47 B D:\webservice-albrecht\altmuehlsee-portal\public_html\images\werbung\1180938781_old.jpg <-- brombachsee.de /public_html/images/werbung 1180938781_old.jpg
2012.10.02 11:47 B D:\webservice-albrecht\altmuehlsee-portal\public_html\images\werbung\1181726051.jpg <-- brombachsee.de /public_html/images/werbung 1181726051.jpg
2012.10.02 11:47 B D:\webservice-albrecht\altmuehlsee-portal\public_html\images\werbung\1181726051_old.jpg <-- brombachsee.de /public_html/images/werbung 1181726051_old.jpg
2012.10.02 11:47 B D:\webservice-albrecht\altmuehlsee-portal\public_html\images\werbung\1181726245.jpg <-- brombachsee.de /public_html/images/werbung 1181726245.jpg
2012.10.02 11:47 B D:\webservice-albrecht\altmuehlsee-portal\public_html\images\werbung\1181726245_old.jpg <-- brombachsee.de /public_html/images/werbung 1181726245_old.jpg
2012.10.02 11:47 B D:\webservice-albrecht\altmuehlsee-portal\public_html\images\werbung\1181726317.jpg <-- brombachsee.de /public_html/images/werbung 1181726317.jpg
2012.10.02 11:47 B D:\webservice-albrecht\altmuehlsee-portal\public_html\images\werbung\1181726317_old.jpg <-- brombachsee.de /public_html/images/werbung 1181726317_old.jpg
2012.10.02 11:47 B D:\webservice-albrecht\altmuehlsee-portal\public_html\images\werbung\1181726375.jpg <-- brombachsee.de /public_html/images/werbung 1181726375.jpg
2012.10.02 11:47 B D:\webservice-albrecht\altmuehlsee-portal\public_html\images\werbung\1181726375_old.jpg <-- brombachsee.de /public_html/images/werbung 1181726375_old.jpg
2012.10.02 11:47 B D:\webservice-albrecht\altmuehlsee-portal\public_html\images\werbung\1207911824.jpg <-- brombachsee.de /public_html/images/werbung 1207911824.jpg
2012.10.02 11:47 B D:\webservice-albrecht\altmuehlsee-portal\public_html\images\werbung\1207911824_.jpg <-- brombachsee.de /public_html/images/werbung 1207911824_.jpg
2012.10.02 11:47 B D:\webservice-albrecht\altmuehlsee-portal\public_html\images\werbung\1317194704.jpg <-- brombachsee.de /public_html/images/werbung 1317194704.jpg
2012.10.02 11:47 B D:\webservice-albrecht\altmuehlsee-portal\public_html\images\werbung\1317195258.jpg <-- brombachsee.de /public_html/images/werbung 1317195258.jpg
2012.10.02 11:47 B D:\webservice-albrecht\altmuehlsee-portal\public_html\images\werbung\1317215949.jpg <-- brombachsee.de /public_html/images/werbung 1317215949.jpg
2012.10.02 11:47 B D:\webservice-albrecht\altmuehlsee-portal\public_html\images\werbung\1341224471.jpg <-- brombachsee.de /public_html/images/werbung 1341224471.jpg
2012.10.02 11:47 B D:\webservice-albrecht\altmuehlsee-portal\public_html\images\werbung\1341224560.jpg <-- brombachsee.de /public_html/images/werbung 1341224560.jpg
2012.10.02 11:47 B D:\webservice-albrecht\altmuehlsee-portal\public_html\images\werbung\1341224825.jpg <-- brombachsee.de /public_html/images/werbung 1341224825.jpg
2012.10.02 11:47 B D:\webservice-albrecht\altmuehlsee-portal\public_html\images\werbung\1341912020.jpg <-- brombachsee.de /public_html/images/werbung 1341912020.jpg
2012.10.02 11:47 B D:\webservice-albrecht\altmuehlsee-portal\public_html\images\werbung\1341912020_old.jpg <-- brombachsee.de /public_html/images/werbung 1341912020_old.jpg
2012.10.02 11:47 B D:\webservice-albrecht\altmuehlsee-portal\public_html\images\werbung\hetzner_test_old.jpg <-- brombachsee.de /public_html/images/werbung hetzner_test_old.jpg
2012.10.02 11:47 B D:\webservice-albrecht\altmuehlsee-portal\public_html\images\werbung\silvesterangebot.jpg <-- brombachsee.de /public_html/images/werbung silvesterangebot.jpg
2012.10.02 11:47 B D:\webservice-albrecht\altmuehlsee-portal\public_html\images\werbung\webservice-albrecht.jpg <-- brombachsee.de /public_html/images/werbung webservice-albrecht.jpg
2012.10.02 11:47 B D:\webservice-albrecht\altmuehlsee-portal\public_html\images\werbung\weihnachtsangebot.jpg <-- brombachsee.de /public_html/images/werbung weihnachtsangebot.jpg
2012.10.02 11:47 B D:\webservice-albrecht\altmuehlsee-portal\public_html\images\werbung\werbung.jpg <-- brombachsee.de /public_html/images/werbung werbung.jpg
2012.10.02 12:25 B D:\webservice-albrecht\altmuehlsee-portal\test\images\werbung\.htaccess --> altmuehlsee-portal.com /public_html/test/images/werbung .htaccess
2012.10.02 12:25 B D:\webservice-albrecht\altmuehlsee-portal\test\images\werbung\1180938570.jpg --> altmuehlsee-portal.com /public_html/test/images/werbung 1180938570.jpg
2012.10.02 12:25 B D:\webservice-albrecht\altmuehlsee-portal\test\images\werbung\1180938570_old.jpg --> altmuehlsee-portal.com /public_html/test/images/werbung 1180938570_old.jpg
2012.10.02 12:25 B D:\webservice-albrecht\altmuehlsee-portal\test\images\werbung\1180938781.jpg --> altmuehlsee-portal.com /public_html/test/images/werbung 1180938781.jpg
2012.10.02 12:25 B D:\webservice-albrecht\altmuehlsee-portal\test\images\werbung\1180938781_old.jpg --> altmuehlsee-portal.com /public_html/test/images/werbung 1180938781_old.jpg
2012.10.02 12:25 B D:\webservice-albrecht\altmuehlsee-portal\test\images\werbung\1181726051.jpg --> altmuehlsee-portal.com /public_html/test/images/werbung 1181726051.jpg
2012.10.02 12:25 B D:\webservice-albrecht\altmuehlsee-portal\test\images\werbung\1181726051_old.jpg --> altmuehlsee-portal.com /public_html/test/images/werbung 1181726051_old.jpg
2012.10.02 12:25 B D:\webservice-albrecht\altmuehlsee-portal\test\images\werbung\1181726245.jpg --> altmuehlsee-portal.com /public_html/test/images/werbung 1181726245.jpg
2012.10.02 12:25 B D:\webservice-albrecht\altmuehlsee-portal\test\images\werbung\1181726245_old.jpg --> altmuehlsee-portal.com /public_html/test/images/werbung 1181726245_old.jpg
2012.10.02 12:25 B D:\webservice-albrecht\altmuehlsee-portal\test\images\werbung\1181726317.jpg --> altmuehlsee-portal.com /public_html/test/images/werbung 1181726317.jpg
2012.10.02 12:25 B D:\webservice-albrecht\altmuehlsee-portal\test\images\werbung\1181726317_old.jpg --> altmuehlsee-portal.com /public_html/test/images/werbung 1181726317_old.jpg
2012.10.02 12:25 B D:\webservice-albrecht\altmuehlsee-portal\test\images\werbung\1181726375.jpg --> altmuehlsee-portal.com /public_html/test/images/werbung 1181726375.jpg
2012.10.02 12:25 B D:\webservice-albrecht\altmuehlsee-portal\test\images\werbung\1181726375_old.jpg --> altmuehlsee-portal.com /public_html/test/images/werbung 1181726375_old.jpg
2012.10.02 12:25 B D:\webservice-albrecht\altmuehlsee-portal\test\images\werbung\1207911824.jpg --> altmuehlsee-portal.com /public_html/test/images/werbung 1207911824.jpg
2012.10.02 12:25 B D:\webservice-albrecht\altmuehlsee-portal\test\images\werbung\1207911824_.jpg --> altmuehlsee-portal.com /public_html/test/images/werbung 1207911824_.jpg
2012.10.02 12:25 B D:\webservice-albrecht\altmuehlsee-portal\test\images\werbung\1317194704.jpg --> altmuehlsee-portal.com /public_html/test/images/werbung 1317194704.jpg
2012.10.02 12:25 B D:\webservice-albrecht\altmuehlsee-portal\test\images\werbung\1317195258.jpg --> altmuehlsee-portal.com /public_html/test/images/werbung 1317195258.jpg
2012.10.02 12:25 B D:\webservice-albrecht\altmuehlsee-portal\test\images\werbung\1317215949.jpg --> altmuehlsee-portal.com /public_html/test/images/werbung 1317215949.jpg
2012.10.02 12:25 B D:\webservice-albrecht\altmuehlsee-portal\test\images\werbung\1341224471.jpg --> altmuehlsee-portal.com /public_html/test/images/werbung 1341224471.jpg
2012.10.02 12:25 B D:\webservice-albrecht\altmuehlsee-portal\test\images\werbung\1341224560.jpg --> altmuehlsee-portal.com /public_html/test/images/werbung 1341224560.jpg
2012.10.02 12:25 B D:\webservice-albrecht\altmuehlsee-portal\test\images\werbung\1341224825.jpg --> altmuehlsee-portal.com /public_html/test/images/werbung 1341224825.jpg
2012.10.02 12:25 B D:\webservice-albrecht\altmuehlsee-portal\test\images\werbung\1341912020.jpg --> altmuehlsee-portal.com /public_html/test/images/werbung 1341912020.jpg
2012.10.02 12:26 B D:\webservice-albrecht\altmuehlsee-portal\test\images\werbung\1341912020_old.jpg --> altmuehlsee-portal.com /public_html/test/images/werbung 1341912020_old.jpg
2012.10.02 12:26 B D:\webservice-albrecht\altmuehlsee-portal\test\images\werbung\hetzner_test_old.jpg --> altmuehlsee-portal.com /public_html/test/images/werbung hetzner_test_old.jpg
2012.10.02 12:26 B D:\webservice-albrecht\altmuehlsee-portal\test\images\werbung\silvesterangebot.jpg --> altmuehlsee-portal.com /public_html/test/images/werbung silvesterangebot.jpg
2012.10.02 12:26 B D:\webservice-albrecht\altmuehlsee-portal\test\images\werbung\webservice-albrecht.jpg --> altmuehlsee-portal.com /public_html/test/images/werbung webservice-albrecht.jpg
2012.10.02 12:26 B D:\webservice-albrecht\altmuehlsee-portal\test\images\werbung\weihnachtsangebot.jpg --> altmuehlsee-portal.com /public_html/test/images/werbung weihnachtsangebot.jpg
2012.10.02 12:26 B D:\webservice-albrecht\altmuehlsee-portal\test\images\werbung\werbung.jpg --> altmuehlsee-portal.com /public_html/test/images/werbung werbung.jpg
2012.10.02 14:02 B D:\webservice-albrecht\altmuehlsee-portal\test\images\werbung\WS_FTP.LOG <-- altmuehlsee-portal.com /public_html/test/images/werbung WS_FTP.LOG
2012.10.02 17:24 B D:\webservice-albrecht\altmuehlsee-portal\public_html\images\werbung\.htaccess --> altmuehlsee-portal.com /public_html/images/werbung .htaccess
2012.10.02 17:24 B D:\webservice-albrecht\altmuehlsee-portal\public_html\images\werbung\1180938570.jpg --> altmuehlsee-portal.com /public_html/images/werbung 1180938570.jpg
2012.10.02 17:24 B D:\webservice-albrecht\altmuehlsee-portal\public_html\images\werbung\1180938570_old.jpg --> altmuehlsee-portal.com /public_html/images/werbung 1180938570_old.jpg
2012.10.02 17:24 B D:\webservice-albrecht\altmuehlsee-portal\public_html\images\werbung\1180938781.jpg --> altmuehlsee-portal.com /public_html/images/werbung 1180938781.jpg
2012.10.02 17:24 B D:\webservice-albrecht\altmuehlsee-portal\public_html\images\werbung\1180938781_old.jpg --> altmuehlsee-portal.com /public_html/images/werbung 1180938781_old.jpg
2012.10.02 17:24 B D:\webservice-albrecht\altmuehlsee-portal\public_html\images\werbung\1181726051.jpg --> altmuehlsee-portal.com /public_html/images/werbung 1181726051.jpg
2012.10.02 17:24 B D:\webservice-albrecht\altmuehlsee-portal\public_html\images\werbung\1181726051_old.jpg --> altmuehlsee-portal.com /public_html/images/werbung 1181726051_old.jpg
2012.10.02 17:24 B D:\webservice-albrecht\altmuehlsee-portal\public_html\images\werbung\1181726245.jpg --> altmuehlsee-portal.com /public_html/images/werbung 1181726245.jpg
2012.10.02 17:24 B D:\webservice-albrecht\altmuehlsee-portal\public_html\images\werbung\1181726245_old.jpg --> altmuehlsee-portal.com /public_html/images/werbung 1181726245_old.jpg
2012.10.02 17:24 B D:\webservice-albrecht\altmuehlsee-portal\public_html\images\werbung\1181726317.jpg --> altmuehlsee-portal.com /public_html/images/werbung 1181726317.jpg
2012.10.02 17:24 B D:\webservice-albrecht\altmuehlsee-portal\public_html\images\werbung\1181726317_old.jpg --> altmuehlsee-portal.com /public_html/images/werbung 1181726317_old.jpg
2012.10.02 17:24 B D:\webservice-albrecht\altmuehlsee-portal\public_html\images\werbung\1181726375.jpg --> altmuehlsee-portal.com /public_html/images/werbung 1181726375.jpg
2012.10.02 17:24 B D:\webservice-albrecht\altmuehlsee-portal\public_html\images\werbung\1181726375_old.jpg --> altmuehlsee-portal.com /public_html/images/werbung 1181726375_old.jpg
2012.10.02 17:24 B D:\webservice-albrecht\altmuehlsee-portal\public_html\images\werbung\1207911824.jpg --> altmuehlsee-portal.com /public_html/images/werbung 1207911824.jpg
2012.10.02 17:24 B D:\webservice-albrecht\altmuehlsee-portal\public_html\images\werbung\1207911824_.jpg --> altmuehlsee-portal.com /public_html/images/werbung 1207911824_.jpg
2012.10.02 17:24 B D:\webservice-albrecht\altmuehlsee-portal\public_html\images\werbung\1317194704.jpg --> altmuehlsee-portal.com /public_html/images/werbung 1317194704.jpg
2012.10.02 17:24 B D:\webservice-albrecht\altmuehlsee-portal\public_html\images\werbung\1317195258.jpg --> altmuehlsee-portal.com /public_html/images/werbung 1317195258.jpg
2012.10.02 17:24 B D:\webservice-albrecht\altmuehlsee-portal\public_html\images\werbung\1317215949.jpg --> altmuehlsee-portal.com /public_html/images/werbung 1317215949.jpg
2012.10.02 17:24 B D:\webservice-albrecht\altmuehlsee-portal\public_html\images\werbung\1341224471.jpg --> altmuehlsee-portal.com /public_html/images/werbung 1341224471.jpg
2012.10.02 17:24 B D:\webservice-albrecht\altmuehlsee-portal\public_html\images\werbung\1341224560.jpg --> altmuehlsee-portal.com /public_html/images/werbung 1341224560.jpg
2012.10.02 17:24 B D:\webservice-albrecht\altmuehlsee-portal\public_html\images\werbung\1341224825.jpg --> altmuehlsee-portal.com /public_html/images/werbung 1341224825.jpg
2012.10.02 17:24 B D:\webservice-albrecht\altmuehlsee-portal\public_html\images\werbung\1341912020.jpg --> altmuehlsee-portal.com /public_html/images/werbung 1341912020.jpg
2012.10.02 17:24 B D:\webservice-albrecht\altmuehlsee-portal\public_html\images\werbung\1341912020_old.jpg --> altmuehlsee-portal.com /public_html/images/werbung 1341912020_old.jpg
2012.10.02 17:24 B D:\webservice-albrecht\altmuehlsee-portal\public_html\images\werbung\hetzner_test_old.jpg --> altmuehlsee-portal.com /public_html/images/werbung hetzner_test_old.jpg
2012.10.02 17:24 B D:\webservice-albrecht\altmuehlsee-portal\public_html\images\werbung\silvesterangebot.jpg --> altmuehlsee-portal.com /public_html/images/werbung silvesterangebot.jpg
2012.10.02 17:24 B D:\webservice-albrecht\altmuehlsee-portal\public_html\images\werbung\webservice-albrecht.jpg --> altmuehlsee-portal.com /public_html/images/werbung webservice-albrecht.jpg
2012.10.02 17:24 B D:\webservice-albrecht\altmuehlsee-portal\public_html\images\werbung\weihnachtsangebot.jpg --> altmuehlsee-portal.com /public_html/images/werbung weihnachtsangebot.jpg
2012.10.02 17:24 B D:\webservice-albrecht\altmuehlsee-portal\public_html\images\werbung\werbung.jpg --> altmuehlsee-portal.com /public_html/images/werbung werbung.jpg
2012.11.06 08:08 B D:\webservice-albrecht\altmuehlsee\public_html\images\werbung\WS_FTP.LOG <-- altmuehlsee-portal.com /public_html/images/werbung WS_FTP.LOG
2012.11.06 08:19 B D:\webservice-albrecht\altmuehlsee\public_html\images\werbung\.htaccess --> altmuehlsee.com /public_html/images/werbung .htaccess
2012.11.06 08:19 B D:\webservice-albrecht\altmuehlsee\public_html\images\werbung\1180938570.jpg --> altmuehlsee.com /public_html/images/werbung 1180938570.jpg
2012.11.06 08:19 B D:\webservice-albrecht\altmuehlsee\public_html\images\werbung\1180938570_old.jpg --> altmuehlsee.com /public_html/images/werbung 1180938570_old.jpg
2012.11.06 08:19 B D:\webservice-albrecht\altmuehlsee\public_html\images\werbung\1180938781.jpg --> altmuehlsee.com /public_html/images/werbung 1180938781.jpg
2012.11.06 08:19 B D:\webservice-albrecht\altmuehlsee\public_html\images\werbung\1180938781_old.jpg --> altmuehlsee.com /public_html/images/werbung 1180938781_old.jpg
2012.11.06 08:19 B D:\webservice-albrecht\altmuehlsee\public_html\images\werbung\1181726051.jpg --> altmuehlsee.com /public_html/images/werbung 1181726051.jpg
2012.11.06 08:19 B D:\webservice-albrecht\altmuehlsee\public_html\images\werbung\1181726051_old.jpg --> altmuehlsee.com /public_html/images/werbung 1181726051_old.jpg
2012.11.06 08:19 B D:\webservice-albrecht\altmuehlsee\public_html\images\werbung\1181726245.jpg --> altmuehlsee.com /public_html/images/werbung 1181726245.jpg
2012.11.06 08:19 B D:\webservice-albrecht\altmuehlsee\public_html\images\werbung\1181726245_old.jpg --> altmuehlsee.com /public_html/images/werbung 1181726245_old.jpg
2012.11.06 08:19 B D:\webservice-albrecht\altmuehlsee\public_html\images\werbung\1181726317.jpg --> altmuehlsee.com /public_html/images/werbung 1181726317.jpg
2012.11.06 08:19 B D:\webservice-albrecht\altmuehlsee\public_html\images\werbung\1181726317_old.jpg --> altmuehlsee.com /public_html/images/werbung 1181726317_old.jpg
2012.11.06 08:19 B D:\webservice-albrecht\altmuehlsee\public_html\images\werbung\1181726375.jpg --> altmuehlsee.com /public_html/images/werbung 1181726375.jpg
2012.11.06 08:19 B D:\webservice-albrecht\altmuehlsee\public_html\images\werbung\1181726375_old.jpg --> altmuehlsee.com /public_html/images/werbung 1181726375_old.jpg
2012.11.06 08:19 B D:\webservice-albrecht\altmuehlsee\public_html\images\werbung\1207911824.jpg --> altmuehlsee.com /public_html/images/werbung 1207911824.jpg
2012.11.06 08:19 B D:\webservice-albrecht\altmuehlsee\public_html\images\werbung\1207911824_.jpg --> altmuehlsee.com /public_html/images/werbung 1207911824_.jpg
2012.11.06 08:19 B D:\webservice-albrecht\altmuehlsee\public_html\images\werbung\1317194704.jpg --> altmuehlsee.com /public_html/images/werbung 1317194704.jpg
2012.11.06 08:19 B D:\webservice-albrecht\altmuehlsee\public_html\images\werbung\1317195258.jpg --> altmuehlsee.com /public_html/images/werbung 1317195258.jpg
2012.11.06 08:19 B D:\webservice-albrecht\altmuehlsee\public_html\images\werbung\1317215949.jpg --> altmuehlsee.com /public_html/images/werbung 1317215949.jpg
2012.11.06 08:19 B D:\webservice-albrecht\altmuehlsee\public_html\images\werbung\1341224471.jpg --> altmuehlsee.com /public_html/images/werbung 1341224471.jpg
2012.11.06 08:19 B D:\webservice-albrecht\altmuehlsee\public_html\images\werbung\1341224560.jpg --> altmuehlsee.com /public_html/images/werbung 1341224560.jpg
2012.11.06 08:19 B D:\webservice-albrecht\altmuehlsee\public_html\images\werbung\1341224825.jpg --> altmuehlsee.com /public_html/images/werbung 1341224825.jpg
2012.11.06 08:19 B D:\webservice-albrecht\altmuehlsee\public_html\images\werbung\1341912020.jpg --> altmuehlsee.com /public_html/images/werbung 1341912020.jpg
2012.11.06 08:19 B D:\webservice-albrecht\altmuehlsee\public_html\images\werbung\1341912020_old.jpg --> altmuehlsee.com /public_html/images/werbung 1341912020_old.jpg
2012.11.06 08:19 B D:\webservice-albrecht\altmuehlsee\public_html\images\werbung\hetzner_test_old.jpg --> altmuehlsee.com /public_html/images/werbung hetzner_test_old.jpg
2012.11.06 08:19 B D:\webservice-albrecht\altmuehlsee\public_html\images\werbung\silvesterangebot.jpg --> altmuehlsee.com /public_html/images/werbung silvesterangebot.jpg
2012.11.06 08:19 B D:\webservice-albrecht\altmuehlsee\public_html\images\werbung\webservice-albrecht.jpg --> altmuehlsee.com /public_html/images/werbung webservice-albrecht.jpg
2012.11.06 08:19 B D:\webservice-albrecht\altmuehlsee\public_html\images\werbung\weihnachtsangebot.jpg --> altmuehlsee.com /public_html/images/werbung weihnachtsangebot.jpg
2012.11.06 08:19 B D:\webservice-albrecht\altmuehlsee\public_html\images\werbung\werbung.jpg --> altmuehlsee.com /public_html/images/werbung werbung.jpg
