2012.10.02 11:45 B D:\webservice-albrecht\altmuehlsee-portal\public_html\images\freizeit\.htaccess <-- brombachsee.de /public_html/images/freizeit .htaccess
2012.10.02 11:45 B D:\webservice-albrecht\altmuehlsee-portal\public_html\images\freizeit\1174562059.jpg <-- brombachsee.de /public_html/images/freizeit 1174562059.jpg
2012.10.02 11:45 B D:\webservice-albrecht\altmuehlsee-portal\public_html\images\freizeit\1174562575.jpg <-- brombachsee.de /public_html/images/freizeit 1174562575.jpg
2012.10.02 11:45 B D:\webservice-albrecht\altmuehlsee-portal\public_html\images\freizeit\1174563320.jpg <-- brombachsee.de /public_html/images/freizeit 1174563320.jpg
2012.10.02 11:45 B D:\webservice-albrecht\altmuehlsee-portal\public_html\images\freizeit\1174887981.jpg <-- brombachsee.de /public_html/images/freizeit 1174887981.jpg
2012.10.02 11:45 B D:\webservice-albrecht\altmuehlsee-portal\public_html\images\freizeit\1174888253.jpg <-- brombachsee.de /public_html/images/freizeit 1174888253.jpg
2012.10.02 11:45 B D:\webservice-albrecht\altmuehlsee-portal\public_html\images\freizeit\1174888307.jpg <-- brombachsee.de /public_html/images/freizeit 1174888307.jpg
2012.10.02 11:45 B D:\webservice-albrecht\altmuehlsee-portal\public_html\images\freizeit\1174888356.jpg <-- brombachsee.de /public_html/images/freizeit 1174888356.jpg
2012.10.02 11:45 B D:\webservice-albrecht\altmuehlsee-portal\public_html\images\freizeit\1174891232.jpg <-- brombachsee.de /public_html/images/freizeit 1174891232.jpg
2012.10.02 11:45 B D:\webservice-albrecht\altmuehlsee-portal\public_html\images\freizeit\1174892855.jpg <-- brombachsee.de /public_html/images/freizeit 1174892855.jpg
2012.10.02 11:45 B D:\webservice-albrecht\altmuehlsee-portal\public_html\images\freizeit\1174893400.jpg <-- brombachsee.de /public_html/images/freizeit 1174893400.jpg
2012.10.02 11:45 B D:\webservice-albrecht\altmuehlsee-portal\public_html\images\freizeit\1174893481.jpg <-- brombachsee.de /public_html/images/freizeit 1174893481.jpg
2012.10.02 11:45 B D:\webservice-albrecht\altmuehlsee-portal\public_html\images\freizeit\1178082262.jpg <-- brombachsee.de /public_html/images/freizeit 1178082262.jpg
2012.10.02 11:45 B D:\webservice-albrecht\altmuehlsee-portal\public_html\images\freizeit\1178082308.jpg <-- brombachsee.de /public_html/images/freizeit 1178082308.jpg
2012.10.02 11:45 B D:\webservice-albrecht\altmuehlsee-portal\public_html\images\freizeit\1178082335.jpg <-- brombachsee.de /public_html/images/freizeit 1178082335.jpg
2012.10.02 11:45 B D:\webservice-albrecht\altmuehlsee-portal\public_html\images\freizeit\1178082366.jpg <-- brombachsee.de /public_html/images/freizeit 1178082366.jpg
2012.10.02 11:45 B D:\webservice-albrecht\altmuehlsee-portal\public_html\images\freizeit\1245748718.jpg <-- brombachsee.de /public_html/images/freizeit 1245748718.jpg
2012.10.02 11:45 B D:\webservice-albrecht\altmuehlsee-portal\public_html\images\freizeit\1245748938.jpg <-- brombachsee.de /public_html/images/freizeit 1245748938.jpg
2012.10.02 11:45 B D:\webservice-albrecht\altmuehlsee-portal\public_html\images\freizeit\1245749069.jpg <-- brombachsee.de /public_html/images/freizeit 1245749069.jpg
2012.10.02 11:45 B D:\webservice-albrecht\altmuehlsee-portal\public_html\images\freizeit\1245749115.jpg <-- brombachsee.de /public_html/images/freizeit 1245749115.jpg
2012.10.02 11:45 B D:\webservice-albrecht\altmuehlsee-portal\public_html\images\freizeit\1245995512.jpg <-- brombachsee.de /public_html/images/freizeit 1245995512.jpg
2012.10.02 11:45 B D:\webservice-albrecht\altmuehlsee-portal\public_html\images\freizeit\1324547145.jpg <-- brombachsee.de /public_html/images/freizeit 1324547145.jpg
2012.10.02 11:45 B D:\webservice-albrecht\altmuehlsee-portal\public_html\images\freizeit\1324547252.jpg <-- brombachsee.de /public_html/images/freizeit 1324547252.jpg
2012.10.02 11:45 B D:\webservice-albrecht\altmuehlsee-portal\public_html\images\freizeit\1324547714.jpg <-- brombachsee.de /public_html/images/freizeit 1324547714.jpg
2012.10.02 11:45 B D:\webservice-albrecht\altmuehlsee-portal\public_html\images\freizeit\1324547834.jpg <-- brombachsee.de /public_html/images/freizeit 1324547834.jpg
2012.10.02 11:45 B D:\webservice-albrecht\altmuehlsee-portal\public_html\images\freizeit\1324547885.jpg <-- brombachsee.de /public_html/images/freizeit 1324547885.jpg
2012.10.02 11:45 B D:\webservice-albrecht\altmuehlsee-portal\public_html\images\freizeit\1324548113.jpg <-- brombachsee.de /public_html/images/freizeit 1324548113.jpg
2012.10.02 11:45 B D:\webservice-albrecht\altmuehlsee-portal\public_html\images\freizeit\1324548185.jpg <-- brombachsee.de /public_html/images/freizeit 1324548185.jpg
2012.10.02 11:45 B D:\webservice-albrecht\altmuehlsee-portal\public_html\images\freizeit\1324548760.jpg <-- brombachsee.de /public_html/images/freizeit 1324548760.jpg
2012.10.02 12:23 B D:\webservice-albrecht\altmuehlsee-portal\test\images\freizeit\.htaccess --> altmuehlsee-portal.com /public_html/test/images/freizeit .htaccess
2012.10.02 12:23 B D:\webservice-albrecht\altmuehlsee-portal\test\images\freizeit\1174562059.jpg --> altmuehlsee-portal.com /public_html/test/images/freizeit 1174562059.jpg
2012.10.02 12:23 B D:\webservice-albrecht\altmuehlsee-portal\test\images\freizeit\1174562575.jpg --> altmuehlsee-portal.com /public_html/test/images/freizeit 1174562575.jpg
2012.10.02 12:23 B D:\webservice-albrecht\altmuehlsee-portal\test\images\freizeit\1174563320.jpg --> altmuehlsee-portal.com /public_html/test/images/freizeit 1174563320.jpg
2012.10.02 12:23 B D:\webservice-albrecht\altmuehlsee-portal\test\images\freizeit\1174887981.jpg --> altmuehlsee-portal.com /public_html/test/images/freizeit 1174887981.jpg
2012.10.02 12:23 B D:\webservice-albrecht\altmuehlsee-portal\test\images\freizeit\1174888253.jpg --> altmuehlsee-portal.com /public_html/test/images/freizeit 1174888253.jpg
2012.10.02 12:23 B D:\webservice-albrecht\altmuehlsee-portal\test\images\freizeit\1174888307.jpg --> altmuehlsee-portal.com /public_html/test/images/freizeit 1174888307.jpg
2012.10.02 12:23 B D:\webservice-albrecht\altmuehlsee-portal\test\images\freizeit\1174888356.jpg --> altmuehlsee-portal.com /public_html/test/images/freizeit 1174888356.jpg
2012.10.02 12:23 B D:\webservice-albrecht\altmuehlsee-portal\test\images\freizeit\1174891232.jpg --> altmuehlsee-portal.com /public_html/test/images/freizeit 1174891232.jpg
2012.10.02 12:23 B D:\webservice-albrecht\altmuehlsee-portal\test\images\freizeit\1174892855.jpg --> altmuehlsee-portal.com /public_html/test/images/freizeit 1174892855.jpg
2012.10.02 12:23 B D:\webservice-albrecht\altmuehlsee-portal\test\images\freizeit\1174893400.jpg --> altmuehlsee-portal.com /public_html/test/images/freizeit 1174893400.jpg
2012.10.02 12:23 B D:\webservice-albrecht\altmuehlsee-portal\test\images\freizeit\1174893481.jpg --> altmuehlsee-portal.com /public_html/test/images/freizeit 1174893481.jpg
2012.10.02 12:23 B D:\webservice-albrecht\altmuehlsee-portal\test\images\freizeit\1178082262.jpg --> altmuehlsee-portal.com /public_html/test/images/freizeit 1178082262.jpg
2012.10.02 12:23 B D:\webservice-albrecht\altmuehlsee-portal\test\images\freizeit\1178082308.jpg --> altmuehlsee-portal.com /public_html/test/images/freizeit 1178082308.jpg
2012.10.02 12:23 B D:\webservice-albrecht\altmuehlsee-portal\test\images\freizeit\1178082335.jpg --> altmuehlsee-portal.com /public_html/test/images/freizeit 1178082335.jpg
2012.10.02 12:23 B D:\webservice-albrecht\altmuehlsee-portal\test\images\freizeit\1178082366.jpg --> altmuehlsee-portal.com /public_html/test/images/freizeit 1178082366.jpg
2012.10.02 12:23 B D:\webservice-albrecht\altmuehlsee-portal\test\images\freizeit\1245748718.jpg --> altmuehlsee-portal.com /public_html/test/images/freizeit 1245748718.jpg
2012.10.02 12:23 B D:\webservice-albrecht\altmuehlsee-portal\test\images\freizeit\1245748938.jpg --> altmuehlsee-portal.com /public_html/test/images/freizeit 1245748938.jpg
2012.10.02 12:23 B D:\webservice-albrecht\altmuehlsee-portal\test\images\freizeit\1245749069.jpg --> altmuehlsee-portal.com /public_html/test/images/freizeit 1245749069.jpg
2012.10.02 12:23 B D:\webservice-albrecht\altmuehlsee-portal\test\images\freizeit\1245749115.jpg --> altmuehlsee-portal.com /public_html/test/images/freizeit 1245749115.jpg
2012.10.02 12:23 B D:\webservice-albrecht\altmuehlsee-portal\test\images\freizeit\1245995512.jpg --> altmuehlsee-portal.com /public_html/test/images/freizeit 1245995512.jpg
2012.10.02 12:23 B D:\webservice-albrecht\altmuehlsee-portal\test\images\freizeit\1324547145.jpg --> altmuehlsee-portal.com /public_html/test/images/freizeit 1324547145.jpg
2012.10.02 12:23 B D:\webservice-albrecht\altmuehlsee-portal\test\images\freizeit\1324547252.jpg --> altmuehlsee-portal.com /public_html/test/images/freizeit 1324547252.jpg
2012.10.02 12:23 B D:\webservice-albrecht\altmuehlsee-portal\test\images\freizeit\1324547714.jpg --> altmuehlsee-portal.com /public_html/test/images/freizeit 1324547714.jpg
2012.10.02 12:23 B D:\webservice-albrecht\altmuehlsee-portal\test\images\freizeit\1324547834.jpg --> altmuehlsee-portal.com /public_html/test/images/freizeit 1324547834.jpg
2012.10.02 12:23 B D:\webservice-albrecht\altmuehlsee-portal\test\images\freizeit\1324547885.jpg --> altmuehlsee-portal.com /public_html/test/images/freizeit 1324547885.jpg
2012.10.02 12:23 B D:\webservice-albrecht\altmuehlsee-portal\test\images\freizeit\1324548113.jpg --> altmuehlsee-portal.com /public_html/test/images/freizeit 1324548113.jpg
2012.10.02 12:23 B D:\webservice-albrecht\altmuehlsee-portal\test\images\freizeit\1324548185.jpg --> altmuehlsee-portal.com /public_html/test/images/freizeit 1324548185.jpg
2012.10.02 12:23 B D:\webservice-albrecht\altmuehlsee-portal\test\images\freizeit\1324548760.jpg --> altmuehlsee-portal.com /public_html/test/images/freizeit 1324548760.jpg
2012.10.02 14:00 B D:\webservice-albrecht\altmuehlsee-portal\test\images\freizeit\WS_FTP.LOG <-- altmuehlsee-portal.com /public_html/test/images/freizeit WS_FTP.LOG
2012.10.02 17:22 B D:\webservice-albrecht\altmuehlsee-portal\public_html\images\freizeit\.htaccess --> altmuehlsee-portal.com /public_html/images/freizeit .htaccess
2012.10.02 17:22 B D:\webservice-albrecht\altmuehlsee-portal\public_html\images\freizeit\1174562059.jpg --> altmuehlsee-portal.com /public_html/images/freizeit 1174562059.jpg
2012.10.02 17:22 B D:\webservice-albrecht\altmuehlsee-portal\public_html\images\freizeit\1174562575.jpg --> altmuehlsee-portal.com /public_html/images/freizeit 1174562575.jpg
2012.10.02 17:22 B D:\webservice-albrecht\altmuehlsee-portal\public_html\images\freizeit\1174563320.jpg --> altmuehlsee-portal.com /public_html/images/freizeit 1174563320.jpg
2012.10.02 17:22 B D:\webservice-albrecht\altmuehlsee-portal\public_html\images\freizeit\1174887981.jpg --> altmuehlsee-portal.com /public_html/images/freizeit 1174887981.jpg
2012.10.02 17:22 B D:\webservice-albrecht\altmuehlsee-portal\public_html\images\freizeit\1174888253.jpg --> altmuehlsee-portal.com /public_html/images/freizeit 1174888253.jpg
2012.10.02 17:22 B D:\webservice-albrecht\altmuehlsee-portal\public_html\images\freizeit\1174888307.jpg --> altmuehlsee-portal.com /public_html/images/freizeit 1174888307.jpg
2012.10.02 17:22 B D:\webservice-albrecht\altmuehlsee-portal\public_html\images\freizeit\1174888356.jpg --> altmuehlsee-portal.com /public_html/images/freizeit 1174888356.jpg
2012.10.02 17:22 B D:\webservice-albrecht\altmuehlsee-portal\public_html\images\freizeit\1174891232.jpg --> altmuehlsee-portal.com /public_html/images/freizeit 1174891232.jpg
2012.10.02 17:22 B D:\webservice-albrecht\altmuehlsee-portal\public_html\images\freizeit\1174892855.jpg --> altmuehlsee-portal.com /public_html/images/freizeit 1174892855.jpg
2012.10.02 17:22 B D:\webservice-albrecht\altmuehlsee-portal\public_html\images\freizeit\1174893400.jpg --> altmuehlsee-portal.com /public_html/images/freizeit 1174893400.jpg
2012.10.02 17:22 B D:\webservice-albrecht\altmuehlsee-portal\public_html\images\freizeit\1174893481.jpg --> altmuehlsee-portal.com /public_html/images/freizeit 1174893481.jpg
2012.10.02 17:22 B D:\webservice-albrecht\altmuehlsee-portal\public_html\images\freizeit\1178082262.jpg --> altmuehlsee-portal.com /public_html/images/freizeit 1178082262.jpg
2012.10.02 17:22 B D:\webservice-albrecht\altmuehlsee-portal\public_html\images\freizeit\1178082308.jpg --> altmuehlsee-portal.com /public_html/images/freizeit 1178082308.jpg
2012.10.02 17:22 B D:\webservice-albrecht\altmuehlsee-portal\public_html\images\freizeit\1178082335.jpg --> altmuehlsee-portal.com /public_html/images/freizeit 1178082335.jpg
2012.10.02 17:22 B D:\webservice-albrecht\altmuehlsee-portal\public_html\images\freizeit\1178082366.jpg --> altmuehlsee-portal.com /public_html/images/freizeit 1178082366.jpg
2012.10.02 17:22 B D:\webservice-albrecht\altmuehlsee-portal\public_html\images\freizeit\1245748718.jpg --> altmuehlsee-portal.com /public_html/images/freizeit 1245748718.jpg
2012.10.02 17:22 B D:\webservice-albrecht\altmuehlsee-portal\public_html\images\freizeit\1245748938.jpg --> altmuehlsee-portal.com /public_html/images/freizeit 1245748938.jpg
2012.10.02 17:22 B D:\webservice-albrecht\altmuehlsee-portal\public_html\images\freizeit\1245749069.jpg --> altmuehlsee-portal.com /public_html/images/freizeit 1245749069.jpg
2012.10.02 17:22 B D:\webservice-albrecht\altmuehlsee-portal\public_html\images\freizeit\1245749115.jpg --> altmuehlsee-portal.com /public_html/images/freizeit 1245749115.jpg
2012.10.02 17:22 B D:\webservice-albrecht\altmuehlsee-portal\public_html\images\freizeit\1245995512.jpg --> altmuehlsee-portal.com /public_html/images/freizeit 1245995512.jpg
2012.10.02 17:22 B D:\webservice-albrecht\altmuehlsee-portal\public_html\images\freizeit\1324547145.jpg --> altmuehlsee-portal.com /public_html/images/freizeit 1324547145.jpg
2012.10.02 17:22 B D:\webservice-albrecht\altmuehlsee-portal\public_html\images\freizeit\1324547252.jpg --> altmuehlsee-portal.com /public_html/images/freizeit 1324547252.jpg
2012.10.02 17:22 B D:\webservice-albrecht\altmuehlsee-portal\public_html\images\freizeit\1324547714.jpg --> altmuehlsee-portal.com /public_html/images/freizeit 1324547714.jpg
2012.10.02 17:22 B D:\webservice-albrecht\altmuehlsee-portal\public_html\images\freizeit\1324547834.jpg --> altmuehlsee-portal.com /public_html/images/freizeit 1324547834.jpg
2012.10.02 17:22 B D:\webservice-albrecht\altmuehlsee-portal\public_html\images\freizeit\1324547885.jpg --> altmuehlsee-portal.com /public_html/images/freizeit 1324547885.jpg
2012.10.02 17:22 B D:\webservice-albrecht\altmuehlsee-portal\public_html\images\freizeit\1324548113.jpg --> altmuehlsee-portal.com /public_html/images/freizeit 1324548113.jpg
2012.10.02 17:22 B D:\webservice-albrecht\altmuehlsee-portal\public_html\images\freizeit\1324548185.jpg --> altmuehlsee-portal.com /public_html/images/freizeit 1324548185.jpg
2012.10.02 17:22 B D:\webservice-albrecht\altmuehlsee-portal\public_html\images\freizeit\1324548760.jpg --> altmuehlsee-portal.com /public_html/images/freizeit 1324548760.jpg
2012.11.06 08:06 B D:\webservice-albrecht\altmuehlsee\public_html\images\freizeit\WS_FTP.LOG <-- altmuehlsee-portal.com /public_html/images/freizeit WS_FTP.LOG
2012.11.06 08:17 B D:\webservice-albrecht\altmuehlsee\public_html\images\freizeit\.htaccess --> altmuehlsee.com /public_html/images/freizeit .htaccess
2012.11.06 08:17 B D:\webservice-albrecht\altmuehlsee\public_html\images\freizeit\1174562059.jpg --> altmuehlsee.com /public_html/images/freizeit 1174562059.jpg
2012.11.06 08:17 B D:\webservice-albrecht\altmuehlsee\public_html\images\freizeit\1174562575.jpg --> altmuehlsee.com /public_html/images/freizeit 1174562575.jpg
2012.11.06 08:17 B D:\webservice-albrecht\altmuehlsee\public_html\images\freizeit\1174563320.jpg --> altmuehlsee.com /public_html/images/freizeit 1174563320.jpg
2012.11.06 08:17 B D:\webservice-albrecht\altmuehlsee\public_html\images\freizeit\1174887981.jpg --> altmuehlsee.com /public_html/images/freizeit 1174887981.jpg
2012.11.06 08:17 B D:\webservice-albrecht\altmuehlsee\public_html\images\freizeit\1174888253.jpg --> altmuehlsee.com /public_html/images/freizeit 1174888253.jpg
2012.11.06 08:17 B D:\webservice-albrecht\altmuehlsee\public_html\images\freizeit\1174888307.jpg --> altmuehlsee.com /public_html/images/freizeit 1174888307.jpg
2012.11.06 08:17 B D:\webservice-albrecht\altmuehlsee\public_html\images\freizeit\1174888356.jpg --> altmuehlsee.com /public_html/images/freizeit 1174888356.jpg
2012.11.06 08:17 B D:\webservice-albrecht\altmuehlsee\public_html\images\freizeit\1174891232.jpg --> altmuehlsee.com /public_html/images/freizeit 1174891232.jpg
2012.11.06 08:17 B D:\webservice-albrecht\altmuehlsee\public_html\images\freizeit\1174892855.jpg --> altmuehlsee.com /public_html/images/freizeit 1174892855.jpg
2012.11.06 08:17 B D:\webservice-albrecht\altmuehlsee\public_html\images\freizeit\1174893400.jpg --> altmuehlsee.com /public_html/images/freizeit 1174893400.jpg
2012.11.06 08:17 B D:\webservice-albrecht\altmuehlsee\public_html\images\freizeit\1174893481.jpg --> altmuehlsee.com /public_html/images/freizeit 1174893481.jpg
2012.11.06 08:17 B D:\webservice-albrecht\altmuehlsee\public_html\images\freizeit\1178082262.jpg --> altmuehlsee.com /public_html/images/freizeit 1178082262.jpg
2012.11.06 08:17 B D:\webservice-albrecht\altmuehlsee\public_html\images\freizeit\1178082308.jpg --> altmuehlsee.com /public_html/images/freizeit 1178082308.jpg
2012.11.06 08:17 B D:\webservice-albrecht\altmuehlsee\public_html\images\freizeit\1178082335.jpg --> altmuehlsee.com /public_html/images/freizeit 1178082335.jpg
2012.11.06 08:17 B D:\webservice-albrecht\altmuehlsee\public_html\images\freizeit\1178082366.jpg --> altmuehlsee.com /public_html/images/freizeit 1178082366.jpg
2012.11.06 08:17 B D:\webservice-albrecht\altmuehlsee\public_html\images\freizeit\1245748718.jpg --> altmuehlsee.com /public_html/images/freizeit 1245748718.jpg
2012.11.06 08:17 B D:\webservice-albrecht\altmuehlsee\public_html\images\freizeit\1245748938.jpg --> altmuehlsee.com /public_html/images/freizeit 1245748938.jpg
2012.11.06 08:17 B D:\webservice-albrecht\altmuehlsee\public_html\images\freizeit\1245749069.jpg --> altmuehlsee.com /public_html/images/freizeit 1245749069.jpg
2012.11.06 08:17 B D:\webservice-albrecht\altmuehlsee\public_html\images\freizeit\1245749115.jpg --> altmuehlsee.com /public_html/images/freizeit 1245749115.jpg
2012.11.06 08:17 B D:\webservice-albrecht\altmuehlsee\public_html\images\freizeit\1245995512.jpg --> altmuehlsee.com /public_html/images/freizeit 1245995512.jpg
2012.11.06 08:17 B D:\webservice-albrecht\altmuehlsee\public_html\images\freizeit\1324547145.jpg --> altmuehlsee.com /public_html/images/freizeit 1324547145.jpg
2012.11.06 08:17 B D:\webservice-albrecht\altmuehlsee\public_html\images\freizeit\1324547252.jpg --> altmuehlsee.com /public_html/images/freizeit 1324547252.jpg
2012.11.06 08:17 B D:\webservice-albrecht\altmuehlsee\public_html\images\freizeit\1324547714.jpg --> altmuehlsee.com /public_html/images/freizeit 1324547714.jpg
2012.11.06 08:17 B D:\webservice-albrecht\altmuehlsee\public_html\images\freizeit\1324547834.jpg --> altmuehlsee.com /public_html/images/freizeit 1324547834.jpg
2012.11.06 08:17 B D:\webservice-albrecht\altmuehlsee\public_html\images\freizeit\1324547885.jpg --> altmuehlsee.com /public_html/images/freizeit 1324547885.jpg
2012.11.06 08:17 B D:\webservice-albrecht\altmuehlsee\public_html\images\freizeit\1324548113.jpg --> altmuehlsee.com /public_html/images/freizeit 1324548113.jpg
2012.11.06 08:17 B D:\webservice-albrecht\altmuehlsee\public_html\images\freizeit\1324548185.jpg --> altmuehlsee.com /public_html/images/freizeit 1324548185.jpg
2012.11.06 08:17 B D:\webservice-albrecht\altmuehlsee\public_html\images\freizeit\1324548760.jpg --> altmuehlsee.com /public_html/images/freizeit 1324548760.jpg
2012.11.06 08:17 B D:\webservice-albrecht\altmuehlsee\public_html\images\freizeit\1349254238.jpg --> altmuehlsee.com /public_html/images/freizeit 1349254238.jpg
