2012.10.02 11:47 B D:\webservice-albrecht\altmuehlsee-portal\public_html\images\.htaccess <-- brombachsee.de /public_html/images .htaccess
2012.10.02 11:47 B D:\webservice-albrecht\altmuehlsee-portal\public_html\images\1183444428.jpg <-- brombachsee.de /public_html/images 1183444428.jpg
2012.10.02 11:47 B D:\webservice-albrecht\altmuehlsee-portal\public_html\images\1183444443.jpg <-- brombachsee.de /public_html/images 1183444443.jpg
2012.10.02 11:47 B D:\webservice-albrecht\altmuehlsee-portal\public_html\images\1183444450.jpg <-- brombachsee.de /public_html/images 1183444450.jpg
2012.10.02 11:47 B D:\webservice-albrecht\altmuehlsee-portal\public_html\images\1183447977.jpg <-- brombachsee.de /public_html/images 1183447977.jpg
2012.10.02 11:47 B D:\webservice-albrecht\altmuehlsee-portal\public_html\images\background_left_blue.jpg <-- brombachsee.de /public_html/images background_left_blue.jpg
2012.10.02 11:47 B D:\webservice-albrecht\altmuehlsee-portal\public_html\images\background_left_yellow.jpg <-- brombachsee.de /public_html/images background_left_yellow.jpg
2012.10.02 11:47 B D:\webservice-albrecht\altmuehlsee-portal\public_html\images\background_right_blue.jpg <-- brombachsee.de /public_html/images background_right_blue.jpg
2012.10.02 11:47 B D:\webservice-albrecht\altmuehlsee-portal\public_html\images\BeachpartyBrombachsee2.jpg <-- brombachsee.de /public_html/images BeachpartyBrombachsee2.jpg
2012.10.02 11:47 B D:\webservice-albrecht\altmuehlsee-portal\public_html\images\brombachsee.jpg <-- brombachsee.de /public_html/images brombachsee.jpg
2012.10.02 11:47 B D:\webservice-albrecht\altmuehlsee-portal\public_html\images\button1.png <-- brombachsee.de /public_html/images button1.png
2012.10.02 11:47 B D:\webservice-albrecht\altmuehlsee-portal\public_html\images\button2.png <-- brombachsee.de /public_html/images button2.png
2012.10.02 11:47 B D:\webservice-albrecht\altmuehlsee-portal\public_html\images\button3.png <-- brombachsee.de /public_html/images button3.png
2012.10.02 11:47 B D:\webservice-albrecht\altmuehlsee-portal\public_html\images\button4.png <-- brombachsee.de /public_html/images button4.png
2012.10.02 11:47 B D:\webservice-albrecht\altmuehlsee-portal\public_html\images\button5.png <-- brombachsee.de /public_html/images button5.png
2012.10.02 11:47 B D:\webservice-albrecht\altmuehlsee-portal\public_html\images\button6.png <-- brombachsee.de /public_html/images button6.png
2012.10.02 11:47 B D:\webservice-albrecht\altmuehlsee-portal\public_html\images\example0.jpg <-- brombachsee.de /public_html/images example0.jpg
2012.10.02 11:47 B D:\webservice-albrecht\altmuehlsee-portal\public_html\images\example0_old.jpg <-- brombachsee.de /public_html/images example0_old.jpg
2012.10.02 11:48 B D:\webservice-albrecht\altmuehlsee-portal\public_html\images\example1.jpg <-- brombachsee.de /public_html/images example1.jpg
2012.10.02 11:48 B D:\webservice-albrecht\altmuehlsee-portal\public_html\images\example2.jpg <-- brombachsee.de /public_html/images example2.jpg
2012.10.02 11:48 B D:\webservice-albrecht\altmuehlsee-portal\public_html\images\favicon.ico <-- brombachsee.de /public_html/images favicon.ico
2012.10.02 11:48 B D:\webservice-albrecht\altmuehlsee-portal\public_html\images\footer_left_blue.jpg <-- brombachsee.de /public_html/images footer_left_blue.jpg
2012.10.02 11:48 B D:\webservice-albrecht\altmuehlsee-portal\public_html\images\footer_left_yellow.jpg <-- brombachsee.de /public_html/images footer_left_yellow.jpg
2012.10.02 11:48 B D:\webservice-albrecht\altmuehlsee-portal\public_html\images\footer_right_blue.jpg <-- brombachsee.de /public_html/images footer_right_blue.jpg
2012.10.02 11:48 B D:\webservice-albrecht\altmuehlsee-portal\public_html\images\freizeit-brombachsee.jpg <-- brombachsee.de /public_html/images freizeit-brombachsee.jpg
2012.10.02 11:48 B D:\webservice-albrecht\altmuehlsee-portal\public_html\images\freizeit_01.jpg <-- brombachsee.de /public_html/images freizeit_01.jpg
2012.10.02 11:48 B D:\webservice-albrecht\altmuehlsee-portal\public_html\images\gunzenhausen_ad.gif <-- brombachsee.de /public_html/images gunzenhausen_ad.gif
2012.10.02 11:48 B D:\webservice-albrecht\altmuehlsee-portal\public_html\images\gunzenhausen_ad.jpg <-- brombachsee.de /public_html/images gunzenhausen_ad.jpg
2012.10.02 11:48 B D:\webservice-albrecht\altmuehlsee-portal\public_html\images\header.jpg <-- brombachsee.de /public_html/images header.jpg
2012.10.02 11:48 B D:\webservice-albrecht\altmuehlsee-portal\public_html\images\header7.jpg <-- brombachsee.de /public_html/images header7.jpg
2012.10.02 11:48 B D:\webservice-albrecht\altmuehlsee-portal\public_html\images\header8.jpg <-- brombachsee.de /public_html/images header8.jpg
2012.10.02 11:48 B D:\webservice-albrecht\altmuehlsee-portal\public_html\images\header_left_blue.jpg <-- brombachsee.de /public_html/images header_left_blue.jpg
2012.10.02 11:48 B D:\webservice-albrecht\altmuehlsee-portal\public_html\images\header_left_yellow.jpg <-- brombachsee.de /public_html/images header_left_yellow.jpg
2012.10.02 11:48 B D:\webservice-albrecht\altmuehlsee-portal\public_html\images\header_ohneschrift.jpg <-- brombachsee.de /public_html/images header_ohneschrift.jpg
2012.10.02 11:48 B D:\webservice-albrecht\altmuehlsee-portal\public_html\images\header_original.jpg <-- brombachsee.de /public_html/images header_original.jpg
2012.10.02 11:48 B D:\webservice-albrecht\altmuehlsee-portal\public_html\images\header_right_blue.jpg <-- brombachsee.de /public_html/images header_right_blue.jpg
2012.10.02 11:48 B D:\webservice-albrecht\altmuehlsee-portal\public_html\images\karte.gif <-- brombachsee.de /public_html/images karte.gif
2012.10.02 11:48 B D:\webservice-albrecht\altmuehlsee-portal\public_html\images\karte_130907.gif <-- brombachsee.de /public_html/images karte_130907.gif
2012.10.02 11:48 B D:\webservice-albrecht\altmuehlsee-portal\public_html\images\kinder.jpg <-- brombachsee.de /public_html/images kinder.jpg
2012.10.02 11:48 B D:\webservice-albrecht\altmuehlsee-portal\public_html\images\legende.gif <-- brombachsee.de /public_html/images legende.gif
2012.10.02 11:48 B D:\webservice-albrecht\altmuehlsee-portal\public_html\images\luftbild1.jpg <-- brombachsee.de /public_html/images luftbild1.jpg
2012.10.02 11:48 B D:\webservice-albrecht\altmuehlsee-portal\public_html\images\main_d.jpg <-- brombachsee.de /public_html/images main_d.jpg
2012.10.02 11:48 B D:\webservice-albrecht\altmuehlsee-portal\public_html\images\main_l-d.jpg <-- brombachsee.de /public_html/images main_l-d.jpg
2012.10.02 11:48 B D:\webservice-albrecht\altmuehlsee-portal\public_html\images\main_l-u.jpg <-- brombachsee.de /public_html/images main_l-u.jpg
2012.10.02 11:48 B D:\webservice-albrecht\altmuehlsee-portal\public_html\images\main_l.jpg <-- brombachsee.de /public_html/images main_l.jpg
2012.10.02 11:48 B D:\webservice-albrecht\altmuehlsee-portal\public_html\images\main_r-d.jpg <-- brombachsee.de /public_html/images main_r-d.jpg
2012.10.02 11:48 B D:\webservice-albrecht\altmuehlsee-portal\public_html\images\main_r-u.jpg <-- brombachsee.de /public_html/images main_r-u.jpg
2012.10.02 11:48 B D:\webservice-albrecht\altmuehlsee-portal\public_html\images\main_r.jpg <-- brombachsee.de /public_html/images main_r.jpg
2012.10.02 11:48 B D:\webservice-albrecht\altmuehlsee-portal\public_html\images\main_u.jpg <-- brombachsee.de /public_html/images main_u.jpg
2012.10.02 11:48 B D:\webservice-albrecht\altmuehlsee-portal\public_html\images\natur.jpg <-- brombachsee.de /public_html/images natur.jpg
2012.10.02 11:48 B D:\webservice-albrecht\altmuehlsee-portal\public_html\images\schifffahrt2.jpg <-- brombachsee.de /public_html/images schifffahrt2.jpg
2012.10.02 11:48 B D:\webservice-albrecht\altmuehlsee-portal\public_html\images\schifffahrt5.jpg <-- brombachsee.de /public_html/images schifffahrt5.jpg
2012.10.02 11:48 B D:\webservice-albrecht\altmuehlsee-portal\public_html\images\seenlandportal.jpg <-- brombachsee.de /public_html/images seenlandportal.jpg
2012.10.02 11:48 B D:\webservice-albrecht\altmuehlsee-portal\public_html\images\sp_1.gif <-- brombachsee.de /public_html/images sp_1.gif
2012.10.02 11:48 B D:\webservice-albrecht\altmuehlsee-portal\public_html\images\sp_12.gif <-- brombachsee.de /public_html/images sp_12.gif
2012.10.02 11:48 B D:\webservice-albrecht\altmuehlsee-portal\public_html\images\sp_8.gif <-- brombachsee.de /public_html/images sp_8.gif
2012.10.02 11:48 B D:\webservice-albrecht\altmuehlsee-portal\public_html\images\strand3.jpg <-- brombachsee.de /public_html/images strand3.jpg
2012.10.02 11:48 B D:\webservice-albrecht\altmuehlsee-portal\public_html\images\suche.jpg <-- brombachsee.de /public_html/images suche.jpg
2012.10.02 11:48 B D:\webservice-albrecht\altmuehlsee-portal\public_html\images\topic_end_green.jpg <-- brombachsee.de /public_html/images topic_end_green.jpg
2012.10.02 11:48 B D:\webservice-albrecht\altmuehlsee-portal\public_html\images\topic_end_yellow.jpg <-- brombachsee.de /public_html/images topic_end_yellow.jpg
2012.10.02 11:48 B D:\webservice-albrecht\altmuehlsee-portal\public_html\images\topic_green.jpg <-- brombachsee.de /public_html/images topic_green.jpg
2012.10.02 11:48 B D:\webservice-albrecht\altmuehlsee-portal\public_html\images\topic_green_yellow.jpg <-- brombachsee.de /public_html/images topic_green_yellow.jpg
2012.10.02 11:48 B D:\webservice-albrecht\altmuehlsee-portal\public_html\images\topic_start_green.jpg <-- brombachsee.de /public_html/images topic_start_green.jpg
2012.10.02 11:48 B D:\webservice-albrecht\altmuehlsee-portal\public_html\images\topic_start_yellow.jpg <-- brombachsee.de /public_html/images topic_start_yellow.jpg
2012.10.02 11:48 B D:\webservice-albrecht\altmuehlsee-portal\public_html\images\topic_yellow_green.jpg <-- brombachsee.de /public_html/images topic_yellow_green.jpg
2012.10.02 11:48 B D:\webservice-albrecht\altmuehlsee-portal\public_html\images\unterkuenfte.jpg <-- brombachsee.de /public_html/images unterkuenfte.jpg
2012.10.02 11:48 B D:\webservice-albrecht\altmuehlsee-portal\public_html\images\unterkunft-brombachsee.jpg <-- brombachsee.de /public_html/images unterkunft-brombachsee.jpg
2012.10.02 11:48 B D:\webservice-albrecht\altmuehlsee-portal\public_html\images\unterkunftsverzeichnis-brombachsee.jpg <-- brombachsee.de /public_html/images unterkunftsverzeichnis-brombachsee.jpg
2012.10.02 11:48 B D:\webservice-albrecht\altmuehlsee-portal\public_html\images\unterkunftsverzeichnis.jpg <-- brombachsee.de /public_html/images unterkunftsverzeichnis.jpg
2012.10.02 11:48 B D:\webservice-albrecht\altmuehlsee-portal\public_html\images\urlaub.jpg <-- brombachsee.de /public_html/images urlaub.jpg
2012.10.02 11:48 B D:\webservice-albrecht\altmuehlsee-portal\public_html\images\veranstaltung-brombachsee.jpg <-- brombachsee.de /public_html/images veranstaltung-brombachsee.jpg
2012.10.02 11:48 B D:\webservice-albrecht\altmuehlsee-portal\public_html\images\wasser.jpg <-- brombachsee.de /public_html/images wasser.jpg
2012.10.02 12:26 B D:\webservice-albrecht\altmuehlsee-portal\test\images\.htaccess --> altmuehlsee-portal.com /public_html/test/images .htaccess
2012.10.02 12:26 B D:\webservice-albrecht\altmuehlsee-portal\test\images\1183444428.jpg --> altmuehlsee-portal.com /public_html/test/images 1183444428.jpg
2012.10.02 12:26 B D:\webservice-albrecht\altmuehlsee-portal\test\images\1183444443.jpg --> altmuehlsee-portal.com /public_html/test/images 1183444443.jpg
2012.10.02 12:26 B D:\webservice-albrecht\altmuehlsee-portal\test\images\1183444450.jpg --> altmuehlsee-portal.com /public_html/test/images 1183444450.jpg
2012.10.02 12:26 B D:\webservice-albrecht\altmuehlsee-portal\test\images\1183447977.jpg --> altmuehlsee-portal.com /public_html/test/images 1183447977.jpg
2012.10.02 12:26 B D:\webservice-albrecht\altmuehlsee-portal\test\images\background_left_blue.jpg --> altmuehlsee-portal.com /public_html/test/images background_left_blue.jpg
2012.10.02 12:26 B D:\webservice-albrecht\altmuehlsee-portal\test\images\background_left_yellow.jpg --> altmuehlsee-portal.com /public_html/test/images background_left_yellow.jpg
2012.10.02 12:26 B D:\webservice-albrecht\altmuehlsee-portal\test\images\background_right_blue.jpg --> altmuehlsee-portal.com /public_html/test/images background_right_blue.jpg
2012.10.02 12:26 B D:\webservice-albrecht\altmuehlsee-portal\test\images\BeachpartyBrombachsee2.jpg --> altmuehlsee-portal.com /public_html/test/images BeachpartyBrombachsee2.jpg
2012.10.02 12:26 B D:\webservice-albrecht\altmuehlsee-portal\test\images\brombachsee.jpg --> altmuehlsee-portal.com /public_html/test/images brombachsee.jpg
2012.10.02 12:26 B D:\webservice-albrecht\altmuehlsee-portal\test\images\button1.png --> altmuehlsee-portal.com /public_html/test/images button1.png
2012.10.02 12:26 B D:\webservice-albrecht\altmuehlsee-portal\test\images\button2.png --> altmuehlsee-portal.com /public_html/test/images button2.png
2012.10.02 12:26 B D:\webservice-albrecht\altmuehlsee-portal\test\images\button3.png --> altmuehlsee-portal.com /public_html/test/images button3.png
2012.10.02 12:26 B D:\webservice-albrecht\altmuehlsee-portal\test\images\button4.png --> altmuehlsee-portal.com /public_html/test/images button4.png
2012.10.02 12:26 B D:\webservice-albrecht\altmuehlsee-portal\test\images\button5.png --> altmuehlsee-portal.com /public_html/test/images button5.png
2012.10.02 12:26 B D:\webservice-albrecht\altmuehlsee-portal\test\images\button6.png --> altmuehlsee-portal.com /public_html/test/images button6.png
2012.10.02 12:26 B D:\webservice-albrecht\altmuehlsee-portal\test\images\example0.jpg --> altmuehlsee-portal.com /public_html/test/images example0.jpg
2012.10.02 12:26 B D:\webservice-albrecht\altmuehlsee-portal\test\images\example0_old.jpg --> altmuehlsee-portal.com /public_html/test/images example0_old.jpg
2012.10.02 12:26 B D:\webservice-albrecht\altmuehlsee-portal\test\images\example1.jpg --> altmuehlsee-portal.com /public_html/test/images example1.jpg
2012.10.02 12:26 B D:\webservice-albrecht\altmuehlsee-portal\test\images\example2.jpg --> altmuehlsee-portal.com /public_html/test/images example2.jpg
2012.10.02 12:26 B D:\webservice-albrecht\altmuehlsee-portal\test\images\favicon.ico --> altmuehlsee-portal.com /public_html/test/images favicon.ico
2012.10.02 12:26 B D:\webservice-albrecht\altmuehlsee-portal\test\images\footer_left_blue.jpg --> altmuehlsee-portal.com /public_html/test/images footer_left_blue.jpg
2012.10.02 12:26 B D:\webservice-albrecht\altmuehlsee-portal\test\images\footer_left_yellow.jpg --> altmuehlsee-portal.com /public_html/test/images footer_left_yellow.jpg
2012.10.02 12:26 B D:\webservice-albrecht\altmuehlsee-portal\test\images\footer_right_blue.jpg --> altmuehlsee-portal.com /public_html/test/images footer_right_blue.jpg
2012.10.02 12:26 B D:\webservice-albrecht\altmuehlsee-portal\test\images\freizeit-brombachsee.jpg --> altmuehlsee-portal.com /public_html/test/images freizeit-brombachsee.jpg
2012.10.02 12:26 B D:\webservice-albrecht\altmuehlsee-portal\test\images\freizeit_01.jpg --> altmuehlsee-portal.com /public_html/test/images freizeit_01.jpg
2012.10.02 12:26 B D:\webservice-albrecht\altmuehlsee-portal\test\images\gunzenhausen_ad.gif --> altmuehlsee-portal.com /public_html/test/images gunzenhausen_ad.gif
2012.10.02 12:26 B D:\webservice-albrecht\altmuehlsee-portal\test\images\gunzenhausen_ad.jpg --> altmuehlsee-portal.com /public_html/test/images gunzenhausen_ad.jpg
2012.10.02 12:26 B D:\webservice-albrecht\altmuehlsee-portal\test\images\header.jpg --> altmuehlsee-portal.com /public_html/test/images header.jpg
2012.10.02 12:26 B D:\webservice-albrecht\altmuehlsee-portal\test\images\header7.jpg --> altmuehlsee-portal.com /public_html/test/images header7.jpg
2012.10.02 12:26 B D:\webservice-albrecht\altmuehlsee-portal\test\images\header8.jpg --> altmuehlsee-portal.com /public_html/test/images header8.jpg
2012.10.02 12:26 B D:\webservice-albrecht\altmuehlsee-portal\test\images\header_left_blue.jpg --> altmuehlsee-portal.com /public_html/test/images header_left_blue.jpg
2012.10.02 12:26 B D:\webservice-albrecht\altmuehlsee-portal\test\images\header_left_yellow.jpg --> altmuehlsee-portal.com /public_html/test/images header_left_yellow.jpg
2012.10.02 12:26 B D:\webservice-albrecht\altmuehlsee-portal\test\images\header_ohneschrift.jpg --> altmuehlsee-portal.com /public_html/test/images header_ohneschrift.jpg
2012.10.02 12:26 B D:\webservice-albrecht\altmuehlsee-portal\test\images\header_original.jpg --> altmuehlsee-portal.com /public_html/test/images header_original.jpg
2012.10.02 12:26 B D:\webservice-albrecht\altmuehlsee-portal\test\images\header_right_blue.jpg --> altmuehlsee-portal.com /public_html/test/images header_right_blue.jpg
2012.10.02 12:26 B D:\webservice-albrecht\altmuehlsee-portal\test\images\karte.gif --> altmuehlsee-portal.com /public_html/test/images karte.gif
2012.10.02 12:26 B D:\webservice-albrecht\altmuehlsee-portal\test\images\karte_130907.gif --> altmuehlsee-portal.com /public_html/test/images karte_130907.gif
2012.10.02 12:26 B D:\webservice-albrecht\altmuehlsee-portal\test\images\kinder.jpg --> altmuehlsee-portal.com /public_html/test/images kinder.jpg
2012.10.02 12:26 B D:\webservice-albrecht\altmuehlsee-portal\test\images\legende.gif --> altmuehlsee-portal.com /public_html/test/images legende.gif
2012.10.02 12:26 B D:\webservice-albrecht\altmuehlsee-portal\test\images\luftbild1.jpg --> altmuehlsee-portal.com /public_html/test/images luftbild1.jpg
2012.10.02 12:26 B D:\webservice-albrecht\altmuehlsee-portal\test\images\main_d.jpg --> altmuehlsee-portal.com /public_html/test/images main_d.jpg
2012.10.02 12:26 B D:\webservice-albrecht\altmuehlsee-portal\test\images\main_l-d.jpg --> altmuehlsee-portal.com /public_html/test/images main_l-d.jpg
2012.10.02 12:26 B D:\webservice-albrecht\altmuehlsee-portal\test\images\main_l-u.jpg --> altmuehlsee-portal.com /public_html/test/images main_l-u.jpg
2012.10.02 12:26 B D:\webservice-albrecht\altmuehlsee-portal\test\images\main_l.jpg --> altmuehlsee-portal.com /public_html/test/images main_l.jpg
2012.10.02 12:26 B D:\webservice-albrecht\altmuehlsee-portal\test\images\main_r-d.jpg --> altmuehlsee-portal.com /public_html/test/images main_r-d.jpg
2012.10.02 12:26 B D:\webservice-albrecht\altmuehlsee-portal\test\images\main_r-u.jpg --> altmuehlsee-portal.com /public_html/test/images main_r-u.jpg
2012.10.02 12:26 B D:\webservice-albrecht\altmuehlsee-portal\test\images\main_r.jpg --> altmuehlsee-portal.com /public_html/test/images main_r.jpg
2012.10.02 12:26 B D:\webservice-albrecht\altmuehlsee-portal\test\images\main_u.jpg --> altmuehlsee-portal.com /public_html/test/images main_u.jpg
2012.10.02 12:26 B D:\webservice-albrecht\altmuehlsee-portal\test\images\natur.jpg --> altmuehlsee-portal.com /public_html/test/images natur.jpg
2012.10.02 12:26 B D:\webservice-albrecht\altmuehlsee-portal\test\images\schifffahrt2.jpg --> altmuehlsee-portal.com /public_html/test/images schifffahrt2.jpg
2012.10.02 12:26 B D:\webservice-albrecht\altmuehlsee-portal\test\images\schifffahrt5.jpg --> altmuehlsee-portal.com /public_html/test/images schifffahrt5.jpg
2012.10.02 12:26 B D:\webservice-albrecht\altmuehlsee-portal\test\images\seenlandportal.jpg --> altmuehlsee-portal.com /public_html/test/images seenlandportal.jpg
2012.10.02 12:26 B D:\webservice-albrecht\altmuehlsee-portal\test\images\sp_1.gif --> altmuehlsee-portal.com /public_html/test/images sp_1.gif
2012.10.02 12:26 B D:\webservice-albrecht\altmuehlsee-portal\test\images\sp_12.gif --> altmuehlsee-portal.com /public_html/test/images sp_12.gif
2012.10.02 12:26 B D:\webservice-albrecht\altmuehlsee-portal\test\images\sp_8.gif --> altmuehlsee-portal.com /public_html/test/images sp_8.gif
2012.10.02 12:26 B D:\webservice-albrecht\altmuehlsee-portal\test\images\strand3.jpg --> altmuehlsee-portal.com /public_html/test/images strand3.jpg
2012.10.02 12:26 B D:\webservice-albrecht\altmuehlsee-portal\test\images\suche.jpg --> altmuehlsee-portal.com /public_html/test/images suche.jpg
2012.10.02 12:26 B D:\webservice-albrecht\altmuehlsee-portal\test\images\topic_end_green.jpg --> altmuehlsee-portal.com /public_html/test/images topic_end_green.jpg
2012.10.02 12:26 B D:\webservice-albrecht\altmuehlsee-portal\test\images\topic_end_yellow.jpg --> altmuehlsee-portal.com /public_html/test/images topic_end_yellow.jpg
2012.10.02 12:26 B D:\webservice-albrecht\altmuehlsee-portal\test\images\topic_green.jpg --> altmuehlsee-portal.com /public_html/test/images topic_green.jpg
2012.10.02 12:26 B D:\webservice-albrecht\altmuehlsee-portal\test\images\topic_green_yellow.jpg --> altmuehlsee-portal.com /public_html/test/images topic_green_yellow.jpg
2012.10.02 12:26 B D:\webservice-albrecht\altmuehlsee-portal\test\images\topic_start_green.jpg --> altmuehlsee-portal.com /public_html/test/images topic_start_green.jpg
2012.10.02 12:26 B D:\webservice-albrecht\altmuehlsee-portal\test\images\topic_start_yellow.jpg --> altmuehlsee-portal.com /public_html/test/images topic_start_yellow.jpg
2012.10.02 12:26 B D:\webservice-albrecht\altmuehlsee-portal\test\images\topic_yellow_green.jpg --> altmuehlsee-portal.com /public_html/test/images topic_yellow_green.jpg
2012.10.02 12:26 B D:\webservice-albrecht\altmuehlsee-portal\test\images\unterkuenfte.jpg --> altmuehlsee-portal.com /public_html/test/images unterkuenfte.jpg
2012.10.02 12:26 B D:\webservice-albrecht\altmuehlsee-portal\test\images\unterkunft-brombachsee.jpg --> altmuehlsee-portal.com /public_html/test/images unterkunft-brombachsee.jpg
2012.10.02 12:26 B D:\webservice-albrecht\altmuehlsee-portal\test\images\unterkunftsverzeichnis-brombachsee.jpg --> altmuehlsee-portal.com /public_html/test/images unterkunftsverzeichnis-brombachsee.jpg
2012.10.02 12:26 B D:\webservice-albrecht\altmuehlsee-portal\test\images\unterkunftsverzeichnis.jpg --> altmuehlsee-portal.com /public_html/test/images unterkunftsverzeichnis.jpg
2012.10.02 12:26 B D:\webservice-albrecht\altmuehlsee-portal\test\images\urlaub.jpg --> altmuehlsee-portal.com /public_html/test/images urlaub.jpg
2012.10.02 12:26 B D:\webservice-albrecht\altmuehlsee-portal\test\images\veranstaltung-brombachsee.jpg --> altmuehlsee-portal.com /public_html/test/images veranstaltung-brombachsee.jpg
2012.10.02 12:26 B D:\webservice-albrecht\altmuehlsee-portal\test\images\wasser.jpg --> altmuehlsee-portal.com /public_html/test/images wasser.jpg
2012.10.02 12:26 B D:\webservice-albrecht\altmuehlsee-portal\test\images\WS_FTP.LOG --> altmuehlsee-portal.com /public_html/test/images WS_FTP.LOG
2012.10.02 13:48 B D:\webservice-albrecht\altmuehlsee-portal\test\images\header_altm.jpg --> altmuehlsee-portal.com /public_html/test/images header_altm.jpg
2012.10.02 13:54 B D:\webservice-albrecht\altmuehlsee-portal\test\images\header_altm2.jpg --> altmuehlsee-portal.com /public_html/test/images header_altm2.jpg
2012.10.02 14:02 B D:\webservice-albrecht\altmuehlsee-portal\test\images\.htaccess <-- altmuehlsee-portal.com /public_html/test/images .htaccess
2012.10.02 14:02 B D:\webservice-albrecht\altmuehlsee-portal\test\images\1183444428.jpg <-- altmuehlsee-portal.com /public_html/test/images 1183444428.jpg
2012.10.02 14:02 B D:\webservice-albrecht\altmuehlsee-portal\test\images\1183444443.jpg <-- altmuehlsee-portal.com /public_html/test/images 1183444443.jpg
2012.10.02 14:02 B D:\webservice-albrecht\altmuehlsee-portal\test\images\1183444450.jpg <-- altmuehlsee-portal.com /public_html/test/images 1183444450.jpg
2012.10.02 14:02 B D:\webservice-albrecht\altmuehlsee-portal\test\images\1183447977.jpg <-- altmuehlsee-portal.com /public_html/test/images 1183447977.jpg
2012.10.02 14:02 B D:\webservice-albrecht\altmuehlsee-portal\test\images\background_left_blue.jpg <-- altmuehlsee-portal.com /public_html/test/images background_left_blue.jpg
2012.10.02 14:02 B D:\webservice-albrecht\altmuehlsee-portal\test\images\background_left_yellow.jpg <-- altmuehlsee-portal.com /public_html/test/images background_left_yellow.jpg
2012.10.02 14:02 B D:\webservice-albrecht\altmuehlsee-portal\test\images\background_right_blue.jpg <-- altmuehlsee-portal.com /public_html/test/images background_right_blue.jpg
2012.10.02 14:02 B D:\webservice-albrecht\altmuehlsee-portal\test\images\BeachpartyBrombachsee2.jpg <-- altmuehlsee-portal.com /public_html/test/images BeachpartyBrombachsee2.jpg
2012.10.02 14:02 B D:\webservice-albrecht\altmuehlsee-portal\test\images\brombachsee.jpg <-- altmuehlsee-portal.com /public_html/test/images brombachsee.jpg
2012.10.02 14:02 B D:\webservice-albrecht\altmuehlsee-portal\test\images\button1.png <-- altmuehlsee-portal.com /public_html/test/images button1.png
2012.10.02 14:02 B D:\webservice-albrecht\altmuehlsee-portal\test\images\button2.png <-- altmuehlsee-portal.com /public_html/test/images button2.png
2012.10.02 14:02 B D:\webservice-albrecht\altmuehlsee-portal\test\images\button3.png <-- altmuehlsee-portal.com /public_html/test/images button3.png
2012.10.02 14:02 B D:\webservice-albrecht\altmuehlsee-portal\test\images\button4.png <-- altmuehlsee-portal.com /public_html/test/images button4.png
2012.10.02 14:02 B D:\webservice-albrecht\altmuehlsee-portal\test\images\button5.png <-- altmuehlsee-portal.com /public_html/test/images button5.png
2012.10.02 14:02 B D:\webservice-albrecht\altmuehlsee-portal\test\images\button6.png <-- altmuehlsee-portal.com /public_html/test/images button6.png
2012.10.02 14:02 B D:\webservice-albrecht\altmuehlsee-portal\test\images\example0.jpg <-- altmuehlsee-portal.com /public_html/test/images example0.jpg
2012.10.02 14:02 B D:\webservice-albrecht\altmuehlsee-portal\test\images\example0_old.jpg <-- altmuehlsee-portal.com /public_html/test/images example0_old.jpg
2012.10.02 14:02 B D:\webservice-albrecht\altmuehlsee-portal\test\images\example1.jpg <-- altmuehlsee-portal.com /public_html/test/images example1.jpg
2012.10.02 14:02 B D:\webservice-albrecht\altmuehlsee-portal\test\images\example2.jpg <-- altmuehlsee-portal.com /public_html/test/images example2.jpg
2012.10.02 14:02 B D:\webservice-albrecht\altmuehlsee-portal\test\images\favicon.ico <-- altmuehlsee-portal.com /public_html/test/images favicon.ico
2012.10.02 14:02 B D:\webservice-albrecht\altmuehlsee-portal\test\images\footer_left_blue.jpg <-- altmuehlsee-portal.com /public_html/test/images footer_left_blue.jpg
2012.10.02 14:02 B D:\webservice-albrecht\altmuehlsee-portal\test\images\footer_left_yellow.jpg <-- altmuehlsee-portal.com /public_html/test/images footer_left_yellow.jpg
2012.10.02 14:02 B D:\webservice-albrecht\altmuehlsee-portal\test\images\footer_right_blue.jpg <-- altmuehlsee-portal.com /public_html/test/images footer_right_blue.jpg
2012.10.02 14:02 B D:\webservice-albrecht\altmuehlsee-portal\test\images\freizeit-brombachsee.jpg <-- altmuehlsee-portal.com /public_html/test/images freizeit-brombachsee.jpg
2012.10.02 14:02 B D:\webservice-albrecht\altmuehlsee-portal\test\images\freizeit_01.jpg <-- altmuehlsee-portal.com /public_html/test/images freizeit_01.jpg
2012.10.02 14:02 B D:\webservice-albrecht\altmuehlsee-portal\test\images\gunzenhausen_ad.gif <-- altmuehlsee-portal.com /public_html/test/images gunzenhausen_ad.gif
2012.10.02 14:02 B D:\webservice-albrecht\altmuehlsee-portal\test\images\gunzenhausen_ad.jpg <-- altmuehlsee-portal.com /public_html/test/images gunzenhausen_ad.jpg
2012.10.02 14:02 B D:\webservice-albrecht\altmuehlsee-portal\test\images\header.jpg <-- altmuehlsee-portal.com /public_html/test/images header.jpg
2012.10.02 14:02 B D:\webservice-albrecht\altmuehlsee-portal\test\images\header7.jpg <-- altmuehlsee-portal.com /public_html/test/images header7.jpg
2012.10.02 14:02 B D:\webservice-albrecht\altmuehlsee-portal\test\images\header8.jpg <-- altmuehlsee-portal.com /public_html/test/images header8.jpg
2012.10.02 14:02 B D:\webservice-albrecht\altmuehlsee-portal\test\images\header_brom.jpg <-- altmuehlsee-portal.com /public_html/test/images header_brom.jpg
2012.10.02 14:02 B D:\webservice-albrecht\altmuehlsee-portal\test\images\header_left_blue.jpg <-- altmuehlsee-portal.com /public_html/test/images header_left_blue.jpg
2012.10.02 14:02 B D:\webservice-albrecht\altmuehlsee-portal\test\images\header_left_yellow.jpg <-- altmuehlsee-portal.com /public_html/test/images header_left_yellow.jpg
2012.10.02 14:02 B D:\webservice-albrecht\altmuehlsee-portal\test\images\header_ohne schrift.jpg <-- altmuehlsee-portal.com /public_html/test/images header_ohne schrift.jpg
2012.10.02 14:02 B D:\webservice-albrecht\altmuehlsee-portal\test\images\header_original.jpg <-- altmuehlsee-portal.com /public_html/test/images header_original.jpg
2012.10.02 14:02 B D:\webservice-albrecht\altmuehlsee-portal\test\images\header_right_blue.jpg <-- altmuehlsee-portal.com /public_html/test/images header_right_blue.jpg
2012.10.02 14:02 B D:\webservice-albrecht\altmuehlsee-portal\test\images\karte.gif <-- altmuehlsee-portal.com /public_html/test/images karte.gif
2012.10.02 14:02 B D:\webservice-albrecht\altmuehlsee-portal\test\images\karte_130907.gif <-- altmuehlsee-portal.com /public_html/test/images karte_130907.gif
2012.10.02 14:02 B D:\webservice-albrecht\altmuehlsee-portal\test\images\kinder.jpg <-- altmuehlsee-portal.com /public_html/test/images kinder.jpg
2012.10.02 14:02 B D:\webservice-albrecht\altmuehlsee-portal\test\images\legende.gif <-- altmuehlsee-portal.com /public_html/test/images legende.gif
2012.10.02 14:02 B D:\webservice-albrecht\altmuehlsee-portal\test\images\luftbild1.jpg <-- altmuehlsee-portal.com /public_html/test/images luftbild1.jpg
2012.10.02 14:02 B D:\webservice-albrecht\altmuehlsee-portal\test\images\main_d.jpg <-- altmuehlsee-portal.com /public_html/test/images main_d.jpg
2012.10.02 14:02 B D:\webservice-albrecht\altmuehlsee-portal\test\images\main_l-d.jpg <-- altmuehlsee-portal.com /public_html/test/images main_l-d.jpg
2012.10.02 14:02 B D:\webservice-albrecht\altmuehlsee-portal\test\images\main_l-u.jpg <-- altmuehlsee-portal.com /public_html/test/images main_l-u.jpg
2012.10.02 14:02 B D:\webservice-albrecht\altmuehlsee-portal\test\images\main_l.jpg <-- altmuehlsee-portal.com /public_html/test/images main_l.jpg
2012.10.02 14:02 B D:\webservice-albrecht\altmuehlsee-portal\test\images\main_r-d.jpg <-- altmuehlsee-portal.com /public_html/test/images main_r-d.jpg
2012.10.02 14:02 B D:\webservice-albrecht\altmuehlsee-portal\test\images\main_r-u.jpg <-- altmuehlsee-portal.com /public_html/test/images main_r-u.jpg
2012.10.02 14:02 B D:\webservice-albrecht\altmuehlsee-portal\test\images\main_r.jpg <-- altmuehlsee-portal.com /public_html/test/images main_r.jpg
2012.10.02 14:02 B D:\webservice-albrecht\altmuehlsee-portal\test\images\main_u.jpg <-- altmuehlsee-portal.com /public_html/test/images main_u.jpg
2012.10.02 14:02 B D:\webservice-albrecht\altmuehlsee-portal\test\images\natur.jpg <-- altmuehlsee-portal.com /public_html/test/images natur.jpg
2012.10.02 14:02 B D:\webservice-albrecht\altmuehlsee-portal\test\images\schifffahrt2.jpg <-- altmuehlsee-portal.com /public_html/test/images schifffahrt2.jpg
2012.10.02 14:02 B D:\webservice-albrecht\altmuehlsee-portal\test\images\schifffahrt5.jpg <-- altmuehlsee-portal.com /public_html/test/images schifffahrt5.jpg
2012.10.02 14:02 B D:\webservice-albrecht\altmuehlsee-portal\test\images\seenlandportal.jpg <-- altmuehlsee-portal.com /public_html/test/images seenlandportal.jpg
2012.10.02 14:02 B D:\webservice-albrecht\altmuehlsee-portal\test\images\sp_1.gif <-- altmuehlsee-portal.com /public_html/test/images sp_1.gif
2012.10.02 14:02 B D:\webservice-albrecht\altmuehlsee-portal\test\images\sp_12.gif <-- altmuehlsee-portal.com /public_html/test/images sp_12.gif
2012.10.02 14:02 B D:\webservice-albrecht\altmuehlsee-portal\test\images\sp_8.gif <-- altmuehlsee-portal.com /public_html/test/images sp_8.gif
2012.10.02 14:02 B D:\webservice-albrecht\altmuehlsee-portal\test\images\strand3.jpg <-- altmuehlsee-portal.com /public_html/test/images strand3.jpg
2012.10.02 14:02 B D:\webservice-albrecht\altmuehlsee-portal\test\images\suche.jpg <-- altmuehlsee-portal.com /public_html/test/images suche.jpg
2012.10.02 14:02 B D:\webservice-albrecht\altmuehlsee-portal\test\images\topic_end_green.jpg <-- altmuehlsee-portal.com /public_html/test/images topic_end_green.jpg
2012.10.02 14:02 B D:\webservice-albrecht\altmuehlsee-portal\test\images\topic_end_yellow.jpg <-- altmuehlsee-portal.com /public_html/test/images topic_end_yellow.jpg
2012.10.02 14:02 B D:\webservice-albrecht\altmuehlsee-portal\test\images\topic_green.jpg <-- altmuehlsee-portal.com /public_html/test/images topic_green.jpg
2012.10.02 14:02 B D:\webservice-albrecht\altmuehlsee-portal\test\images\topic_green_yellow.jpg <-- altmuehlsee-portal.com /public_html/test/images topic_green_yellow.jpg
2012.10.02 14:02 B D:\webservice-albrecht\altmuehlsee-portal\test\images\topic_start_green.jpg <-- altmuehlsee-portal.com /public_html/test/images topic_start_green.jpg
2012.10.02 14:02 B D:\webservice-albrecht\altmuehlsee-portal\test\images\topic_start_yellow.jpg <-- altmuehlsee-portal.com /public_html/test/images topic_start_yellow.jpg
2012.10.02 14:02 B D:\webservice-albrecht\altmuehlsee-portal\test\images\topic_yellow_green.jpg <-- altmuehlsee-portal.com /public_html/test/images topic_yellow_green.jpg
2012.10.02 14:02 B D:\webservice-albrecht\altmuehlsee-portal\test\images\unterkuenfte.jpg <-- altmuehlsee-portal.com /public_html/test/images unterkuenfte.jpg
2012.10.02 14:02 B D:\webservice-albrecht\altmuehlsee-portal\test\images\unterkunft-brombachsee.jpg <-- altmuehlsee-portal.com /public_html/test/images unterkunft-brombachsee.jpg
2012.10.02 14:02 B D:\webservice-albrecht\altmuehlsee-portal\test\images\unterkunftsverzeichnis-brombachsee.jpg <-- altmuehlsee-portal.com /public_html/test/images unterkunftsverzeichnis-brombachsee.jpg
2012.10.02 14:02 B D:\webservice-albrecht\altmuehlsee-portal\test\images\unterkunftsverzeichnis.jpg <-- altmuehlsee-portal.com /public_html/test/images unterkunftsverzeichnis.jpg
2012.10.02 14:02 B D:\webservice-albrecht\altmuehlsee-portal\test\images\urlaub.jpg <-- altmuehlsee-portal.com /public_html/test/images urlaub.jpg
2012.10.02 14:02 B D:\webservice-albrecht\altmuehlsee-portal\test\images\veranstaltung-brombachsee.jpg <-- altmuehlsee-portal.com /public_html/test/images veranstaltung-brombachsee.jpg
2012.10.02 14:02 B D:\webservice-albrecht\altmuehlsee-portal\test\images\wasser.jpg <-- altmuehlsee-portal.com /public_html/test/images wasser.jpg
2012.10.02 17:24 B D:\webservice-albrecht\altmuehlsee-portal\public_html\images\.htaccess --> altmuehlsee-portal.com /public_html/images .htaccess
2012.10.02 17:24 B D:\webservice-albrecht\altmuehlsee-portal\public_html\images\1183444428.jpg --> altmuehlsee-portal.com /public_html/images 1183444428.jpg
2012.10.02 17:24 B D:\webservice-albrecht\altmuehlsee-portal\public_html\images\1183444443.jpg --> altmuehlsee-portal.com /public_html/images 1183444443.jpg
2012.10.02 17:24 B D:\webservice-albrecht\altmuehlsee-portal\public_html\images\1183444450.jpg --> altmuehlsee-portal.com /public_html/images 1183444450.jpg
2012.10.02 17:24 B D:\webservice-albrecht\altmuehlsee-portal\public_html\images\1183447977.jpg --> altmuehlsee-portal.com /public_html/images 1183447977.jpg
2012.10.02 17:24 B D:\webservice-albrecht\altmuehlsee-portal\public_html\images\background_left_blue.jpg --> altmuehlsee-portal.com /public_html/images background_left_blue.jpg
2012.10.02 17:24 B D:\webservice-albrecht\altmuehlsee-portal\public_html\images\background_left_yellow.jpg --> altmuehlsee-portal.com /public_html/images background_left_yellow.jpg
2012.10.02 17:24 B D:\webservice-albrecht\altmuehlsee-portal\public_html\images\background_right_blue.jpg --> altmuehlsee-portal.com /public_html/images background_right_blue.jpg
2012.10.02 17:24 B D:\webservice-albrecht\altmuehlsee-portal\public_html\images\BeachpartyBrombachsee2.jpg --> altmuehlsee-portal.com /public_html/images BeachpartyBrombachsee2.jpg
2012.10.02 17:24 B D:\webservice-albrecht\altmuehlsee-portal\public_html\images\brombachsee.jpg --> altmuehlsee-portal.com /public_html/images brombachsee.jpg
2012.10.02 17:24 B D:\webservice-albrecht\altmuehlsee-portal\public_html\images\button1.png --> altmuehlsee-portal.com /public_html/images button1.png
2012.10.02 17:24 B D:\webservice-albrecht\altmuehlsee-portal\public_html\images\button2.png --> altmuehlsee-portal.com /public_html/images button2.png
2012.10.02 17:24 B D:\webservice-albrecht\altmuehlsee-portal\public_html\images\button3.png --> altmuehlsee-portal.com /public_html/images button3.png
2012.10.02 17:24 B D:\webservice-albrecht\altmuehlsee-portal\public_html\images\button4.png --> altmuehlsee-portal.com /public_html/images button4.png
2012.10.02 17:24 B D:\webservice-albrecht\altmuehlsee-portal\public_html\images\button5.png --> altmuehlsee-portal.com /public_html/images button5.png
2012.10.02 17:24 B D:\webservice-albrecht\altmuehlsee-portal\public_html\images\button6.png --> altmuehlsee-portal.com /public_html/images button6.png
2012.10.02 17:25 B D:\webservice-albrecht\altmuehlsee-portal\public_html\images\example0.jpg --> altmuehlsee-portal.com /public_html/images example0.jpg
2012.10.02 17:25 B D:\webservice-albrecht\altmuehlsee-portal\public_html\images\example0_old.jpg --> altmuehlsee-portal.com /public_html/images example0_old.jpg
2012.10.02 17:25 B D:\webservice-albrecht\altmuehlsee-portal\public_html\images\example1.jpg --> altmuehlsee-portal.com /public_html/images example1.jpg
2012.10.02 17:25 B D:\webservice-albrecht\altmuehlsee-portal\public_html\images\example2.jpg --> altmuehlsee-portal.com /public_html/images example2.jpg
2012.10.02 17:25 B D:\webservice-albrecht\altmuehlsee-portal\public_html\images\favicon.ico --> altmuehlsee-portal.com /public_html/images favicon.ico
2012.10.02 17:25 B D:\webservice-albrecht\altmuehlsee-portal\public_html\images\footer_left_blue.jpg --> altmuehlsee-portal.com /public_html/images footer_left_blue.jpg
2012.10.02 17:25 B D:\webservice-albrecht\altmuehlsee-portal\public_html\images\footer_left_yellow.jpg --> altmuehlsee-portal.com /public_html/images footer_left_yellow.jpg
2012.10.02 17:25 B D:\webservice-albrecht\altmuehlsee-portal\public_html\images\footer_right_blue.jpg --> altmuehlsee-portal.com /public_html/images footer_right_blue.jpg
2012.10.02 17:25 B D:\webservice-albrecht\altmuehlsee-portal\public_html\images\freizeit-brombachsee.jpg --> altmuehlsee-portal.com /public_html/images freizeit-brombachsee.jpg
2012.10.02 17:25 B D:\webservice-albrecht\altmuehlsee-portal\public_html\images\freizeit_01.jpg --> altmuehlsee-portal.com /public_html/images freizeit_01.jpg
2012.10.02 17:25 B D:\webservice-albrecht\altmuehlsee-portal\public_html\images\gunzenhausen_ad.gif --> altmuehlsee-portal.com /public_html/images gunzenhausen_ad.gif
2012.10.02 17:25 B D:\webservice-albrecht\altmuehlsee-portal\public_html\images\gunzenhausen_ad.jpg --> altmuehlsee-portal.com /public_html/images gunzenhausen_ad.jpg
2012.10.02 17:25 B D:\webservice-albrecht\altmuehlsee-portal\public_html\images\header - Kopie.jpg --> altmuehlsee-portal.com /public_html/images header - Kopie.jpg
2012.10.02 17:25 B D:\webservice-albrecht\altmuehlsee-portal\public_html\images\header.jpg --> altmuehlsee-portal.com /public_html/images header.jpg
2012.10.02 17:25 B D:\webservice-albrecht\altmuehlsee-portal\public_html\images\header7.jpg --> altmuehlsee-portal.com /public_html/images header7.jpg
2012.10.02 17:25 B D:\webservice-albrecht\altmuehlsee-portal\public_html\images\header8.jpg --> altmuehlsee-portal.com /public_html/images header8.jpg
2012.10.02 17:25 B D:\webservice-albrecht\altmuehlsee-portal\public_html\images\header_altm.jpg --> altmuehlsee-portal.com /public_html/images header_altm.jpg
2012.10.02 17:25 B D:\webservice-albrecht\altmuehlsee-portal\public_html\images\header_altm2.jpg --> altmuehlsee-portal.com /public_html/images header_altm2.jpg
2012.10.02 17:25 B D:\webservice-albrecht\altmuehlsee-portal\public_html\images\header_brom.jpg --> altmuehlsee-portal.com /public_html/images header_brom.jpg
2012.10.02 17:25 B D:\webservice-albrecht\altmuehlsee-portal\public_html\images\header_left_blue.jpg --> altmuehlsee-portal.com /public_html/images header_left_blue.jpg
2012.10.02 17:25 B D:\webservice-albrecht\altmuehlsee-portal\public_html\images\header_left_yellow.jpg --> altmuehlsee-portal.com /public_html/images header_left_yellow.jpg
2012.10.02 17:25 B D:\webservice-albrecht\altmuehlsee-portal\public_html\images\header_ohne schrift.jpg --> altmuehlsee-portal.com /public_html/images header_ohne schrift.jpg
2012.10.02 17:25 B D:\webservice-albrecht\altmuehlsee-portal\public_html\images\header_ohneschrift.jpg --> altmuehlsee-portal.com /public_html/images header_ohneschrift.jpg
2012.10.02 17:25 B D:\webservice-albrecht\altmuehlsee-portal\public_html\images\header_original.jpg --> altmuehlsee-portal.com /public_html/images header_original.jpg
2012.10.02 17:25 B D:\webservice-albrecht\altmuehlsee-portal\public_html\images\header_right_blue.jpg --> altmuehlsee-portal.com /public_html/images header_right_blue.jpg
2012.10.02 17:25 B D:\webservice-albrecht\altmuehlsee-portal\public_html\images\karte.gif --> altmuehlsee-portal.com /public_html/images karte.gif
2012.10.02 17:25 B D:\webservice-albrecht\altmuehlsee-portal\public_html\images\karte_130907.gif --> altmuehlsee-portal.com /public_html/images karte_130907.gif
2012.10.02 17:25 B D:\webservice-albrecht\altmuehlsee-portal\public_html\images\kinder.jpg --> altmuehlsee-portal.com /public_html/images kinder.jpg
2012.10.02 17:25 B D:\webservice-albrecht\altmuehlsee-portal\public_html\images\legende.gif --> altmuehlsee-portal.com /public_html/images legende.gif
2012.10.02 17:25 B D:\webservice-albrecht\altmuehlsee-portal\public_html\images\luftbild1.jpg --> altmuehlsee-portal.com /public_html/images luftbild1.jpg
2012.10.02 17:25 B D:\webservice-albrecht\altmuehlsee-portal\public_html\images\main_d.jpg --> altmuehlsee-portal.com /public_html/images main_d.jpg
2012.10.02 17:25 B D:\webservice-albrecht\altmuehlsee-portal\public_html\images\main_l-d.jpg --> altmuehlsee-portal.com /public_html/images main_l-d.jpg
2012.10.02 17:25 B D:\webservice-albrecht\altmuehlsee-portal\public_html\images\main_l-u.jpg --> altmuehlsee-portal.com /public_html/images main_l-u.jpg
2012.10.02 17:25 B D:\webservice-albrecht\altmuehlsee-portal\public_html\images\main_l.jpg --> altmuehlsee-portal.com /public_html/images main_l.jpg
2012.10.02 17:25 B D:\webservice-albrecht\altmuehlsee-portal\public_html\images\main_r-d.jpg --> altmuehlsee-portal.com /public_html/images main_r-d.jpg
2012.10.02 17:25 B D:\webservice-albrecht\altmuehlsee-portal\public_html\images\main_r-u.jpg --> altmuehlsee-portal.com /public_html/images main_r-u.jpg
2012.10.02 17:25 B D:\webservice-albrecht\altmuehlsee-portal\public_html\images\main_r.jpg --> altmuehlsee-portal.com /public_html/images main_r.jpg
2012.10.02 17:25 B D:\webservice-albrecht\altmuehlsee-portal\public_html\images\main_u.jpg --> altmuehlsee-portal.com /public_html/images main_u.jpg
2012.10.02 17:25 B D:\webservice-albrecht\altmuehlsee-portal\public_html\images\natur.jpg --> altmuehlsee-portal.com /public_html/images natur.jpg
2012.10.02 17:25 B D:\webservice-albrecht\altmuehlsee-portal\public_html\images\schifffahrt2.jpg --> altmuehlsee-portal.com /public_html/images schifffahrt2.jpg
2012.10.02 17:25 B D:\webservice-albrecht\altmuehlsee-portal\public_html\images\schifffahrt5.jpg --> altmuehlsee-portal.com /public_html/images schifffahrt5.jpg
2012.10.02 17:25 B D:\webservice-albrecht\altmuehlsee-portal\public_html\images\seenlandportal.jpg --> altmuehlsee-portal.com /public_html/images seenlandportal.jpg
2012.10.02 17:25 B D:\webservice-albrecht\altmuehlsee-portal\public_html\images\sp_1.gif --> altmuehlsee-portal.com /public_html/images sp_1.gif
2012.10.02 17:25 B D:\webservice-albrecht\altmuehlsee-portal\public_html\images\sp_12.gif --> altmuehlsee-portal.com /public_html/images sp_12.gif
2012.10.02 17:25 B D:\webservice-albrecht\altmuehlsee-portal\public_html\images\sp_8.gif --> altmuehlsee-portal.com /public_html/images sp_8.gif
2012.10.02 17:25 B D:\webservice-albrecht\altmuehlsee-portal\public_html\images\strand3.jpg --> altmuehlsee-portal.com /public_html/images strand3.jpg
2012.10.02 17:25 B D:\webservice-albrecht\altmuehlsee-portal\public_html\images\suche.jpg --> altmuehlsee-portal.com /public_html/images suche.jpg
2012.10.02 17:25 B D:\webservice-albrecht\altmuehlsee-portal\public_html\images\topic_end_green.jpg --> altmuehlsee-portal.com /public_html/images topic_end_green.jpg
2012.10.02 17:25 B D:\webservice-albrecht\altmuehlsee-portal\public_html\images\topic_end_yellow.jpg --> altmuehlsee-portal.com /public_html/images topic_end_yellow.jpg
2012.10.02 17:25 B D:\webservice-albrecht\altmuehlsee-portal\public_html\images\topic_green.jpg --> altmuehlsee-portal.com /public_html/images topic_green.jpg
2012.10.02 17:25 B D:\webservice-albrecht\altmuehlsee-portal\public_html\images\topic_green_yellow.jpg --> altmuehlsee-portal.com /public_html/images topic_green_yellow.jpg
2012.10.02 17:25 B D:\webservice-albrecht\altmuehlsee-portal\public_html\images\topic_start_green.jpg --> altmuehlsee-portal.com /public_html/images topic_start_green.jpg
2012.10.02 17:25 B D:\webservice-albrecht\altmuehlsee-portal\public_html\images\topic_start_yellow.jpg --> altmuehlsee-portal.com /public_html/images topic_start_yellow.jpg
2012.10.02 17:25 B D:\webservice-albrecht\altmuehlsee-portal\public_html\images\topic_yellow_green.jpg --> altmuehlsee-portal.com /public_html/images topic_yellow_green.jpg
2012.10.02 17:25 B D:\webservice-albrecht\altmuehlsee-portal\public_html\images\unterkuenfte.jpg --> altmuehlsee-portal.com /public_html/images unterkuenfte.jpg
2012.10.02 17:25 B D:\webservice-albrecht\altmuehlsee-portal\public_html\images\unterkunft-brombachsee.jpg --> altmuehlsee-portal.com /public_html/images unterkunft-brombachsee.jpg
2012.10.02 17:25 B D:\webservice-albrecht\altmuehlsee-portal\public_html\images\unterkunftsverzeichnis-brombachsee.jpg --> altmuehlsee-portal.com /public_html/images unterkunftsverzeichnis-brombachsee.jpg
2012.10.02 17:25 B D:\webservice-albrecht\altmuehlsee-portal\public_html\images\unterkunftsverzeichnis.jpg --> altmuehlsee-portal.com /public_html/images unterkunftsverzeichnis.jpg
2012.10.02 17:25 B D:\webservice-albrecht\altmuehlsee-portal\public_html\images\urlaub.jpg --> altmuehlsee-portal.com /public_html/images urlaub.jpg
2012.10.02 17:25 B D:\webservice-albrecht\altmuehlsee-portal\public_html\images\veranstaltung-brombachsee.jpg --> altmuehlsee-portal.com /public_html/images veranstaltung-brombachsee.jpg
2012.10.02 17:25 B D:\webservice-albrecht\altmuehlsee-portal\public_html\images\wasser.jpg --> altmuehlsee-portal.com /public_html/images wasser.jpg
2012.11.06 08:09 B D:\webservice-albrecht\altmuehlsee\public_html\images\WS_FTP.LOG <-- altmuehlsee-portal.com /public_html/images WS_FTP.LOG
2012.11.06 08:19 B D:\webservice-albrecht\altmuehlsee\public_html\images\.htaccess --> altmuehlsee.com /public_html/images .htaccess
2012.11.06 08:19 B D:\webservice-albrecht\altmuehlsee\public_html\images\1183444428.jpg --> altmuehlsee.com /public_html/images 1183444428.jpg
2012.11.06 08:19 B D:\webservice-albrecht\altmuehlsee\public_html\images\1183444443.jpg --> altmuehlsee.com /public_html/images 1183444443.jpg
2012.11.06 08:19 B D:\webservice-albrecht\altmuehlsee\public_html\images\1183444450.jpg --> altmuehlsee.com /public_html/images 1183444450.jpg
2012.11.06 08:19 B D:\webservice-albrecht\altmuehlsee\public_html\images\1183447977.jpg --> altmuehlsee.com /public_html/images 1183447977.jpg
2012.11.06 08:19 B D:\webservice-albrecht\altmuehlsee\public_html\images\altmuehlsee-lageplan.jpg --> altmuehlsee.com /public_html/images altmuehlsee-lageplan.jpg
2012.11.06 08:19 B D:\webservice-albrecht\altmuehlsee\public_html\images\altmuehlsee-lageplan_ok.jpg --> altmuehlsee.com /public_html/images altmuehlsee-lageplan_ok.jpg
2012.11.06 08:19 B D:\webservice-albrecht\altmuehlsee\public_html\images\altmuehlsee.jpg --> altmuehlsee.com /public_html/images altmuehlsee.jpg
2012.11.06 08:19 B D:\webservice-albrecht\altmuehlsee\public_html\images\background_left_blue.jpg --> altmuehlsee.com /public_html/images background_left_blue.jpg
2012.11.06 08:19 B D:\webservice-albrecht\altmuehlsee\public_html\images\background_left_yellow.jpg --> altmuehlsee.com /public_html/images background_left_yellow.jpg
2012.11.06 08:19 B D:\webservice-albrecht\altmuehlsee\public_html\images\background_right_blue.jpg --> altmuehlsee.com /public_html/images background_right_blue.jpg
2012.11.06 08:19 B D:\webservice-albrecht\altmuehlsee\public_html\images\BeachpartyBrombachsee2.jpg --> altmuehlsee.com /public_html/images BeachpartyBrombachsee2.jpg
2012.11.06 08:19 B D:\webservice-albrecht\altmuehlsee\public_html\images\brombachsee.jpg --> altmuehlsee.com /public_html/images brombachsee.jpg
2012.11.06 08:19 B D:\webservice-albrecht\altmuehlsee\public_html\images\button1.png --> altmuehlsee.com /public_html/images button1.png
2012.11.06 08:19 B D:\webservice-albrecht\altmuehlsee\public_html\images\button2.png --> altmuehlsee.com /public_html/images button2.png
2012.11.06 08:19 B D:\webservice-albrecht\altmuehlsee\public_html\images\button3.png --> altmuehlsee.com /public_html/images button3.png
2012.11.06 08:19 B D:\webservice-albrecht\altmuehlsee\public_html\images\button4.png --> altmuehlsee.com /public_html/images button4.png
2012.11.06 08:19 B D:\webservice-albrecht\altmuehlsee\public_html\images\button5.png --> altmuehlsee.com /public_html/images button5.png
2012.11.06 08:19 B D:\webservice-albrecht\altmuehlsee\public_html\images\button6.png --> altmuehlsee.com /public_html/images button6.png
2012.11.06 08:19 B D:\webservice-albrecht\altmuehlsee\public_html\images\example0.jpg --> altmuehlsee.com /public_html/images example0.jpg
2012.11.06 08:19 B D:\webservice-albrecht\altmuehlsee\public_html\images\example0_old.jpg --> altmuehlsee.com /public_html/images example0_old.jpg
2012.11.06 08:19 B D:\webservice-albrecht\altmuehlsee\public_html\images\example1.jpg --> altmuehlsee.com /public_html/images example1.jpg
2012.11.06 08:19 B D:\webservice-albrecht\altmuehlsee\public_html\images\example2.jpg --> altmuehlsee.com /public_html/images example2.jpg
2012.11.06 08:19 B D:\webservice-albrecht\altmuehlsee\public_html\images\favicon.ico --> altmuehlsee.com /public_html/images favicon.ico
2012.11.06 08:19 B D:\webservice-albrecht\altmuehlsee\public_html\images\footer_left_blue.jpg --> altmuehlsee.com /public_html/images footer_left_blue.jpg
2012.11.06 08:19 B D:\webservice-albrecht\altmuehlsee\public_html\images\footer_left_yellow.jpg --> altmuehlsee.com /public_html/images footer_left_yellow.jpg
2012.11.06 08:19 B D:\webservice-albrecht\altmuehlsee\public_html\images\footer_right_blue.jpg --> altmuehlsee.com /public_html/images footer_right_blue.jpg
2012.11.06 08:19 B D:\webservice-albrecht\altmuehlsee\public_html\images\freizeit-altmuehlsee.jpg --> altmuehlsee.com /public_html/images freizeit-altmuehlsee.jpg
2012.11.06 08:19 B D:\webservice-albrecht\altmuehlsee\public_html\images\freizeit-brombachsee.jpg --> altmuehlsee.com /public_html/images freizeit-brombachsee.jpg
2012.11.06 08:19 B D:\webservice-albrecht\altmuehlsee\public_html\images\freizeit_01.jpg --> altmuehlsee.com /public_html/images freizeit_01.jpg
2012.11.06 08:19 B D:\webservice-albrecht\altmuehlsee\public_html\images\gunzenhausen_ad.gif --> altmuehlsee.com /public_html/images gunzenhausen_ad.gif
2012.11.06 08:19 B D:\webservice-albrecht\altmuehlsee\public_html\images\gunzenhausen_ad.jpg --> altmuehlsee.com /public_html/images gunzenhausen_ad.jpg
2012.11.06 08:19 B D:\webservice-albrecht\altmuehlsee\public_html\images\header - Kopie.jpg --> altmuehlsee.com /public_html/images header - Kopie.jpg
2012.11.06 08:20 B D:\webservice-albrecht\altmuehlsee\public_html\images\header.jpg --> altmuehlsee.com /public_html/images header.jpg
2012.11.06 08:20 B D:\webservice-albrecht\altmuehlsee\public_html\images\header7.jpg --> altmuehlsee.com /public_html/images header7.jpg
2012.11.06 08:20 B D:\webservice-albrecht\altmuehlsee\public_html\images\header8.jpg --> altmuehlsee.com /public_html/images header8.jpg
2012.11.06 08:20 B D:\webservice-albrecht\altmuehlsee\public_html\images\header_altm.jpg --> altmuehlsee.com /public_html/images header_altm.jpg
2012.11.06 08:20 B D:\webservice-albrecht\altmuehlsee\public_html\images\header_altm2.jpg --> altmuehlsee.com /public_html/images header_altm2.jpg
2012.11.06 08:20 B D:\webservice-albrecht\altmuehlsee\public_html\images\header_brom.jpg --> altmuehlsee.com /public_html/images header_brom.jpg
2012.11.06 08:20 B D:\webservice-albrecht\altmuehlsee\public_html\images\header_left_blue.jpg --> altmuehlsee.com /public_html/images header_left_blue.jpg
2012.11.06 08:20 B D:\webservice-albrecht\altmuehlsee\public_html\images\header_left_yellow.jpg --> altmuehlsee.com /public_html/images header_left_yellow.jpg
2012.11.06 08:20 B D:\webservice-albrecht\altmuehlsee\public_html\images\header_ohne schrift.jpg --> altmuehlsee.com /public_html/images header_ohne schrift.jpg
2012.11.06 08:20 B D:\webservice-albrecht\altmuehlsee\public_html\images\header_ohneschrift.jpg --> altmuehlsee.com /public_html/images header_ohneschrift.jpg
2012.11.06 08:20 B D:\webservice-albrecht\altmuehlsee\public_html\images\header_original.jpg --> altmuehlsee.com /public_html/images header_original.jpg
2012.11.06 08:20 B D:\webservice-albrecht\altmuehlsee\public_html\images\header_right_blue.jpg --> altmuehlsee.com /public_html/images header_right_blue.jpg
2012.11.06 08:20 B D:\webservice-albrecht\altmuehlsee\public_html\images\karte_130907.gif --> altmuehlsee.com /public_html/images karte_130907.gif
2012.11.06 08:20 B D:\webservice-albrecht\altmuehlsee\public_html\images\karte_brom.gif --> altmuehlsee.com /public_html/images karte_brom.gif
2012.11.06 08:20 B D:\webservice-albrecht\altmuehlsee\public_html\images\kinder.jpg --> altmuehlsee.com /public_html/images kinder.jpg
2012.11.06 08:20 B D:\webservice-albrecht\altmuehlsee\public_html\images\legende.gif --> altmuehlsee.com /public_html/images legende.gif
2012.11.06 08:20 B D:\webservice-albrecht\altmuehlsee\public_html\images\luftbild1.jpg --> altmuehlsee.com /public_html/images luftbild1.jpg
2012.11.06 08:20 B D:\webservice-albrecht\altmuehlsee\public_html\images\main_d.jpg --> altmuehlsee.com /public_html/images main_d.jpg
2012.11.06 08:20 B D:\webservice-albrecht\altmuehlsee\public_html\images\main_l-d.jpg --> altmuehlsee.com /public_html/images main_l-d.jpg
2012.11.06 08:20 B D:\webservice-albrecht\altmuehlsee\public_html\images\main_l-u.jpg --> altmuehlsee.com /public_html/images main_l-u.jpg
2012.11.06 08:20 B D:\webservice-albrecht\altmuehlsee\public_html\images\main_l.jpg --> altmuehlsee.com /public_html/images main_l.jpg
2012.11.06 08:20 B D:\webservice-albrecht\altmuehlsee\public_html\images\main_r-d.jpg --> altmuehlsee.com /public_html/images main_r-d.jpg
2012.11.06 08:20 B D:\webservice-albrecht\altmuehlsee\public_html\images\main_r-u.jpg --> altmuehlsee.com /public_html/images main_r-u.jpg
2012.11.06 08:20 B D:\webservice-albrecht\altmuehlsee\public_html\images\main_r.jpg --> altmuehlsee.com /public_html/images main_r.jpg
2012.11.06 08:20 B D:\webservice-albrecht\altmuehlsee\public_html\images\main_u.jpg --> altmuehlsee.com /public_html/images main_u.jpg
2012.11.06 08:20 B D:\webservice-albrecht\altmuehlsee\public_html\images\natur.jpg --> altmuehlsee.com /public_html/images natur.jpg
2012.11.06 08:20 B D:\webservice-albrecht\altmuehlsee\public_html\images\schifffahrt2.jpg --> altmuehlsee.com /public_html/images schifffahrt2.jpg
2012.11.06 08:20 B D:\webservice-albrecht\altmuehlsee\public_html\images\schifffahrt5.jpg --> altmuehlsee.com /public_html/images schifffahrt5.jpg
2012.11.06 08:20 B D:\webservice-albrecht\altmuehlsee\public_html\images\seenlandportal.jpg --> altmuehlsee.com /public_html/images seenlandportal.jpg
2012.11.06 08:20 B D:\webservice-albrecht\altmuehlsee\public_html\images\sp_1.gif --> altmuehlsee.com /public_html/images sp_1.gif
2012.11.06 08:20 B D:\webservice-albrecht\altmuehlsee\public_html\images\sp_12.gif --> altmuehlsee.com /public_html/images sp_12.gif
2012.11.06 08:20 B D:\webservice-albrecht\altmuehlsee\public_html\images\sp_8.gif --> altmuehlsee.com /public_html/images sp_8.gif
2012.11.06 08:20 B D:\webservice-albrecht\altmuehlsee\public_html\images\strand3.jpg --> altmuehlsee.com /public_html/images strand3.jpg
2012.11.06 08:20 B D:\webservice-albrecht\altmuehlsee\public_html\images\suche.jpg --> altmuehlsee.com /public_html/images suche.jpg
2012.11.06 08:20 B D:\webservice-albrecht\altmuehlsee\public_html\images\topic_end_green.jpg --> altmuehlsee.com /public_html/images topic_end_green.jpg
2012.11.06 08:20 B D:\webservice-albrecht\altmuehlsee\public_html\images\topic_end_yellow.jpg --> altmuehlsee.com /public_html/images topic_end_yellow.jpg
2012.11.06 08:20 B D:\webservice-albrecht\altmuehlsee\public_html\images\topic_green.jpg --> altmuehlsee.com /public_html/images topic_green.jpg
2012.11.06 08:20 B D:\webservice-albrecht\altmuehlsee\public_html\images\topic_green_yellow.jpg --> altmuehlsee.com /public_html/images topic_green_yellow.jpg
2012.11.06 08:20 B D:\webservice-albrecht\altmuehlsee\public_html\images\topic_start_green.jpg --> altmuehlsee.com /public_html/images topic_start_green.jpg
2012.11.06 08:20 B D:\webservice-albrecht\altmuehlsee\public_html\images\topic_start_yellow.jpg --> altmuehlsee.com /public_html/images topic_start_yellow.jpg
2012.11.06 08:20 B D:\webservice-albrecht\altmuehlsee\public_html\images\topic_yellow_green.jpg --> altmuehlsee.com /public_html/images topic_yellow_green.jpg
2012.11.06 08:20 B D:\webservice-albrecht\altmuehlsee\public_html\images\unterkuenfte.jpg --> altmuehlsee.com /public_html/images unterkuenfte.jpg
2012.11.06 08:20 B D:\webservice-albrecht\altmuehlsee\public_html\images\unterkunft-altmuehlsee.jpg --> altmuehlsee.com /public_html/images unterkunft-altmuehlsee.jpg
2012.11.06 08:20 B D:\webservice-albrecht\altmuehlsee\public_html\images\unterkunft-brombachsee.jpg --> altmuehlsee.com /public_html/images unterkunft-brombachsee.jpg
2012.11.06 08:20 B D:\webservice-albrecht\altmuehlsee\public_html\images\unterkunftsverzeichnis-brombachsee.jpg --> altmuehlsee.com /public_html/images unterkunftsverzeichnis-brombachsee.jpg
2012.11.06 08:20 B D:\webservice-albrecht\altmuehlsee\public_html\images\unterkunftsverzeichnis.jpg --> altmuehlsee.com /public_html/images unterkunftsverzeichnis.jpg
2012.11.06 08:20 B D:\webservice-albrecht\altmuehlsee\public_html\images\urlaub.jpg --> altmuehlsee.com /public_html/images urlaub.jpg
2012.11.06 08:20 B D:\webservice-albrecht\altmuehlsee\public_html\images\veranstaltung-brombachsee.jpg --> altmuehlsee.com /public_html/images veranstaltung-brombachsee.jpg
2012.11.06 08:20 B D:\webservice-albrecht\altmuehlsee\public_html\images\wasser.jpg --> altmuehlsee.com /public_html/images wasser.jpg
