2012.10.02 11:45 B D:\webservice-albrecht\altmuehlsee-portal\public_html\images\icons\.htaccess <-- brombachsee.de /public_html/images/icons .htaccess
2012.10.02 11:45 B D:\webservice-albrecht\altmuehlsee-portal\public_html\images\icons\back.gif <-- brombachsee.de /public_html/images/icons back.gif
2012.10.02 11:45 B D:\webservice-albrecht\altmuehlsee-portal\public_html\images\icons\button_rooms.gif <-- brombachsee.de /public_html/images/icons button_rooms.gif
2012.10.02 11:45 B D:\webservice-albrecht\altmuehlsee-portal\public_html\images\icons\button_tools.gif <-- brombachsee.de /public_html/images/icons button_tools.gif
2012.10.02 11:45 B D:\webservice-albrecht\altmuehlsee-portal\public_html\images\icons\stern.gif <-- brombachsee.de /public_html/images/icons stern.gif
2012.10.02 11:45 B D:\webservice-albrecht\altmuehlsee-portal\public_html\images\icons\symbol01.gif <-- brombachsee.de /public_html/images/icons symbol01.gif
2012.10.02 11:45 B D:\webservice-albrecht\altmuehlsee-portal\public_html\images\icons\symbol02.gif <-- brombachsee.de /public_html/images/icons symbol02.gif
2012.10.02 11:45 B D:\webservice-albrecht\altmuehlsee-portal\public_html\images\icons\symbol03.gif <-- brombachsee.de /public_html/images/icons symbol03.gif
2012.10.02 11:45 B D:\webservice-albrecht\altmuehlsee-portal\public_html\images\icons\symbol04.gif <-- brombachsee.de /public_html/images/icons symbol04.gif
2012.10.02 11:45 B D:\webservice-albrecht\altmuehlsee-portal\public_html\images\icons\symbol05.gif <-- brombachsee.de /public_html/images/icons symbol05.gif
2012.10.02 11:45 B D:\webservice-albrecht\altmuehlsee-portal\public_html\images\icons\symbol06.gif <-- brombachsee.de /public_html/images/icons symbol06.gif
2012.10.02 11:46 B D:\webservice-albrecht\altmuehlsee-portal\public_html\images\icons\symbol07.gif <-- brombachsee.de /public_html/images/icons symbol07.gif
2012.10.02 11:46 B D:\webservice-albrecht\altmuehlsee-portal\public_html\images\icons\symbol08.gif <-- brombachsee.de /public_html/images/icons symbol08.gif
2012.10.02 11:46 B D:\webservice-albrecht\altmuehlsee-portal\public_html\images\icons\symbol09.gif <-- brombachsee.de /public_html/images/icons symbol09.gif
2012.10.02 11:46 B D:\webservice-albrecht\altmuehlsee-portal\public_html\images\icons\symbol10.gif <-- brombachsee.de /public_html/images/icons symbol10.gif
2012.10.02 11:46 B D:\webservice-albrecht\altmuehlsee-portal\public_html\images\icons\symbol11.gif <-- brombachsee.de /public_html/images/icons symbol11.gif
2012.10.02 11:46 B D:\webservice-albrecht\altmuehlsee-portal\public_html\images\icons\symbol12.gif <-- brombachsee.de /public_html/images/icons symbol12.gif
2012.10.02 11:46 B D:\webservice-albrecht\altmuehlsee-portal\public_html\images\icons\symbol13.gif <-- brombachsee.de /public_html/images/icons symbol13.gif
2012.10.02 11:46 B D:\webservice-albrecht\altmuehlsee-portal\public_html\images\icons\symbol14.gif <-- brombachsee.de /public_html/images/icons symbol14.gif
2012.10.02 11:46 B D:\webservice-albrecht\altmuehlsee-portal\public_html\images\icons\symbol15.gif <-- brombachsee.de /public_html/images/icons symbol15.gif
2012.10.02 11:46 B D:\webservice-albrecht\altmuehlsee-portal\public_html\images\icons\symbol16.gif <-- brombachsee.de /public_html/images/icons symbol16.gif
2012.10.02 11:46 B D:\webservice-albrecht\altmuehlsee-portal\public_html\images\icons\symbol17.gif <-- brombachsee.de /public_html/images/icons symbol17.gif
2012.10.02 11:46 B D:\webservice-albrecht\altmuehlsee-portal\public_html\images\icons\symbol18.gif <-- brombachsee.de /public_html/images/icons symbol18.gif
2012.10.02 11:46 B D:\webservice-albrecht\altmuehlsee-portal\public_html\images\icons\symbol19.gif <-- brombachsee.de /public_html/images/icons symbol19.gif
2012.10.02 11:46 B D:\webservice-albrecht\altmuehlsee-portal\public_html\images\icons\symbol20.gif <-- brombachsee.de /public_html/images/icons symbol20.gif
2012.10.02 11:46 B D:\webservice-albrecht\altmuehlsee-portal\public_html\images\icons\symbol21.gif <-- brombachsee.de /public_html/images/icons symbol21.gif
2012.10.02 11:46 B D:\webservice-albrecht\altmuehlsee-portal\public_html\images\icons\weiter.gif <-- brombachsee.de /public_html/images/icons weiter.gif
2012.10.02 12:23 B D:\webservice-albrecht\altmuehlsee-portal\test\images\icons\.htaccess --> altmuehlsee-portal.com /public_html/test/images/icons .htaccess
2012.10.02 12:23 B D:\webservice-albrecht\altmuehlsee-portal\test\images\icons\back.gif --> altmuehlsee-portal.com /public_html/test/images/icons back.gif
2012.10.02 12:23 B D:\webservice-albrecht\altmuehlsee-portal\test\images\icons\button_rooms.gif --> altmuehlsee-portal.com /public_html/test/images/icons button_rooms.gif
2012.10.02 12:23 B D:\webservice-albrecht\altmuehlsee-portal\test\images\icons\button_tools.gif --> altmuehlsee-portal.com /public_html/test/images/icons button_tools.gif
2012.10.02 12:23 B D:\webservice-albrecht\altmuehlsee-portal\test\images\icons\stern.gif --> altmuehlsee-portal.com /public_html/test/images/icons stern.gif
2012.10.02 12:23 B D:\webservice-albrecht\altmuehlsee-portal\test\images\icons\symbol01.gif --> altmuehlsee-portal.com /public_html/test/images/icons symbol01.gif
2012.10.02 12:23 B D:\webservice-albrecht\altmuehlsee-portal\test\images\icons\symbol02.gif --> altmuehlsee-portal.com /public_html/test/images/icons symbol02.gif
2012.10.02 12:23 B D:\webservice-albrecht\altmuehlsee-portal\test\images\icons\symbol03.gif --> altmuehlsee-portal.com /public_html/test/images/icons symbol03.gif
2012.10.02 12:23 B D:\webservice-albrecht\altmuehlsee-portal\test\images\icons\symbol04.gif --> altmuehlsee-portal.com /public_html/test/images/icons symbol04.gif
2012.10.02 12:23 B D:\webservice-albrecht\altmuehlsee-portal\test\images\icons\symbol05.gif --> altmuehlsee-portal.com /public_html/test/images/icons symbol05.gif
2012.10.02 12:23 B D:\webservice-albrecht\altmuehlsee-portal\test\images\icons\symbol06.gif --> altmuehlsee-portal.com /public_html/test/images/icons symbol06.gif
2012.10.02 12:23 B D:\webservice-albrecht\altmuehlsee-portal\test\images\icons\symbol07.gif --> altmuehlsee-portal.com /public_html/test/images/icons symbol07.gif
2012.10.02 12:23 B D:\webservice-albrecht\altmuehlsee-portal\test\images\icons\symbol08.gif --> altmuehlsee-portal.com /public_html/test/images/icons symbol08.gif
2012.10.02 12:23 B D:\webservice-albrecht\altmuehlsee-portal\test\images\icons\symbol09.gif --> altmuehlsee-portal.com /public_html/test/images/icons symbol09.gif
2012.10.02 12:23 B D:\webservice-albrecht\altmuehlsee-portal\test\images\icons\symbol10.gif --> altmuehlsee-portal.com /public_html/test/images/icons symbol10.gif
2012.10.02 12:23 B D:\webservice-albrecht\altmuehlsee-portal\test\images\icons\symbol11.gif --> altmuehlsee-portal.com /public_html/test/images/icons symbol11.gif
2012.10.02 12:23 B D:\webservice-albrecht\altmuehlsee-portal\test\images\icons\symbol12.gif --> altmuehlsee-portal.com /public_html/test/images/icons symbol12.gif
2012.10.02 12:23 B D:\webservice-albrecht\altmuehlsee-portal\test\images\icons\symbol13.gif --> altmuehlsee-portal.com /public_html/test/images/icons symbol13.gif
2012.10.02 12:23 B D:\webservice-albrecht\altmuehlsee-portal\test\images\icons\symbol14.gif --> altmuehlsee-portal.com /public_html/test/images/icons symbol14.gif
2012.10.02 12:23 B D:\webservice-albrecht\altmuehlsee-portal\test\images\icons\symbol15.gif --> altmuehlsee-portal.com /public_html/test/images/icons symbol15.gif
2012.10.02 12:23 B D:\webservice-albrecht\altmuehlsee-portal\test\images\icons\symbol16.gif --> altmuehlsee-portal.com /public_html/test/images/icons symbol16.gif
2012.10.02 12:23 B D:\webservice-albrecht\altmuehlsee-portal\test\images\icons\symbol17.gif --> altmuehlsee-portal.com /public_html/test/images/icons symbol17.gif
2012.10.02 12:23 B D:\webservice-albrecht\altmuehlsee-portal\test\images\icons\symbol18.gif --> altmuehlsee-portal.com /public_html/test/images/icons symbol18.gif
2012.10.02 12:23 B D:\webservice-albrecht\altmuehlsee-portal\test\images\icons\symbol19.gif --> altmuehlsee-portal.com /public_html/test/images/icons symbol19.gif
2012.10.02 12:23 B D:\webservice-albrecht\altmuehlsee-portal\test\images\icons\symbol20.gif --> altmuehlsee-portal.com /public_html/test/images/icons symbol20.gif
2012.10.02 12:23 B D:\webservice-albrecht\altmuehlsee-portal\test\images\icons\symbol21.gif --> altmuehlsee-portal.com /public_html/test/images/icons symbol21.gif
2012.10.02 12:23 B D:\webservice-albrecht\altmuehlsee-portal\test\images\icons\weiter.gif --> altmuehlsee-portal.com /public_html/test/images/icons weiter.gif
2012.10.02 14:00 B D:\webservice-albrecht\altmuehlsee-portal\test\images\icons\WS_FTP.LOG <-- altmuehlsee-portal.com /public_html/test/images/icons WS_FTP.LOG
2012.10.02 17:22 B D:\webservice-albrecht\altmuehlsee-portal\public_html\images\icons\.htaccess --> altmuehlsee-portal.com /public_html/images/icons .htaccess
2012.10.02 17:22 B D:\webservice-albrecht\altmuehlsee-portal\public_html\images\icons\back.gif --> altmuehlsee-portal.com /public_html/images/icons back.gif
2012.10.02 17:22 B D:\webservice-albrecht\altmuehlsee-portal\public_html\images\icons\button_rooms.gif --> altmuehlsee-portal.com /public_html/images/icons button_rooms.gif
2012.10.02 17:22 B D:\webservice-albrecht\altmuehlsee-portal\public_html\images\icons\button_tools.gif --> altmuehlsee-portal.com /public_html/images/icons button_tools.gif
2012.10.02 17:22 B D:\webservice-albrecht\altmuehlsee-portal\public_html\images\icons\stern.gif --> altmuehlsee-portal.com /public_html/images/icons stern.gif
2012.10.02 17:22 B D:\webservice-albrecht\altmuehlsee-portal\public_html\images\icons\symbol01.gif --> altmuehlsee-portal.com /public_html/images/icons symbol01.gif
2012.10.02 17:22 B D:\webservice-albrecht\altmuehlsee-portal\public_html\images\icons\symbol02.gif --> altmuehlsee-portal.com /public_html/images/icons symbol02.gif
2012.10.02 17:22 B D:\webservice-albrecht\altmuehlsee-portal\public_html\images\icons\symbol03.gif --> altmuehlsee-portal.com /public_html/images/icons symbol03.gif
2012.10.02 17:22 B D:\webservice-albrecht\altmuehlsee-portal\public_html\images\icons\symbol04.gif --> altmuehlsee-portal.com /public_html/images/icons symbol04.gif
2012.10.02 17:22 B D:\webservice-albrecht\altmuehlsee-portal\public_html\images\icons\symbol05.gif --> altmuehlsee-portal.com /public_html/images/icons symbol05.gif
2012.10.02 17:22 B D:\webservice-albrecht\altmuehlsee-portal\public_html\images\icons\symbol06.gif --> altmuehlsee-portal.com /public_html/images/icons symbol06.gif
2012.10.02 17:22 B D:\webservice-albrecht\altmuehlsee-portal\public_html\images\icons\symbol07.gif --> altmuehlsee-portal.com /public_html/images/icons symbol07.gif
2012.10.02 17:22 B D:\webservice-albrecht\altmuehlsee-portal\public_html\images\icons\symbol08.gif --> altmuehlsee-portal.com /public_html/images/icons symbol08.gif
2012.10.02 17:22 B D:\webservice-albrecht\altmuehlsee-portal\public_html\images\icons\symbol09.gif --> altmuehlsee-portal.com /public_html/images/icons symbol09.gif
2012.10.02 17:22 B D:\webservice-albrecht\altmuehlsee-portal\public_html\images\icons\symbol10.gif --> altmuehlsee-portal.com /public_html/images/icons symbol10.gif
2012.10.02 17:22 B D:\webservice-albrecht\altmuehlsee-portal\public_html\images\icons\symbol11.gif --> altmuehlsee-portal.com /public_html/images/icons symbol11.gif
2012.10.02 17:22 B D:\webservice-albrecht\altmuehlsee-portal\public_html\images\icons\symbol12.gif --> altmuehlsee-portal.com /public_html/images/icons symbol12.gif
2012.10.02 17:22 B D:\webservice-albrecht\altmuehlsee-portal\public_html\images\icons\symbol13.gif --> altmuehlsee-portal.com /public_html/images/icons symbol13.gif
2012.10.02 17:22 B D:\webservice-albrecht\altmuehlsee-portal\public_html\images\icons\symbol14.gif --> altmuehlsee-portal.com /public_html/images/icons symbol14.gif
2012.10.02 17:22 B D:\webservice-albrecht\altmuehlsee-portal\public_html\images\icons\symbol15.gif --> altmuehlsee-portal.com /public_html/images/icons symbol15.gif
2012.10.02 17:22 B D:\webservice-albrecht\altmuehlsee-portal\public_html\images\icons\symbol16.gif --> altmuehlsee-portal.com /public_html/images/icons symbol16.gif
2012.10.02 17:22 B D:\webservice-albrecht\altmuehlsee-portal\public_html\images\icons\symbol17.gif --> altmuehlsee-portal.com /public_html/images/icons symbol17.gif
2012.10.02 17:22 B D:\webservice-albrecht\altmuehlsee-portal\public_html\images\icons\symbol18.gif --> altmuehlsee-portal.com /public_html/images/icons symbol18.gif
2012.10.02 17:22 B D:\webservice-albrecht\altmuehlsee-portal\public_html\images\icons\symbol19.gif --> altmuehlsee-portal.com /public_html/images/icons symbol19.gif
2012.10.02 17:22 B D:\webservice-albrecht\altmuehlsee-portal\public_html\images\icons\symbol20.gif --> altmuehlsee-portal.com /public_html/images/icons symbol20.gif
2012.10.02 17:22 B D:\webservice-albrecht\altmuehlsee-portal\public_html\images\icons\symbol21.gif --> altmuehlsee-portal.com /public_html/images/icons symbol21.gif
2012.10.02 17:22 B D:\webservice-albrecht\altmuehlsee-portal\public_html\images\icons\weiter.gif --> altmuehlsee-portal.com /public_html/images/icons weiter.gif
2012.11.06 08:07 B D:\webservice-albrecht\altmuehlsee\public_html\images\icons\WS_FTP.LOG <-- altmuehlsee-portal.com /public_html/images/icons WS_FTP.LOG
2012.11.06 08:17 B D:\webservice-albrecht\altmuehlsee\public_html\images\icons\.htaccess --> altmuehlsee.com /public_html/images/icons .htaccess
2012.11.06 08:17 B D:\webservice-albrecht\altmuehlsee\public_html\images\icons\back.gif --> altmuehlsee.com /public_html/images/icons back.gif
2012.11.06 08:17 B D:\webservice-albrecht\altmuehlsee\public_html\images\icons\button_rooms.gif --> altmuehlsee.com /public_html/images/icons button_rooms.gif
2012.11.06 08:17 B D:\webservice-albrecht\altmuehlsee\public_html\images\icons\button_tools.gif --> altmuehlsee.com /public_html/images/icons button_tools.gif
2012.11.06 08:17 B D:\webservice-albrecht\altmuehlsee\public_html\images\icons\stern.gif --> altmuehlsee.com /public_html/images/icons stern.gif
2012.11.06 08:17 B D:\webservice-albrecht\altmuehlsee\public_html\images\icons\symbol01.gif --> altmuehlsee.com /public_html/images/icons symbol01.gif
2012.11.06 08:17 B D:\webservice-albrecht\altmuehlsee\public_html\images\icons\symbol02.gif --> altmuehlsee.com /public_html/images/icons symbol02.gif
2012.11.06 08:17 B D:\webservice-albrecht\altmuehlsee\public_html\images\icons\symbol03.gif --> altmuehlsee.com /public_html/images/icons symbol03.gif
2012.11.06 08:17 B D:\webservice-albrecht\altmuehlsee\public_html\images\icons\symbol04.gif --> altmuehlsee.com /public_html/images/icons symbol04.gif
2012.11.06 08:17 B D:\webservice-albrecht\altmuehlsee\public_html\images\icons\symbol05.gif --> altmuehlsee.com /public_html/images/icons symbol05.gif
2012.11.06 08:17 B D:\webservice-albrecht\altmuehlsee\public_html\images\icons\symbol06.gif --> altmuehlsee.com /public_html/images/icons symbol06.gif
2012.11.06 08:17 B D:\webservice-albrecht\altmuehlsee\public_html\images\icons\symbol07.gif --> altmuehlsee.com /public_html/images/icons symbol07.gif
2012.11.06 08:17 B D:\webservice-albrecht\altmuehlsee\public_html\images\icons\symbol08.gif --> altmuehlsee.com /public_html/images/icons symbol08.gif
2012.11.06 08:17 B D:\webservice-albrecht\altmuehlsee\public_html\images\icons\symbol09.gif --> altmuehlsee.com /public_html/images/icons symbol09.gif
2012.11.06 08:17 B D:\webservice-albrecht\altmuehlsee\public_html\images\icons\symbol10.gif --> altmuehlsee.com /public_html/images/icons symbol10.gif
2012.11.06 08:17 B D:\webservice-albrecht\altmuehlsee\public_html\images\icons\symbol11.gif --> altmuehlsee.com /public_html/images/icons symbol11.gif
2012.11.06 08:17 B D:\webservice-albrecht\altmuehlsee\public_html\images\icons\symbol12.gif --> altmuehlsee.com /public_html/images/icons symbol12.gif
2012.11.06 08:17 B D:\webservice-albrecht\altmuehlsee\public_html\images\icons\symbol13.gif --> altmuehlsee.com /public_html/images/icons symbol13.gif
2012.11.06 08:17 B D:\webservice-albrecht\altmuehlsee\public_html\images\icons\symbol14.gif --> altmuehlsee.com /public_html/images/icons symbol14.gif
2012.11.06 08:17 B D:\webservice-albrecht\altmuehlsee\public_html\images\icons\symbol15.gif --> altmuehlsee.com /public_html/images/icons symbol15.gif
2012.11.06 08:17 B D:\webservice-albrecht\altmuehlsee\public_html\images\icons\symbol16.gif --> altmuehlsee.com /public_html/images/icons symbol16.gif
2012.11.06 08:17 B D:\webservice-albrecht\altmuehlsee\public_html\images\icons\symbol17.gif --> altmuehlsee.com /public_html/images/icons symbol17.gif
2012.11.06 08:17 B D:\webservice-albrecht\altmuehlsee\public_html\images\icons\symbol18.gif --> altmuehlsee.com /public_html/images/icons symbol18.gif
2012.11.06 08:17 B D:\webservice-albrecht\altmuehlsee\public_html\images\icons\symbol19.gif --> altmuehlsee.com /public_html/images/icons symbol19.gif
2012.11.06 08:17 B D:\webservice-albrecht\altmuehlsee\public_html\images\icons\symbol20.gif --> altmuehlsee.com /public_html/images/icons symbol20.gif
2012.11.06 08:17 B D:\webservice-albrecht\altmuehlsee\public_html\images\icons\symbol21.gif --> altmuehlsee.com /public_html/images/icons symbol21.gif
2012.11.06 08:17 B D:\webservice-albrecht\altmuehlsee\public_html\images\icons\weiter.gif --> altmuehlsee.com /public_html/images/icons weiter.gif
